TpTrace Verbose: 0 : 19476, 1, 2023/12/04, 02:29:17.918, 2580336636244, vstest.console.dll, Version: 17.8.0-release-23523-03 Current process architecture: X64
TpTrace Verbose: 0 : 19476, 1, 2023/12/04, 02:29:17.921, 2580336667148, vstest.console.dll, Runtime location: C:\Program Files\dotnet\shared\Microsoft.NETCore.App\8.0.0
TpTrace Verbose: 0 : 19476, 1, 2023/12/04, 02:29:17.925, 2580336706347, vstest.console.dll, ArtifactProcessingPostProcessModeProcessorExecutor.Initialize: ArtifactProcessingMode.Collect
TpTrace Verbose: 0 : 19476, 1, 2023/12/04, 02:29:17.925, 2580336707642, vstest.console.dll, TestSessionCorrelationIdProcessorModeProcessorExecutor.Initialize: TestSessionCorrelationId '360_bc1d27a3-2789-4cd8-a10e-551288cba02d'
TpTrace Information: 0 : 19476, 1, 2023/12/04, 02:29:17.932, 2580336777254, vstest.console.dll, FilePatternParser: The given file C:\Users\rui_n\source\repos\TaskManagerFinal\task-manager-1123\server\API\TaskManager.Api.Tests\bin\Debug\net7.0\fine-code-coverage\build-output\TaskManager.Api.Tests.dll is a full path.
TpTrace Verbose: 0 : 19476, 1, 2023/12/04, 02:29:17.943, 2580336889168, vstest.console.dll, TestPluginCache.DiscoverTestExtensions: finding test extensions in assemblies ends with: RuntimeProvider.dll TPluginInfo: Microsoft.VisualStudio.TestPlatform.Common.ExtensionFramework.Utilities.TestRuntimePluginInformation TExtension: Microsoft.VisualStudio.TestPlatform.ObjectModel.Host.ITestRuntimeProvider
TpTrace Verbose: 0 : 19476, 1, 2023/12/04, 02:29:17.944, 2580336892507, vstest.console.dll, TestPluginCache.GetExtensionPaths: Filtered extension paths: 
TpTrace Verbose: 0 : 19476, 1, 2023/12/04, 02:29:17.944, 2580336893273, vstest.console.dll, TestPluginCache.GetExtensionPaths: Added default extension paths: C:\Program Files\dotnet\sdk\8.0.100\Extensions\Microsoft.Diagnostics.NETCore.Client.dll
C:\Program Files\dotnet\sdk\8.0.100\Extensions\Microsoft.TestPlatform.Extensions.BlameDataCollector.dll
C:\Program Files\dotnet\sdk\8.0.100\Extensions\Microsoft.TestPlatform.Extensions.EventLogCollector.dll
C:\Program Files\dotnet\sdk\8.0.100\Extensions\Microsoft.TestPlatform.TestHostRuntimeProvider.dll
C:\Program Files\dotnet\sdk\8.0.100\Extensions\Microsoft.VisualStudio.TestPlatform.Extensions.Html.TestLogger.dll
C:\Program Files\dotnet\sdk\8.0.100\Extensions\Microsoft.VisualStudio.TestPlatform.Extensions.Trx.TestLogger.dll
TpTrace Verbose: 0 : 19476, 1, 2023/12/04, 02:29:17.944, 2580336893510, vstest.console.dll, TestPluginCache.GetExtensionPaths: Added unfilterableExtensionPaths: 
TpTrace Information: 0 : 19476, 1, 2023/12/04, 02:29:17.944, 2580336900902, vstest.console.dll, AssemblyResolver.ctor: Creating AssemblyResolver with searchDirectories C:\Program Files\dotnet\sdk\8.0.100\Extensions,C:\Program Files\dotnet\sdk\8.0.100
TpTrace Verbose: 0 : 19476, 1, 2023/12/04, 02:29:17.947, 2580336929625, vstest.console.dll, TestPluginCache.DiscoverTestExtensions: Discovering the extensions using extension path.
TpTrace Verbose: 0 : 19476, 1, 2023/12/04, 02:29:17.947, 2580336931184, vstest.console.dll, TestPluginCache.GetExtensionPaths: Filtered extension paths: 
TpTrace Verbose: 0 : 19476, 1, 2023/12/04, 02:29:17.947, 2580336931430, vstest.console.dll, TestPluginCache.GetExtensionPaths: Added default extension paths: C:\Program Files\dotnet\sdk\8.0.100\Extensions\Microsoft.Diagnostics.NETCore.Client.dll
C:\Program Files\dotnet\sdk\8.0.100\Extensions\Microsoft.TestPlatform.Extensions.BlameDataCollector.dll
C:\Program Files\dotnet\sdk\8.0.100\Extensions\Microsoft.TestPlatform.Extensions.EventLogCollector.dll
C:\Program Files\dotnet\sdk\8.0.100\Extensions\Microsoft.TestPlatform.TestHostRuntimeProvider.dll
C:\Program Files\dotnet\sdk\8.0.100\Extensions\Microsoft.VisualStudio.TestPlatform.Extensions.Html.TestLogger.dll
C:\Program Files\dotnet\sdk\8.0.100\Extensions\Microsoft.VisualStudio.TestPlatform.Extensions.Trx.TestLogger.dll
TpTrace Verbose: 0 : 19476, 1, 2023/12/04, 02:29:17.948, 2580336931659, vstest.console.dll, TestPluginCache.GetExtensionPaths: Added unfilterableExtensionPaths: 
TpTrace Verbose: 0 : 19476, 1, 2023/12/04, 02:29:17.948, 2580336932692, vstest.console.dll, TestPluginCache.DiscoverTestExtensions: Discovering the extensions using allExtensionPaths: C:\Program Files\dotnet\sdk\8.0.100\Extensions\Microsoft.Diagnostics.NETCore.Client.dll
C:\Program Files\dotnet\sdk\8.0.100\Extensions\Microsoft.TestPlatform.Extensions.BlameDataCollector.dll
C:\Program Files\dotnet\sdk\8.0.100\Extensions\Microsoft.TestPlatform.Extensions.EventLogCollector.dll
C:\Program Files\dotnet\sdk\8.0.100\Extensions\Microsoft.TestPlatform.TestHostRuntimeProvider.dll
C:\Program Files\dotnet\sdk\8.0.100\Extensions\Microsoft.VisualStudio.TestPlatform.Extensions.Html.TestLogger.dll
C:\Program Files\dotnet\sdk\8.0.100\Extensions\Microsoft.VisualStudio.TestPlatform.Extensions.Trx.TestLogger.dll
TpTrace Information: 0 : 19476, 1, 2023/12/04, 02:29:17.948, 2580336933550, vstest.console.dll, AssemblyResolver.AddSearchDirectories: Adding more searchDirectories C:\Program Files\dotnet\sdk\8.0.100\Extensions,C:\Program Files\dotnet\sdk\8.0.100
TpTrace Information: 0 : 19476, 1, 2023/12/04, 02:29:17.948, 2580336933907, vstest.console.dll, AssemblyResolver.AddSearchDirectories: Adding more searchDirectories C:\Program Files\dotnet\sdk\8.0.100\Extensions,C:\Program Files\dotnet\sdk\8.0.100
TpTrace Information: 0 : 19476, 1, 2023/12/04, 02:29:17.948, 2580336934095, vstest.console.dll, AssemblyResolver.AddSearchDirectories: Adding more searchDirectories C:\Program Files\dotnet\sdk\8.0.100\Extensions,C:\Program Files\dotnet\sdk\8.0.100
TpTrace Information: 0 : 19476, 1, 2023/12/04, 02:29:17.948, 2580336934296, vstest.console.dll, AssemblyResolver.AddSearchDirectories: Adding more searchDirectories C:\Program Files\dotnet\sdk\8.0.100\Extensions,C:\Program Files\dotnet\sdk\8.0.100
TpTrace Information: 0 : 19476, 1, 2023/12/04, 02:29:17.948, 2580336934467, vstest.console.dll, AssemblyResolver.AddSearchDirectories: Adding more searchDirectories C:\Program Files\dotnet\sdk\8.0.100\Extensions,C:\Program Files\dotnet\sdk\8.0.100
TpTrace Information: 0 : 19476, 1, 2023/12/04, 02:29:17.948, 2580336934633, vstest.console.dll, AssemblyResolver.AddSearchDirectories: Adding more searchDirectories C:\Program Files\dotnet\sdk\8.0.100\Extensions,C:\Program Files\dotnet\sdk\8.0.100
TpTrace Information: 0 : 19476, 1, 2023/12/04, 02:29:17.948, 2580336941315, vstest.console.dll, AssemblyResolver.OnResolve: Microsoft.Diagnostics.NETCore.Client: Resolving assembly.
TpTrace Information: 0 : 19476, 1, 2023/12/04, 02:29:17.949, 2580336942540, vstest.console.dll, AssemblyResolver.OnResolve: Microsoft.Diagnostics.NETCore.Client: Searching in: 'C:\Program Files\dotnet\sdk\8.0.100\Extensions'.
TpTrace Information: 0 : 19476, 1, 2023/12/04, 02:29:17.965, 2580337103780, vstest.console.dll, AssemblyResolver.OnResolve: Microsoft.Diagnostics.NETCore.Client: Loading assembly 'C:\Program Files\dotnet\sdk\8.0.100\Extensions\Microsoft.Diagnostics.NETCore.Client.dll'.
TpTrace Information: 0 : 19476, 1, 2023/12/04, 02:29:17.967, 2580337128093, vstest.console.dll, AssemblyResolver.OnResolve: Resolved assembly: Microsoft.Diagnostics.NETCore.Client, from path: C:\Program Files\dotnet\sdk\8.0.100\Extensions\Microsoft.Diagnostics.NETCore.Client.dll
TpTrace Verbose: 0 : 19476, 1, 2023/12/04, 02:29:17.972, 2580337175338, vstest.console.dll, MetadataReaderExtensionsHelper: Discovering extensions inside assembly 'Microsoft.Diagnostics.NETCore.Client, Version=0.2.8.21101, Culture=neutral, PublicKeyToken=31bf3856ad364e35' file path 'C:\Program Files\dotnet\sdk\8.0.100\Extensions\Microsoft.Diagnostics.NETCore.Client.dll'
TpTrace Information: 0 : 19476, 1, 2023/12/04, 02:29:17.977, 2580337222871, vstest.console.dll, AssemblyResolver.OnResolve: Microsoft.Bcl.AsyncInterfaces: Resolving assembly.
TpTrace Information: 0 : 19476, 1, 2023/12/04, 02:29:17.977, 2580337224018, vstest.console.dll, AssemblyResolver.OnResolve: Microsoft.Bcl.AsyncInterfaces: Searching in: 'C:\Program Files\dotnet\sdk\8.0.100\Extensions'.
TpTrace Information: 0 : 19476, 1, 2023/12/04, 02:29:17.977, 2580337224831, vstest.console.dll, AssemblyResolver.OnResolve: Microsoft.Bcl.AsyncInterfaces: Assembly path does not exist: 'C:\Program Files\dotnet\sdk\8.0.100\Extensions\Microsoft.Bcl.AsyncInterfaces.dll', returning.
TpTrace Information: 0 : 19476, 1, 2023/12/04, 02:29:17.977, 2580337225633, vstest.console.dll, AssemblyResolver.OnResolve: Microsoft.Bcl.AsyncInterfaces: Assembly path does not exist: 'C:\Program Files\dotnet\sdk\8.0.100\Extensions\Microsoft.Bcl.AsyncInterfaces.exe', returning.
TpTrace Information: 0 : 19476, 1, 2023/12/04, 02:29:17.977, 2580337225904, vstest.console.dll, AssemblyResolver.OnResolve: Microsoft.Bcl.AsyncInterfaces: Searching in: 'C:\Program Files\dotnet\sdk\8.0.100'.
TpTrace Information: 0 : 19476, 1, 2023/12/04, 02:29:17.977, 2580337226300, vstest.console.dll, AssemblyResolver.OnResolve: Microsoft.Bcl.AsyncInterfaces: Assembly path does not exist: 'C:\Program Files\dotnet\sdk\8.0.100\Microsoft.Bcl.AsyncInterfaces.dll', returning.
TpTrace Information: 0 : 19476, 1, 2023/12/04, 02:29:17.977, 2580337226775, vstest.console.dll, AssemblyResolver.OnResolve: Microsoft.Bcl.AsyncInterfaces: Assembly path does not exist: 'C:\Program Files\dotnet\sdk\8.0.100\Microsoft.Bcl.AsyncInterfaces.exe', returning.
TpTrace Information: 0 : 19476, 1, 2023/12/04, 02:29:17.977, 2580337226965, vstest.console.dll, AssemblyResolver.OnResolve: Microsoft.Bcl.AsyncInterfaces: Failed to load assembly.
TpTrace Verbose: 0 : 19476, 1, 2023/12/04, 02:29:17.977, 2580337227238, vstest.console.dll, CurrentDomainAssemblyResolve: Resolving assembly 'Microsoft.Bcl.AsyncInterfaces'.
TpTrace Information: 0 : 19476, 1, 2023/12/04, 02:29:17.977, 2580337227782, vstest.console.dll, AssemblyResolver.OnResolve: Microsoft.Bcl.AsyncInterfaces: Resolving assembly.
TpTrace Information: 0 : 19476, 1, 2023/12/04, 02:29:17.977, 2580337228070, vstest.console.dll, AssemblyResolver.OnResolve: Microsoft.Bcl.AsyncInterfaces: Resolved from cache.
TpTrace Verbose: 0 : 19476, 1, 2023/12/04, 02:29:17.977, 2580337228264, vstest.console.dll, CurrentDomainAssemblyResolve: Resolving assembly 'Microsoft.Bcl.AsyncInterfaces'.
TpTrace Verbose: 0 : 19476, 1, 2023/12/04, 02:29:17.977, 2580337228490, vstest.console.dll, CurrentDomainAssemblyResolve: Failed to resolve assembly 'Microsoft.Bcl.AsyncInterfaces'.
TpTrace Verbose: 0 : 19476, 1, 2023/12/04, 02:29:17.981, 2580337265179, vstest.console.dll, CurrentDomainAssemblyResolve: Failed to resolve assembly 'Microsoft.Bcl.AsyncInterfaces'.
TpTrace Warning: 0 : 19476, 1, 2023/12/04, 02:29:17.999, 2580337442457, vstest.console.dll, TestPluginDiscoverer: Failed to get types from assembly 'Microsoft.Diagnostics.NETCore.Client, Version=0.2.8.21101, Culture=neutral, PublicKeyToken=31bf3856ad364e35'. Error: System.Reflection.ReflectionTypeLoadException: Unable to load one or more of the requested types.
Could not load file or assembly 'Microsoft.Bcl.AsyncInterfaces, Version=1.0.0.0, Culture=neutral, PublicKeyToken=cc7b13ffcd2ddd51'. O sistema não conseguiu localizar o ficheiro especificado.
   at System.Reflection.RuntimeModule.GetTypes(RuntimeModule module)
   at System.Reflection.RuntimeModule.GetTypes()
   at Microsoft.VisualStudio.TestPlatform.Common.ExtensionFramework.TestPluginDiscoverer.GetTestExtensionsFromAssembly[TPluginInfo,TExtension](Assembly assembly, Dictionary`2 pluginInfos, String filePath) in /_/src/Microsoft.TestPlatform.Common/ExtensionFramework/TestPluginDiscoverer.cs:line 158
System.IO.FileNotFoundException: Could not load file or assembly 'Microsoft.Bcl.AsyncInterfaces, Version=1.0.0.0, Culture=neutral, PublicKeyToken=cc7b13ffcd2ddd51'. O sistema não conseguiu localizar o ficheiro especificado.
File name: 'Microsoft.Bcl.AsyncInterfaces, Version=1.0.0.0, Culture=neutral, PublicKeyToken=cc7b13ffcd2ddd51'
 ---> System.IO.FileNotFoundException: Could not load file or assembly 'Microsoft.Bcl.AsyncInterfaces, Culture=neutral, PublicKeyToken=null'. O sistema não conseguiu localizar o ficheiro especificado.
File name: 'Microsoft.Bcl.AsyncInterfaces, Culture=neutral, PublicKeyToken=null'
   at System.Reflection.RuntimeAssembly.InternalLoad(AssemblyName assemblyName, StackCrawlMark& stackMark, AssemblyLoadContext assemblyLoadContext, RuntimeAssembly requestingAssembly, Boolean throwOnFileNotFound)
   at System.Reflection.Assembly.Load(AssemblyName assemblyRef)
   at Microsoft.VisualStudio.TestPlatform.Common.ExtensionFramework.TestPluginCache.CurrentDomainAssemblyResolve(Object sender, AssemblyResolveEventArgs args) in /_/src/Microsoft.TestPlatform.Common/ExtensionFramework/TestPluginCache.cs:line 513
   at System.Runtime.Loader.AssemblyLoadContext.GetFirstResolvedAssemblyFromResolvingEvent(AssemblyName assemblyName)
   at System.Runtime.Loader.AssemblyLoadContext.ResolveUsingEvent(AssemblyName assemblyName)
   at System.Runtime.Loader.AssemblyLoadContext.ResolveUsingResolvingEvent(IntPtr gchManagedAssemblyLoadContext, AssemblyName assemblyName)
TpTrace Warning: 0 : 19476, 1, 2023/12/04, 02:29:17.999, 2580337445559, vstest.console.dll, LoaderExceptions: System.IO.FileNotFoundException: Could not load file or assembly 'Microsoft.Bcl.AsyncInterfaces, Version=1.0.0.0, Culture=neutral, PublicKeyToken=cc7b13ffcd2ddd51'. O sistema não conseguiu localizar o ficheiro especificado.
File name: 'Microsoft.Bcl.AsyncInterfaces, Version=1.0.0.0, Culture=neutral, PublicKeyToken=cc7b13ffcd2ddd51'
 ---> System.IO.FileNotFoundException: Could not load file or assembly 'Microsoft.Bcl.AsyncInterfaces, Culture=neutral, PublicKeyToken=null'. O sistema não conseguiu localizar o ficheiro especificado.
File name: 'Microsoft.Bcl.AsyncInterfaces, Culture=neutral, PublicKeyToken=null'
   at System.Reflection.RuntimeAssembly.InternalLoad(AssemblyName assemblyName, StackCrawlMark& stackMark, AssemblyLoadContext assemblyLoadContext, RuntimeAssembly requestingAssembly, Boolean throwOnFileNotFound)
   at System.Reflection.Assembly.Load(AssemblyName assemblyRef)
   at Microsoft.VisualStudio.TestPlatform.Common.ExtensionFramework.TestPluginCache.CurrentDomainAssemblyResolve(Object sender, AssemblyResolveEventArgs args) in /_/src/Microsoft.TestPlatform.Common/ExtensionFramework/TestPluginCache.cs:line 513
   at System.Runtime.Loader.AssemblyLoadContext.GetFirstResolvedAssemblyFromResolvingEvent(AssemblyName assemblyName)
   at System.Runtime.Loader.AssemblyLoadContext.ResolveUsingEvent(AssemblyName assemblyName)
   at System.Runtime.Loader.AssemblyLoadContext.ResolveUsingResolvingEvent(IntPtr gchManagedAssemblyLoadContext, AssemblyName assemblyName)
TpTrace Information: 0 : 19476, 1, 2023/12/04, 02:29:17.999, 2580337446685, vstest.console.dll, AssemblyResolver.OnResolve: Microsoft.TestPlatform.Extensions.BlameDataCollector: Resolving assembly.
TpTrace Information: 0 : 19476, 1, 2023/12/04, 02:29:17.999, 2580337447050, vstest.console.dll, AssemblyResolver.OnResolve: Microsoft.TestPlatform.Extensions.BlameDataCollector: Searching in: 'C:\Program Files\dotnet\sdk\8.0.100\Extensions'.
TpTrace Information: 0 : 19476, 1, 2023/12/04, 02:29:18.000, 2580337461311, vstest.console.dll, AssemblyResolver.OnResolve: Microsoft.TestPlatform.Extensions.BlameDataCollector: Loading assembly 'C:\Program Files\dotnet\sdk\8.0.100\Extensions\Microsoft.TestPlatform.Extensions.BlameDataCollector.dll'.
TpTrace Information: 0 : 19476, 1, 2023/12/04, 02:29:18.002, 2580337477509, vstest.console.dll, AssemblyResolver.OnResolve: Resolved assembly: Microsoft.TestPlatform.Extensions.BlameDataCollector, from path: C:\Program Files\dotnet\sdk\8.0.100\Extensions\Microsoft.TestPlatform.Extensions.BlameDataCollector.dll
TpTrace Verbose: 0 : 19476, 1, 2023/12/04, 02:29:18.002, 2580337479066, vstest.console.dll, MetadataReaderExtensionsHelper: Discovering extensions inside assembly 'Microsoft.TestPlatform.Extensions.BlameDataCollector, Version=15.0.0.0, Culture=neutral, PublicKeyToken=b03f5f7f11d50a3a' file path 'C:\Program Files\dotnet\sdk\8.0.100\Extensions\Microsoft.TestPlatform.Extensions.BlameDataCollector.dll'
TpTrace Information: 0 : 19476, 1, 2023/12/04, 02:29:18.004, 2580337498498, vstest.console.dll, AssemblyResolver.OnResolve: Microsoft.TestPlatform.Extensions.EventLogCollector: Resolving assembly.
TpTrace Information: 0 : 19476, 1, 2023/12/04, 02:29:18.004, 2580337499948, vstest.console.dll, AssemblyResolver.OnResolve: Microsoft.TestPlatform.Extensions.EventLogCollector: Searching in: 'C:\Program Files\dotnet\sdk\8.0.100\Extensions'.
TpTrace Information: 0 : 19476, 1, 2023/12/04, 02:29:18.005, 2580337511140, vstest.console.dll, AssemblyResolver.OnResolve: Microsoft.TestPlatform.Extensions.EventLogCollector: Loading assembly 'C:\Program Files\dotnet\sdk\8.0.100\Extensions\Microsoft.TestPlatform.Extensions.EventLogCollector.dll'.
TpTrace Information: 0 : 19476, 1, 2023/12/04, 02:29:18.006, 2580337521276, vstest.console.dll, AssemblyResolver.OnResolve: Resolved assembly: Microsoft.TestPlatform.Extensions.EventLogCollector, from path: C:\Program Files\dotnet\sdk\8.0.100\Extensions\Microsoft.TestPlatform.Extensions.EventLogCollector.dll
TpTrace Verbose: 0 : 19476, 1, 2023/12/04, 02:29:18.007, 2580337522226, vstest.console.dll, MetadataReaderExtensionsHelper: Discovering extensions inside assembly 'Microsoft.TestPlatform.Extensions.EventLogCollector, Version=15.0.0.0, Culture=neutral, PublicKeyToken=b03f5f7f11d50a3a' file path 'C:\Program Files\dotnet\sdk\8.0.100\Extensions\Microsoft.TestPlatform.Extensions.EventLogCollector.dll'
TpTrace Information: 0 : 19476, 1, 2023/12/04, 02:29:18.010, 2580337560912, vstest.console.dll, AssemblyResolver.OnResolve: Microsoft.TestPlatform.TestHostRuntimeProvider: Resolving assembly.
TpTrace Information: 0 : 19476, 1, 2023/12/04, 02:29:18.011, 2580337561907, vstest.console.dll, AssemblyResolver.OnResolve: Microsoft.TestPlatform.TestHostRuntimeProvider: Searching in: 'C:\Program Files\dotnet\sdk\8.0.100\Extensions'.
TpTrace Information: 0 : 19476, 1, 2023/12/04, 02:29:18.012, 2580337574255, vstest.console.dll, AssemblyResolver.OnResolve: Microsoft.TestPlatform.TestHostRuntimeProvider: Loading assembly 'C:\Program Files\dotnet\sdk\8.0.100\Extensions\Microsoft.TestPlatform.TestHostRuntimeProvider.dll'.
TpTrace Information: 0 : 19476, 1, 2023/12/04, 02:29:18.013, 2580337585272, vstest.console.dll, AssemblyResolver.OnResolve: Resolved assembly: Microsoft.TestPlatform.TestHostRuntimeProvider, from path: C:\Program Files\dotnet\sdk\8.0.100\Extensions\Microsoft.TestPlatform.TestHostRuntimeProvider.dll
TpTrace Verbose: 0 : 19476, 1, 2023/12/04, 02:29:18.013, 2580337586369, vstest.console.dll, MetadataReaderExtensionsHelper: Discovering extensions inside assembly 'Microsoft.TestPlatform.TestHostRuntimeProvider, Version=15.0.0.0, Culture=neutral, PublicKeyToken=b03f5f7f11d50a3a' file path 'C:\Program Files\dotnet\sdk\8.0.100\Extensions\Microsoft.TestPlatform.TestHostRuntimeProvider.dll'
TpTrace Information: 0 : 19476, 1, 2023/12/04, 02:29:18.015, 2580337609831, vstest.console.dll, GetTestExtensionFromType: Register extension with identifier data 'HostProvider://DefaultTestHost' and type 'Microsoft.VisualStudio.TestPlatform.CrossPlatEngine.Hosting.DefaultTestHostManager, Microsoft.TestPlatform.TestHostRuntimeProvider, Version=15.0.0.0, Culture=neutral, PublicKeyToken=b03f5f7f11d50a3a' inside file 'C:\Program Files\dotnet\sdk\8.0.100\Extensions\Microsoft.TestPlatform.TestHostRuntimeProvider.dll'
TpTrace Information: 0 : 19476, 1, 2023/12/04, 02:29:18.016, 2580337613857, vstest.console.dll, GetTestExtensionFromType: Register extension with identifier data 'HostProvider://DotnetTestHost' and type 'Microsoft.VisualStudio.TestPlatform.CrossPlatEngine.Hosting.DotnetTestHostManager, Microsoft.TestPlatform.TestHostRuntimeProvider, Version=15.0.0.0, Culture=neutral, PublicKeyToken=b03f5f7f11d50a3a' inside file 'C:\Program Files\dotnet\sdk\8.0.100\Extensions\Microsoft.TestPlatform.TestHostRuntimeProvider.dll'
TpTrace Information: 0 : 19476, 1, 2023/12/04, 02:29:18.016, 2580337615499, vstest.console.dll, AssemblyResolver.OnResolve: Microsoft.VisualStudio.TestPlatform.Extensions.Html.TestLogger: Resolving assembly.
TpTrace Information: 0 : 19476, 1, 2023/12/04, 02:29:18.016, 2580337616005, vstest.console.dll, AssemblyResolver.OnResolve: Microsoft.VisualStudio.TestPlatform.Extensions.Html.TestLogger: Searching in: 'C:\Program Files\dotnet\sdk\8.0.100\Extensions'.
TpTrace Information: 0 : 19476, 1, 2023/12/04, 02:29:18.017, 2580337630674, vstest.console.dll, AssemblyResolver.OnResolve: Microsoft.VisualStudio.TestPlatform.Extensions.Html.TestLogger: Loading assembly 'C:\Program Files\dotnet\sdk\8.0.100\Extensions\Microsoft.VisualStudio.TestPlatform.Extensions.Html.TestLogger.dll'.
TpTrace Information: 0 : 19476, 1, 2023/12/04, 02:29:18.018, 2580337640353, vstest.console.dll, AssemblyResolver.OnResolve: Resolved assembly: Microsoft.VisualStudio.TestPlatform.Extensions.Html.TestLogger, from path: C:\Program Files\dotnet\sdk\8.0.100\Extensions\Microsoft.VisualStudio.TestPlatform.Extensions.Html.TestLogger.dll
TpTrace Verbose: 0 : 19476, 1, 2023/12/04, 02:29:18.019, 2580337641581, vstest.console.dll, MetadataReaderExtensionsHelper: Discovering extensions inside assembly 'Microsoft.VisualStudio.TestPlatform.Extensions.Html.TestLogger, Version=15.0.0.0, Culture=neutral, PublicKeyToken=b03f5f7f11d50a3a' file path 'C:\Program Files\dotnet\sdk\8.0.100\Extensions\Microsoft.VisualStudio.TestPlatform.Extensions.Html.TestLogger.dll'
TpTrace Information: 0 : 19476, 1, 2023/12/04, 02:29:18.020, 2580337656006, vstest.console.dll, AssemblyResolver.OnResolve: Microsoft.VisualStudio.TestPlatform.Extensions.Trx.TestLogger: Resolving assembly.
TpTrace Information: 0 : 19476, 1, 2023/12/04, 02:29:18.020, 2580337657483, vstest.console.dll, AssemblyResolver.OnResolve: Microsoft.VisualStudio.TestPlatform.Extensions.Trx.TestLogger: Searching in: 'C:\Program Files\dotnet\sdk\8.0.100\Extensions'.
TpTrace Information: 0 : 19476, 1, 2023/12/04, 02:29:18.022, 2580337673513, vstest.console.dll, AssemblyResolver.OnResolve: Microsoft.VisualStudio.TestPlatform.Extensions.Trx.TestLogger: Loading assembly 'C:\Program Files\dotnet\sdk\8.0.100\Extensions\Microsoft.VisualStudio.TestPlatform.Extensions.Trx.TestLogger.dll'.
TpTrace Information: 0 : 19476, 1, 2023/12/04, 02:29:18.023, 2580337691020, vstest.console.dll, AssemblyResolver.OnResolve: Resolved assembly: Microsoft.VisualStudio.TestPlatform.Extensions.Trx.TestLogger, from path: C:\Program Files\dotnet\sdk\8.0.100\Extensions\Microsoft.VisualStudio.TestPlatform.Extensions.Trx.TestLogger.dll
TpTrace Verbose: 0 : 19476, 1, 2023/12/04, 02:29:18.024, 2580337692458, vstest.console.dll, MetadataReaderExtensionsHelper: Discovering extensions inside assembly 'Microsoft.VisualStudio.TestPlatform.Extensions.Trx.TestLogger, Version=15.0.0.0, Culture=neutral, PublicKeyToken=b03f5f7f11d50a3a' file path 'C:\Program Files\dotnet\sdk\8.0.100\Extensions\Microsoft.VisualStudio.TestPlatform.Extensions.Trx.TestLogger.dll'
TpTrace Verbose: 0 : 19476, 1, 2023/12/04, 02:29:18.025, 2580337711127, vstest.console.dll, TestPluginCache: Discovered the extensions using extension path ''.
TpTrace Verbose: 0 : 19476, 1, 2023/12/04, 02:29:18.026, 2580337712291, vstest.console.dll, TestPluginCache: Discoverers are ''.
TpTrace Verbose: 0 : 19476, 1, 2023/12/04, 02:29:18.026, 2580337712591, vstest.console.dll, TestPluginCache: Executors are ''.
TpTrace Verbose: 0 : 19476, 1, 2023/12/04, 02:29:18.026, 2580337713090, vstest.console.dll, TestPluginCache: Executors2 are ''.
TpTrace Verbose: 0 : 19476, 1, 2023/12/04, 02:29:18.026, 2580337713310, vstest.console.dll, TestPluginCache: Setting providers are ''.
TpTrace Verbose: 0 : 19476, 1, 2023/12/04, 02:29:18.026, 2580337713453, vstest.console.dll, TestPluginCache: Loggers are ''.
TpTrace Verbose: 0 : 19476, 1, 2023/12/04, 02:29:18.026, 2580337715153, vstest.console.dll, TestPluginCache: TestHosts are 'HostProvider://DefaultTestHost,HostProvider://DotnetTestHost'.
TpTrace Verbose: 0 : 19476, 1, 2023/12/04, 02:29:18.026, 2580337715496, vstest.console.dll, TestPluginCache: DataCollectors are ''.
TpTrace Information: 0 : 19476, 1, 2023/12/04, 02:29:18.052, 2580337974973, vstest.console.dll, RunTestsArgumentProcessor:Execute: Test run is starting.
TpTrace Verbose: 0 : 19476, 1, 2023/12/04, 02:29:18.052, 2580337976109, vstest.console.dll, RunTestsArgumentProcessor:Execute: Queuing Test run.
TpTrace Information: 0 : 19476, 1, 2023/12/04, 02:29:18.052, 2580337979209, vstest.console.dll, TestRequestManager.RunTests: run tests started.
TpTrace Information: 0 : 19476, 1, 2023/12/04, 02:29:18.053, 2580337991120, vstest.console.dll, AssemblyMetadataProvider.GetFrameworkName: Determined framework:'.NETCoreApp,Version=v7.0' for source: 'C:\Users\rui_n\source\repos\TaskManagerFinal\task-manager-1123\server\API\TaskManager.Api.Tests\bin\Debug\net7.0\fine-code-coverage\build-output\TaskManager.Api.Tests.dll'
TpTrace Information: 0 : 19476, 1, 2023/12/04, 02:29:18.054, 2580337992666, vstest.console.dll, Determined framework for all sources: .NETCoreApp,Version=v7.0
TpTrace Verbose: 0 : 19476, 1, 2023/12/04, 02:29:18.054, 2580337995177, vstest.console.dll, TestRequestManager.UpdateRunSettingsIfRequired: Default architecture: X64 IsDefaultTargetArchitecture: True, Current process architecture: X64 OperatingSystem: Windows.
TpTrace Information: 0 : 19476, 1, 2023/12/04, 02:29:18.055, 2580338007257, vstest.console.dll, AssemblyMetadataProvider.GetArchitecture: Determined architecture:AnyCPU info for assembly: C:\Users\rui_n\source\repos\TaskManagerFinal\task-manager-1123\server\API\TaskManager.Api.Tests\bin\Debug\net7.0\fine-code-coverage\build-output\TaskManager.Api.Tests.dll
TpTrace Information: 0 : 19476, 1, 2023/12/04, 02:29:18.055, 2580338007915, vstest.console.dll, Determined platform for source 'C:\Users\rui_n\source\repos\TaskManagerFinal\task-manager-1123\server\API\TaskManager.Api.Tests\bin\Debug\net7.0\fine-code-coverage\build-output\TaskManager.Api.Tests.dll' was AnyCPU and it will use the default plaform X64.
TpTrace Information: 0 : 19476, 1, 2023/12/04, 02:29:18.055, 2580338008090, vstest.console.dll, None of the sources provided any runnable platform, using the default platform: X64
TpTrace Information: 0 : 19476, 1, 2023/12/04, 02:29:18.055, 2580338008893, vstest.console.dll, Platform was updated to 'X64'.
TpTrace Information: 0 : 19476, 1, 2023/12/04, 02:29:18.060, 2580338056427, vstest.console.dll, InferRunSettingsHelper.IsTestSettingsEnabled: Unable to navigate to RunSettings/MSTest. Current node: RunSettings
TpTrace Information: 0 : 19476, 1, 2023/12/04, 02:29:18.061, 2580338062046, vstest.console.dll, AssemblyResolver.OnResolve: Microsoft.VisualStudio.TestPlatform.Fakes: Resolving assembly.
TpTrace Information: 0 : 19476, 1, 2023/12/04, 02:29:18.061, 2580338062903, vstest.console.dll, AssemblyResolver.OnResolve: Microsoft.VisualStudio.TestPlatform.Fakes: Searching in: 'C:\Program Files\dotnet\sdk\8.0.100\Extensions'.
TpTrace Information: 0 : 19476, 1, 2023/12/04, 02:29:18.061, 2580338063834, vstest.console.dll, AssemblyResolver.OnResolve: Microsoft.VisualStudio.TestPlatform.Fakes: Assembly path does not exist: 'C:\Program Files\dotnet\sdk\8.0.100\Extensions\Microsoft.VisualStudio.TestPlatform.Fakes.dll', returning.
TpTrace Information: 0 : 19476, 1, 2023/12/04, 02:29:18.061, 2580338064256, vstest.console.dll, AssemblyResolver.OnResolve: Microsoft.VisualStudio.TestPlatform.Fakes: Assembly path does not exist: 'C:\Program Files\dotnet\sdk\8.0.100\Extensions\Microsoft.VisualStudio.TestPlatform.Fakes.exe', returning.
TpTrace Information: 0 : 19476, 1, 2023/12/04, 02:29:18.061, 2580338064506, vstest.console.dll, AssemblyResolver.OnResolve: Microsoft.VisualStudio.TestPlatform.Fakes: Searching in: 'C:\Program Files\dotnet\sdk\8.0.100'.
TpTrace Information: 0 : 19476, 1, 2023/12/04, 02:29:18.061, 2580338064976, vstest.console.dll, AssemblyResolver.OnResolve: Microsoft.VisualStudio.TestPlatform.Fakes: Assembly path does not exist: 'C:\Program Files\dotnet\sdk\8.0.100\Microsoft.VisualStudio.TestPlatform.Fakes.dll', returning.
TpTrace Information: 0 : 19476, 1, 2023/12/04, 02:29:18.061, 2580338065560, vstest.console.dll, AssemblyResolver.OnResolve: Microsoft.VisualStudio.TestPlatform.Fakes: Assembly path does not exist: 'C:\Program Files\dotnet\sdk\8.0.100\Microsoft.VisualStudio.TestPlatform.Fakes.exe', returning.
TpTrace Information: 0 : 19476, 1, 2023/12/04, 02:29:18.061, 2580338065770, vstest.console.dll, AssemblyResolver.OnResolve: Microsoft.VisualStudio.TestPlatform.Fakes: Failed to load assembly.
TpTrace Information: 0 : 19476, 1, 2023/12/04, 02:29:18.061, 2580338068031, vstest.console.dll, Failed to load assembly Microsoft.VisualStudio.TestPlatform.Fakes, Version=17.0.0.0, Culture=neutral. Reason:System.IO.FileNotFoundException: Could not load file or assembly 'Microsoft.VisualStudio.TestPlatform.Fakes, Version=17.0.0.0, Culture=neutral, PublicKeyToken=null'. O sistema não conseguiu localizar o ficheiro especificado.
File name: 'Microsoft.VisualStudio.TestPlatform.Fakes, Version=17.0.0.0, Culture=neutral, PublicKeyToken=null'
   at System.Reflection.RuntimeAssembly.InternalLoad(AssemblyName assemblyName, StackCrawlMark& stackMark, AssemblyLoadContext assemblyLoadContext, RuntimeAssembly requestingAssembly, Boolean throwOnFileNotFound)
   at System.Reflection.Assembly.Load(AssemblyName assemblyRef)
   at Microsoft.VisualStudio.TestPlatform.Common.Utilities.FakesUtilities.LoadTestPlatformAssembly() in /_/src/Microsoft.TestPlatform.Common/Utilities/FakesUtilities.cs:line 272
TpTrace Verbose: 0 : 19476, 1, 2023/12/04, 02:29:18.064, 2580338100273, vstest.console.dll, TestPluginCache.DiscoverTestExtensions: finding test extensions in assemblies ends with: TestLogger.dll TPluginInfo: Microsoft.VisualStudio.TestPlatform.Common.ExtensionFramework.Utilities.TestLoggerPluginInformation TExtension: Microsoft.VisualStudio.TestPlatform.ObjectModel.Client.ITestLogger
TpTrace Verbose: 0 : 19476, 1, 2023/12/04, 02:29:18.064, 2580338101234, vstest.console.dll, TestPluginCache.GetExtensionPaths: Filtered extension paths: 
TpTrace Verbose: 0 : 19476, 1, 2023/12/04, 02:29:18.064, 2580338101474, vstest.console.dll, TestPluginCache.GetExtensionPaths: Added default extension paths: C:\Program Files\dotnet\sdk\8.0.100\Extensions\Microsoft.Diagnostics.NETCore.Client.dll
C:\Program Files\dotnet\sdk\8.0.100\Extensions\Microsoft.TestPlatform.Extensions.BlameDataCollector.dll
C:\Program Files\dotnet\sdk\8.0.100\Extensions\Microsoft.TestPlatform.Extensions.EventLogCollector.dll
C:\Program Files\dotnet\sdk\8.0.100\Extensions\Microsoft.TestPlatform.TestHostRuntimeProvider.dll
C:\Program Files\dotnet\sdk\8.0.100\Extensions\Microsoft.VisualStudio.TestPlatform.Extensions.Html.TestLogger.dll
C:\Program Files\dotnet\sdk\8.0.100\Extensions\Microsoft.VisualStudio.TestPlatform.Extensions.Trx.TestLogger.dll
TpTrace Verbose: 0 : 19476, 1, 2023/12/04, 02:29:18.065, 2580338101646, vstest.console.dll, TestPluginCache.GetExtensionPaths: Added unfilterableExtensionPaths: 
TpTrace Information: 0 : 19476, 1, 2023/12/04, 02:29:18.065, 2580338102821, vstest.console.dll, AssemblyResolver.AddSearchDirectories: Adding more searchDirectories C:\Program Files\dotnet\sdk\8.0.100\Extensions,C:\Program Files\dotnet\sdk\8.0.100
TpTrace Verbose: 0 : 19476, 1, 2023/12/04, 02:29:18.065, 2580338103184, vstest.console.dll, TestPluginCache.DiscoverTestExtensions: Discovering the extensions using extension path.
TpTrace Verbose: 0 : 19476, 1, 2023/12/04, 02:29:18.065, 2580338103401, vstest.console.dll, TestPluginCache.GetExtensionPaths: Filtered extension paths: 
TpTrace Verbose: 0 : 19476, 1, 2023/12/04, 02:29:18.065, 2580338103559, vstest.console.dll, TestPluginCache.GetExtensionPaths: Added default extension paths: C:\Program Files\dotnet\sdk\8.0.100\Extensions\Microsoft.Diagnostics.NETCore.Client.dll
C:\Program Files\dotnet\sdk\8.0.100\Extensions\Microsoft.TestPlatform.Extensions.BlameDataCollector.dll
C:\Program Files\dotnet\sdk\8.0.100\Extensions\Microsoft.TestPlatform.Extensions.EventLogCollector.dll
C:\Program Files\dotnet\sdk\8.0.100\Extensions\Microsoft.TestPlatform.TestHostRuntimeProvider.dll
C:\Program Files\dotnet\sdk\8.0.100\Extensions\Microsoft.VisualStudio.TestPlatform.Extensions.Html.TestLogger.dll
C:\Program Files\dotnet\sdk\8.0.100\Extensions\Microsoft.VisualStudio.TestPlatform.Extensions.Trx.TestLogger.dll
TpTrace Verbose: 0 : 19476, 1, 2023/12/04, 02:29:18.065, 2580338103757, vstest.console.dll, TestPluginCache.GetExtensionPaths: Added unfilterableExtensionPaths: 
TpTrace Verbose: 0 : 19476, 1, 2023/12/04, 02:29:18.065, 2580338104320, vstest.console.dll, TestPluginCache.DiscoverTestExtensions: Discovering the extensions using allExtensionPaths: C:\Program Files\dotnet\sdk\8.0.100\Extensions\Microsoft.Diagnostics.NETCore.Client.dll
C:\Program Files\dotnet\sdk\8.0.100\Extensions\Microsoft.TestPlatform.Extensions.BlameDataCollector.dll
C:\Program Files\dotnet\sdk\8.0.100\Extensions\Microsoft.TestPlatform.Extensions.EventLogCollector.dll
C:\Program Files\dotnet\sdk\8.0.100\Extensions\Microsoft.TestPlatform.TestHostRuntimeProvider.dll
C:\Program Files\dotnet\sdk\8.0.100\Extensions\Microsoft.VisualStudio.TestPlatform.Extensions.Html.TestLogger.dll
C:\Program Files\dotnet\sdk\8.0.100\Extensions\Microsoft.VisualStudio.TestPlatform.Extensions.Trx.TestLogger.dll
TpTrace Information: 0 : 19476, 1, 2023/12/04, 02:29:18.065, 2580338104680, vstest.console.dll, AssemblyResolver.AddSearchDirectories: Adding more searchDirectories C:\Program Files\dotnet\sdk\8.0.100\Extensions,C:\Program Files\dotnet\sdk\8.0.100
TpTrace Information: 0 : 19476, 1, 2023/12/04, 02:29:18.065, 2580338104869, vstest.console.dll, AssemblyResolver.AddSearchDirectories: Adding more searchDirectories C:\Program Files\dotnet\sdk\8.0.100\Extensions,C:\Program Files\dotnet\sdk\8.0.100
TpTrace Information: 0 : 19476, 1, 2023/12/04, 02:29:18.065, 2580338105035, vstest.console.dll, AssemblyResolver.AddSearchDirectories: Adding more searchDirectories C:\Program Files\dotnet\sdk\8.0.100\Extensions,C:\Program Files\dotnet\sdk\8.0.100
TpTrace Information: 0 : 19476, 1, 2023/12/04, 02:29:18.065, 2580338105226, vstest.console.dll, AssemblyResolver.AddSearchDirectories: Adding more searchDirectories C:\Program Files\dotnet\sdk\8.0.100\Extensions,C:\Program Files\dotnet\sdk\8.0.100
TpTrace Information: 0 : 19476, 1, 2023/12/04, 02:29:18.065, 2580338105388, vstest.console.dll, AssemblyResolver.AddSearchDirectories: Adding more searchDirectories C:\Program Files\dotnet\sdk\8.0.100\Extensions,C:\Program Files\dotnet\sdk\8.0.100
TpTrace Information: 0 : 19476, 1, 2023/12/04, 02:29:18.065, 2580338105791, vstest.console.dll, AssemblyResolver.AddSearchDirectories: Adding more searchDirectories C:\Program Files\dotnet\sdk\8.0.100\Extensions,C:\Program Files\dotnet\sdk\8.0.100
TpTrace Verbose: 0 : 19476, 1, 2023/12/04, 02:29:18.065, 2580338107528, vstest.console.dll, MetadataReaderExtensionsHelper: Discovering extensions inside assembly 'Microsoft.Diagnostics.NETCore.Client, Version=0.2.8.21101, Culture=neutral, PublicKeyToken=31bf3856ad364e35' file path 'C:\Program Files\dotnet\sdk\8.0.100\Extensions\Microsoft.Diagnostics.NETCore.Client.dll'
TpTrace Information: 0 : 19476, 1, 2023/12/04, 02:29:18.067, 2580338121956, vstest.console.dll, AssemblyResolver.OnResolve: Microsoft.Bcl.AsyncInterfaces: Resolving assembly.
TpTrace Information: 0 : 19476, 1, 2023/12/04, 02:29:18.067, 2580338122863, vstest.console.dll, AssemblyResolver.OnResolve: Microsoft.Bcl.AsyncInterfaces: Resolved from cache.
TpTrace Verbose: 0 : 19476, 1, 2023/12/04, 02:29:18.067, 2580338123047, vstest.console.dll, CurrentDomainAssemblyResolve: Resolving assembly 'Microsoft.Bcl.AsyncInterfaces'.
TpTrace Information: 0 : 19476, 1, 2023/12/04, 02:29:18.067, 2580338123396, vstest.console.dll, AssemblyResolver.OnResolve: Microsoft.Bcl.AsyncInterfaces: Resolving assembly.
TpTrace Information: 0 : 19476, 1, 2023/12/04, 02:29:18.067, 2580338123565, vstest.console.dll, AssemblyResolver.OnResolve: Microsoft.Bcl.AsyncInterfaces: Resolved from cache.
TpTrace Verbose: 0 : 19476, 1, 2023/12/04, 02:29:18.067, 2580338123715, vstest.console.dll, CurrentDomainAssemblyResolve: Resolving assembly 'Microsoft.Bcl.AsyncInterfaces'.
TpTrace Verbose: 0 : 19476, 1, 2023/12/04, 02:29:18.067, 2580338123911, vstest.console.dll, CurrentDomainAssemblyResolve: Failed to resolve assembly 'Microsoft.Bcl.AsyncInterfaces'.
TpTrace Verbose: 0 : 19476, 1, 2023/12/04, 02:29:18.067, 2580338124976, vstest.console.dll, CurrentDomainAssemblyResolve: Failed to resolve assembly 'Microsoft.Bcl.AsyncInterfaces'.
TpTrace Warning: 0 : 19476, 1, 2023/12/04, 02:29:18.067, 2580338128083, vstest.console.dll, TestPluginDiscoverer: Failed to get types from assembly 'Microsoft.Diagnostics.NETCore.Client, Version=0.2.8.21101, Culture=neutral, PublicKeyToken=31bf3856ad364e35'. Error: System.Reflection.ReflectionTypeLoadException: Unable to load one or more of the requested types.
Could not load file or assembly 'Microsoft.Bcl.AsyncInterfaces, Version=1.0.0.0, Culture=neutral, PublicKeyToken=cc7b13ffcd2ddd51'. O sistema não conseguiu localizar o ficheiro especificado.
   at System.Reflection.RuntimeModule.GetTypes(RuntimeModule module)
   at System.Reflection.RuntimeModule.GetTypes()
   at Microsoft.VisualStudio.TestPlatform.Common.ExtensionFramework.TestPluginDiscoverer.GetTestExtensionsFromAssembly[TPluginInfo,TExtension](Assembly assembly, Dictionary`2 pluginInfos, String filePath) in /_/src/Microsoft.TestPlatform.Common/ExtensionFramework/TestPluginDiscoverer.cs:line 158
System.IO.FileNotFoundException: Could not load file or assembly 'Microsoft.Bcl.AsyncInterfaces, Version=1.0.0.0, Culture=neutral, PublicKeyToken=cc7b13ffcd2ddd51'. O sistema não conseguiu localizar o ficheiro especificado.
File name: 'Microsoft.Bcl.AsyncInterfaces, Version=1.0.0.0, Culture=neutral, PublicKeyToken=cc7b13ffcd2ddd51'
 ---> System.IO.FileNotFoundException: Could not load file or assembly 'Microsoft.Bcl.AsyncInterfaces, Culture=neutral, PublicKeyToken=null'. O sistema não conseguiu localizar o ficheiro especificado.
File name: 'Microsoft.Bcl.AsyncInterfaces, Culture=neutral, PublicKeyToken=null'
   at System.Reflection.RuntimeAssembly.InternalLoad(AssemblyName assemblyName, StackCrawlMark& stackMark, AssemblyLoadContext assemblyLoadContext, RuntimeAssembly requestingAssembly, Boolean throwOnFileNotFound)
   at System.Reflection.Assembly.Load(AssemblyName assemblyRef)
   at Microsoft.VisualStudio.TestPlatform.Common.ExtensionFramework.TestPluginCache.CurrentDomainAssemblyResolve(Object sender, AssemblyResolveEventArgs args) in /_/src/Microsoft.TestPlatform.Common/ExtensionFramework/TestPluginCache.cs:line 513
   at System.Runtime.Loader.AssemblyLoadContext.GetFirstResolvedAssemblyFromResolvingEvent(AssemblyName assemblyName)
   at System.Runtime.Loader.AssemblyLoadContext.ResolveUsingEvent(AssemblyName assemblyName)
   at System.Runtime.Loader.AssemblyLoadContext.ResolveUsingResolvingEvent(IntPtr gchManagedAssemblyLoadContext, AssemblyName assemblyName)
TpTrace Warning: 0 : 19476, 1, 2023/12/04, 02:29:18.067, 2580338129486, vstest.console.dll, LoaderExceptions: System.IO.FileNotFoundException: Could not load file or assembly 'Microsoft.Bcl.AsyncInterfaces, Version=1.0.0.0, Culture=neutral, PublicKeyToken=cc7b13ffcd2ddd51'. O sistema não conseguiu localizar o ficheiro especificado.
File name: 'Microsoft.Bcl.AsyncInterfaces, Version=1.0.0.0, Culture=neutral, PublicKeyToken=cc7b13ffcd2ddd51'
 ---> System.IO.FileNotFoundException: Could not load file or assembly 'Microsoft.Bcl.AsyncInterfaces, Culture=neutral, PublicKeyToken=null'. O sistema não conseguiu localizar o ficheiro especificado.
File name: 'Microsoft.Bcl.AsyncInterfaces, Culture=neutral, PublicKeyToken=null'
   at System.Reflection.RuntimeAssembly.InternalLoad(AssemblyName assemblyName, StackCrawlMark& stackMark, AssemblyLoadContext assemblyLoadContext, RuntimeAssembly requestingAssembly, Boolean throwOnFileNotFound)
   at System.Reflection.Assembly.Load(AssemblyName assemblyRef)
   at Microsoft.VisualStudio.TestPlatform.Common.ExtensionFramework.TestPluginCache.CurrentDomainAssemblyResolve(Object sender, AssemblyResolveEventArgs args) in /_/src/Microsoft.TestPlatform.Common/ExtensionFramework/TestPluginCache.cs:line 513
   at System.Runtime.Loader.AssemblyLoadContext.GetFirstResolvedAssemblyFromResolvingEvent(AssemblyName assemblyName)
   at System.Runtime.Loader.AssemblyLoadContext.ResolveUsingEvent(AssemblyName assemblyName)
   at System.Runtime.Loader.AssemblyLoadContext.ResolveUsingResolvingEvent(IntPtr gchManagedAssemblyLoadContext, AssemblyName assemblyName)
TpTrace Verbose: 0 : 19476, 1, 2023/12/04, 02:29:18.067, 2580338130526, vstest.console.dll, MetadataReaderExtensionsHelper: Discovering extensions inside assembly 'Microsoft.TestPlatform.Extensions.BlameDataCollector, Version=15.0.0.0, Culture=neutral, PublicKeyToken=b03f5f7f11d50a3a' file path 'C:\Program Files\dotnet\sdk\8.0.100\Extensions\Microsoft.TestPlatform.Extensions.BlameDataCollector.dll'
TpTrace Information: 0 : 19476, 1, 2023/12/04, 02:29:18.068, 2580338137856, vstest.console.dll, GetTestExtensionFromType: Register extension with identifier data 'logger://Microsoft/TestPlatform/Extensions/Blame/v1' and type 'Microsoft.TestPlatform.Extensions.BlameDataCollector.BlameLogger, Microsoft.TestPlatform.Extensions.BlameDataCollector, Version=15.0.0.0, Culture=neutral, PublicKeyToken=b03f5f7f11d50a3a' inside file 'C:\Program Files\dotnet\sdk\8.0.100\Extensions\Microsoft.TestPlatform.Extensions.BlameDataCollector.dll'
TpTrace Verbose: 0 : 19476, 1, 2023/12/04, 02:29:18.068, 2580338138838, vstest.console.dll, MetadataReaderExtensionsHelper: Discovering extensions inside assembly 'Microsoft.TestPlatform.Extensions.EventLogCollector, Version=15.0.0.0, Culture=neutral, PublicKeyToken=b03f5f7f11d50a3a' file path 'C:\Program Files\dotnet\sdk\8.0.100\Extensions\Microsoft.TestPlatform.Extensions.EventLogCollector.dll'
TpTrace Verbose: 0 : 19476, 1, 2023/12/04, 02:29:18.069, 2580338145346, vstest.console.dll, MetadataReaderExtensionsHelper: Discovering extensions inside assembly 'Microsoft.TestPlatform.TestHostRuntimeProvider, Version=15.0.0.0, Culture=neutral, PublicKeyToken=b03f5f7f11d50a3a' file path 'C:\Program Files\dotnet\sdk\8.0.100\Extensions\Microsoft.TestPlatform.TestHostRuntimeProvider.dll'
TpTrace Verbose: 0 : 19476, 1, 2023/12/04, 02:29:18.070, 2580338152231, vstest.console.dll, MetadataReaderExtensionsHelper: Discovering extensions inside assembly 'Microsoft.VisualStudio.TestPlatform.Extensions.Html.TestLogger, Version=15.0.0.0, Culture=neutral, PublicKeyToken=b03f5f7f11d50a3a' file path 'C:\Program Files\dotnet\sdk\8.0.100\Extensions\Microsoft.VisualStudio.TestPlatform.Extensions.Html.TestLogger.dll'
TpTrace Information: 0 : 19476, 1, 2023/12/04, 02:29:18.070, 2580338160375, vstest.console.dll, GetTestExtensionFromType: Register extension with identifier data 'logger://Microsoft/TestPlatform/HtmlLogger/v1' and type 'Microsoft.VisualStudio.TestPlatform.Extensions.HtmlLogger.HtmlLogger, Microsoft.VisualStudio.TestPlatform.Extensions.Html.TestLogger, Version=15.0.0.0, Culture=neutral, PublicKeyToken=b03f5f7f11d50a3a' inside file 'C:\Program Files\dotnet\sdk\8.0.100\Extensions\Microsoft.VisualStudio.TestPlatform.Extensions.Html.TestLogger.dll'
TpTrace Verbose: 0 : 19476, 1, 2023/12/04, 02:29:18.070, 2580338161446, vstest.console.dll, MetadataReaderExtensionsHelper: Discovering extensions inside assembly 'Microsoft.VisualStudio.TestPlatform.Extensions.Trx.TestLogger, Version=15.0.0.0, Culture=neutral, PublicKeyToken=b03f5f7f11d50a3a' file path 'C:\Program Files\dotnet\sdk\8.0.100\Extensions\Microsoft.VisualStudio.TestPlatform.Extensions.Trx.TestLogger.dll'
TpTrace Information: 0 : 19476, 1, 2023/12/04, 02:29:18.071, 2580338167921, vstest.console.dll, GetTestExtensionFromType: Register extension with identifier data 'logger://Microsoft/TestPlatform/TrxLogger/v1' and type 'Microsoft.VisualStudio.TestPlatform.Extensions.TrxLogger.TrxLogger, Microsoft.VisualStudio.TestPlatform.Extensions.Trx.TestLogger, Version=15.0.0.0, Culture=neutral, PublicKeyToken=b03f5f7f11d50a3a' inside file 'C:\Program Files\dotnet\sdk\8.0.100\Extensions\Microsoft.VisualStudio.TestPlatform.Extensions.Trx.TestLogger.dll'
TpTrace Verbose: 0 : 19476, 1, 2023/12/04, 02:29:18.071, 2580338169129, vstest.console.dll, TestPluginCache: Discovered the extensions using extension path ''.
TpTrace Verbose: 0 : 19476, 1, 2023/12/04, 02:29:18.071, 2580338169392, vstest.console.dll, TestPluginCache: Discoverers are ''.
TpTrace Verbose: 0 : 19476, 1, 2023/12/04, 02:29:18.071, 2580338169540, vstest.console.dll, TestPluginCache: Executors are ''.
TpTrace Verbose: 0 : 19476, 1, 2023/12/04, 02:29:18.071, 2580338170115, vstest.console.dll, TestPluginCache: Executors2 are ''.
TpTrace Verbose: 0 : 19476, 1, 2023/12/04, 02:29:18.071, 2580338170298, vstest.console.dll, TestPluginCache: Setting providers are ''.
TpTrace Verbose: 0 : 19476, 1, 2023/12/04, 02:29:18.071, 2580338170837, vstest.console.dll, TestPluginCache: Loggers are 'logger://Microsoft/TestPlatform/Extensions/Blame/v1,logger://Microsoft/TestPlatform/HtmlLogger/v1,logger://Microsoft/TestPlatform/TrxLogger/v1'.
TpTrace Verbose: 0 : 19476, 1, 2023/12/04, 02:29:18.071, 2580338171102, vstest.console.dll, TestPluginCache: TestHosts are 'HostProvider://DefaultTestHost,HostProvider://DotnetTestHost'.
TpTrace Verbose: 0 : 19476, 1, 2023/12/04, 02:29:18.071, 2580338171292, vstest.console.dll, TestPluginCache: DataCollectors are ''.
TpTrace Information: 0 : 19476, 1, 2023/12/04, 02:29:18.072, 2580338178058, vstest.console.dll, TestPluginManager.CreateTestExtension: Attempting to load test extension: Microsoft.TestPlatform.Extensions.BlameDataCollector.BlameLogger
TpTrace Verbose: 0 : 19476, 1, 2023/12/04, 02:29:18.082, 2580338280509, vstest.console.dll, TestEngine: Initializing Parallel Execution as MaxCpuCount is set to: 1
TpTrace Information: 0 : 19476, 1, 2023/12/04, 02:29:18.085, 2580338305235, vstest.console.dll, TestPluginManager.CreateTestExtension: Attempting to load test extension: Microsoft.VisualStudio.TestPlatform.CrossPlatEngine.Hosting.DefaultTestHostManager
TpTrace Information: 0 : 19476, 1, 2023/12/04, 02:29:18.086, 2580338317580, vstest.console.dll, TestPluginManager.CreateTestExtension: Attempting to load test extension: Microsoft.VisualStudio.TestPlatform.CrossPlatEngine.Hosting.DotnetTestHostManager
TpTrace Information: 0 : 19476, 1, 2023/12/04, 02:29:18.087, 2580338323542, vstest.console.dll, InferRunSettingsHelper.IsTestSettingsEnabled: Unable to navigate to RunSettings/MSTest. Current node: RunSettings
TpTrace Verbose: 0 : 19476, 1, 2023/12/04, 02:29:18.087, 2580338330750, vstest.console.dll, ParallelOperationManager.ClearSlots: Clearing all slots. Slots should accept more work: True
TpTrace Verbose: 0 : 19476, 1, 2023/12/04, 02:29:18.088, 2580338336824, vstest.console.dll, ParallelOperationManager.SetOccupiedSlotCount: Setting slot counts AvailableSlotCount = 1, OccupiedSlotCount = 0.
TpTrace Verbose: 0 : 19476, 1, 2023/12/04, 02:29:18.088, 2580338340502, vstest.console.dll, Occupied slots:

TpTrace Verbose: 0 : 19476, 1, 2023/12/04, 02:29:18.092, 2580338373185, vstest.console.dll, TestEngine.GetExecutionManager: Chosen execution manager 'Microsoft.VisualStudio.TestPlatform.CrossPlatEngine.Client.Parallel.ParallelProxyExecutionManager, Microsoft.TestPlatform.CrossPlatEngine, Version=15.0.0.0, Culture=neutral, PublicKeyToken=b03f5f7f11d50a3a' ParallelLevel '1'.
TpTrace Verbose: 0 : 19476, 1, 2023/12/04, 02:29:18.092, 2580338376044, vstest.console.dll, TestRunRequest.ExecuteAsync: Creating test run request.
TpTrace Verbose: 0 : 19476, 1, 2023/12/04, 02:29:18.092, 2580338380394, vstest.console.dll, TestRunRequest.ExecuteAsync: Starting.
TpTrace Information: 0 : 19476, 1, 2023/12/04, 02:29:18.097, 2580338424426, vstest.console.dll, TestRunRequest.ExecuteAsync: Starting run with settings:TestRunCriteria:
   KeepAlive=False,FrequencyOfRunStatsChangeEvent=10,RunStatsChangeEventTimeout=00:00:01.5000000,TestCaseFilter=,TestExecutorLauncher=
   Settingsxml=<RunSettings>
  <RunConfiguration>
    <ResultsDirectory>C:\Users\rui_n\source\repos\TaskManagerFinal\task-manager-1123\server\API\TaskManager.Api.Tests\bin\Debug\net7.0\fine-code-coverage\coverage-tool-output</ResultsDirectory>
    <TargetPlatform>X64</TargetPlatform>
    <TargetFrameworkVersion>.NETCoreApp,Version=v7.0</TargetFrameworkVersion>
    <DesignMode>False</DesignMode>
    <CollectSourceInformation>False</CollectSourceInformation>
  </RunConfiguration>
  <LoggerRunSettings>
    <Loggers>
      <Logger friendlyName="blame" enabled="True" />
      <Logger friendlyName="Console" uri="logger://microsoft/TestPlatform/ConsoleLogger/v1" assemblyQualifiedName="Microsoft.VisualStudio.TestPlatform.CommandLine.Internal.ConsoleLogger, vstest.console, Version=15.0.0.0, Culture=neutral, PublicKeyToken=b03f5f7f11d50a3a" codeBase="C:\Program Files\dotnet\sdk\8.0.100\vstest.console.dll" enabled="True" />
    </Loggers>
  </LoggerRunSettings>
  <DataCollectionRunSettings>
    <DataCollectors>
      <DataCollector friendlyName="blame" enabled="True">
        <Configuration>
          <ResultsDirectory>C:\Users\rui_n\source\repos\TaskManagerFinal\task-manager-1123\server\API\TaskManager.Api.Tests\bin\Debug\net7.0\fine-code-coverage\coverage-tool-output</ResultsDirectory>
        </Configuration>
      </DataCollector>
    </DataCollectors>
  </DataCollectionRunSettings>
</RunSettings>

TpTrace Verbose: 0 : 19476, 1, 2023/12/04, 02:29:18.097, 2580338425878, vstest.console.dll, TestRunRequest.ExecuteAsync: Wait for the first run request is over.
TpTrace Verbose: 0 : 19476, 1, 2023/12/04, 02:29:18.097, 2580338428863, vstest.console.dll, MulticastDelegateUtilities.SafeInvoke: TestRun.TestRunStart: Invoking callbacks was skipped because there are no subscribers.
TpTrace Verbose: 0 : 19476, 4, 2023/12/04, 02:29:18.097, 2580338431544, vstest.console.dll, MulticastDelegateUtilities.SafeInvoke: InternalTestLoggerEvents.SendTestRunStart: Invoking callback 1/1 for Microsoft.VisualStudio.TestPlatform.CommandLine.Internal.ConsoleLogger., took 0 ms.
TpTrace Verbose: 0 : 19476, 1, 2023/12/04, 02:29:18.098, 2580338441374, vstest.console.dll, ParallelProxyExecutionManager: Start execution. Total sources: 1
TpTrace Verbose: 0 : 19476, 1, 2023/12/04, 02:29:18.099, 2580338444898, vstest.console.dll, ParallelOperationManager.StartWork: Starting adding 1 workloads.
TpTrace Verbose: 0 : 19476, 1, 2023/12/04, 02:29:18.099, 2580338445608, vstest.console.dll, ParallelOperationManager.ClearSlots: Clearing all slots. Slots should accept more work: True
TpTrace Verbose: 0 : 19476, 1, 2023/12/04, 02:29:18.099, 2580338446190, vstest.console.dll, ParallelOperationManager.SetOccupiedSlotCount: Setting slot counts AvailableSlotCount = 1, OccupiedSlotCount = 0.
TpTrace Verbose: 0 : 19476, 1, 2023/12/04, 02:29:18.099, 2580338446451, vstest.console.dll, Occupied slots:

TpTrace Verbose: 0 : 19476, 1, 2023/12/04, 02:29:18.100, 2580338456760, vstest.console.dll, TestRequestSender is acting as server.
TpTrace Verbose: 0 : 19476, 1, 2023/12/04, 02:29:18.101, 2580338470296, vstest.console.dll, ParallelOperationManager.RunWorkInParallel: Adding 1 workload to slot, remaining workloads 0.
TpTrace Verbose: 0 : 19476, 1, 2023/12/04, 02:29:18.101, 2580338471258, vstest.console.dll, ParallelOperationManager.SetOccupiedSlotCount: Setting slot counts AvailableSlotCount = 0, OccupiedSlotCount = 1.
TpTrace Verbose: 0 : 19476, 1, 2023/12/04, 02:29:18.102, 2580338472179, vstest.console.dll, Occupied slots:
0: C:\Users\rui_n\source\repos\TaskManagerFinal\task-manager-1123\server\API\TaskManager.Api.Tests\bin\Debug\net7.0\fine-code-coverage\build-output\TaskManager.Api.Tests.dll
TpTrace Verbose: 0 : 19476, 1, 2023/12/04, 02:29:18.102, 2580338480307, vstest.console.dll, ParallelOperationManager.RunWorkInParallel: Started host in slot number 0 for work (source): C:\Users\rui_n\source\repos\TaskManagerFinal\task-manager-1123\server\API\TaskManager.Api.Tests\bin\Debug\net7.0\fine-code-coverage\build-output\TaskManager.Api.Tests.dll.
TpTrace Verbose: 0 : 19476, 1, 2023/12/04, 02:29:18.103, 2580338488253, vstest.console.dll, ParallelOperationManager.RunWorkInParallel: We started 1 work items, which is the max parallel level. Won't start more work.
TpTrace Verbose: 0 : 19476, 5, 2023/12/04, 02:29:18.103, 2580338488833, vstest.console.dll, ParallelProxyExecutionManager.StartTestRunOnConcurrentManager: Initializing uninitialized client. Started clients: 0
TpTrace Verbose: 0 : 19476, 1, 2023/12/04, 02:29:18.103, 2580338489568, vstest.console.dll, ParallelOperationManager.RunWorkInParallel: We started 1 work items in here, returning True.
TpTrace Information: 0 : 19476, 1, 2023/12/04, 02:29:18.103, 2580338490458, vstest.console.dll, TestRunRequest.ExecuteAsync: Started.
TpTrace Verbose: 0 : 19476, 5, 2023/12/04, 02:29:18.103, 2580338490794, vstest.console.dll, DataCollectionRequestSender.InitializeCommunication : Initialize communication. 
TpTrace Verbose: 0 : 19476, 1, 2023/12/04, 02:29:18.104, 2580338495041, vstest.console.dll, TestRunRequest.WaitForCompletion: Waiting with timeout -1.
TpTrace Information: 0 : 19476, 5, 2023/12/04, 02:29:18.109, 2580338546699, vstest.console.dll, Listening on Endpoint : 127.0.0.1:59400
TpTrace Verbose: 0 : 19476, 5, 2023/12/04, 02:29:18.115, 2580338605010, vstest.console.dll, DotnetDataCollectionLauncher: Adding  --runtimeconfig "C:\Program Files\dotnet\sdk\8.0.100\datacollector.runtimeconfig.json" in args
TpTrace Verbose: 0 : 19476, 5, 2023/12/04, 02:29:18.115, 2580338610834, vstest.console.dll, DotnetDataCollectionLauncher: Adding  --depsfile "C:\Program Files\dotnet\sdk\8.0.100\datacollector.deps.json" in args
TpTrace Verbose: 0 : 19476, 5, 2023/12/04, 02:29:18.116, 2580338612911, vstest.console.dll, DotnetDataCollectionLauncher: Full path of dotnet.exe is C:\Program Files\dotnet\dotnet.exe
TpTrace Information: 0 : 19476, 5, 2023/12/04, 02:29:18.123, 2580338685156, vstest.console.dll, ProxyDataCollectionManager.Initialize: Launched datacollector processId: 15688 port: 59400
TpTrace Information: 0 : 19476, 5, 2023/12/04, 02:29:18.123, 2580338686555, vstest.console.dll, ProxyDataCollectionManager.Initialize: waiting for connection with timeout: 90 seconds
TpTrace Verbose: 0 : 19476, 5, 2023/12/04, 02:29:18.123, 2580338686984, vstest.console.dll, DataCollectionRequestSender.WaitForRequestHandlerConnection : Waiting for connection with timeout: 90000
TpTrace Information: 0 : 19476, 7, 2023/12/04, 02:29:18.263, 2580340087681, vstest.console.dll, Using the buffer size of 16384 bytes
TpTrace Verbose: 0 : 19476, 5, 2023/12/04, 02:29:18.263, 2580340087824, vstest.console.dll, SocketCommunicationManager.WaitForClientConnection took: 140 ms, with 90000 ms timeout, and finished with True.
TpTrace Information: 0 : 19476, 7, 2023/12/04, 02:29:18.263, 2580340088854, vstest.console.dll, Accepted Client request and set the flag
TpTrace Verbose: 0 : 19476, 5, 2023/12/04, 02:29:18.263, 2580340089917, vstest.console.dll, ProxyDataCollectionManager.InvokeDataCollectionServiceAction: Starting.
TpTrace Information: 0 : 19476, 5, 2023/12/04, 02:29:18.263, 2580340090670, vstest.console.dll, ProxyDataCollectionManager.BeforeTestRunStart: Get environment variable and port for datacollector processId: 15688 port: 59400
TpTrace Verbose: 0 : 19476, 5, 2023/12/04, 02:29:18.264, 2580340091717, vstest.console.dll, DataCollectionRequestSender.SendBeforeTestRunStartAndGetResult: Send BeforeTestRunStart message with settingsXml <RunSettings><RunConfiguration><ResultsDirectory>C:\Users\rui_n\source\repos\TaskManagerFinal\task-manager-1123\server\API\TaskManager.Api.Tests\bin\Debug\net7.0\fine-code-coverage\coverage-tool-output</ResultsDirectory><TargetPlatform>X64</TargetPlatform><TargetFrameworkVersion>.NETCoreApp,Version=v7.0</TargetFrameworkVersion><DesignMode>False</DesignMode><CollectSourceInformation>False</CollectSourceInformation><TestAdaptersPaths>C:\Program Files\dotnet\sdk\8.0.100\Extensions</TestAdaptersPaths></RunConfiguration><LoggerRunSettings><Loggers><Logger friendlyName="blame" enabled="True" /><Logger friendlyName="Console" uri="logger://microsoft/TestPlatform/ConsoleLogger/v1" assemblyQualifiedName="Microsoft.VisualStudio.TestPlatform.CommandLine.Internal.ConsoleLogger, vstest.console, Version=15.0.0.0, Culture=neutral, PublicKeyToken=b03f5f7f11d50a3a" codeBase="C:\Program Files\dotnet\sdk\8.0.100\vstest.console.dll" enabled="True" /></Loggers></LoggerRunSettings><DataCollectionRunSettings><DataCollectors><DataCollector friendlyName="blame" enabled="True"><Configuration><ResultsDirectory>C:\Users\rui_n\source\repos\TaskManagerFinal\task-manager-1123\server\API\TaskManager.Api.Tests\bin\Debug\net7.0\fine-code-coverage\coverage-tool-output</ResultsDirectory></Configuration></DataCollector></DataCollectors></DataCollectionRunSettings></RunSettings> and sources System.Collections.Generic.List`1[System.String]: 
TpTrace Verbose: 0 : 19476, 5, 2023/12/04, 02:29:18.341, 2580340868494, vstest.console.dll, DataCollectionRequestSender.SendBeforeTestRunStartAndGetResult: Received message: (DataCollection.SendMessage) -> {"MessageType":"DataCollection.SendMessage","Payload":{"FriendlyName":null,"Uri":null,"TestCaseId":"00000000-0000-0000-0000-000000000000","Message":"Logging DataCollector Diagnostics in file: C:\\Users\\rui_n\\source\\repos\\TaskManagerFinal\\task-manager-1123\\server\\API\\TaskManager.Api.Tests\\bin\\Debug\\net7.0\\fine-code-coverage\\coverage-tool-output\\diagnostics.datacollector.23-12-04_02-29-18_11480_5.log","Level":0}}
TpTrace Verbose: 0 : 19476, 5, 2023/12/04, 02:29:18.429, 2580341745394, vstest.console.dll, DataCollectionRequestSender.SendBeforeTestRunStartAndGetResult: Received message: (DataCollection.BeforeTestRunStartResult) -> {"MessageType":"DataCollection.BeforeTestRunStartResult","Payload":{"EnvironmentVariables":{},"DataCollectionEventsPort":59402}}
TpTrace Information: 0 : 19476, 5, 2023/12/04, 02:29:18.436, 2580341820027, vstest.console.dll, ProxyDataCollectionManager.BeforeTestRunStart: SendBeforeTestRunStartAndGetResult successful, env variable from datacollector:   and testhost port: 59402
TpTrace Information: 0 : 19476, 5, 2023/12/04, 02:29:18.436, 2580341821443, vstest.console.dll, ProxyDataCollectionManager.InvokeDataCollectionServiceAction: Completed.
TpTrace Verbose: 0 : 19476, 5, 2023/12/04, 02:29:18.437, 2580341821945, vstest.console.dll, ParallelProxyExecutionManager.StartTestRunOnConcurrentManager: Initializing test run. Started clients: 0
TpTrace Verbose: 0 : 19476, 5, 2023/12/04, 02:29:18.437, 2580341823103, vstest.console.dll, ProxyExecutionManager: Test host is always Lazy initialize.
TpTrace Verbose: 0 : 19476, 5, 2023/12/04, 02:29:18.437, 2580341826163, vstest.console.dll, TestRequestSender.InitializeCommunication: initialize communication. 
TpTrace Information: 0 : 19476, 5, 2023/12/04, 02:29:18.438, 2580341833111, vstest.console.dll, SocketServer.Start: Listening on endpoint : 127.0.0.1:59403
TpTrace Verbose: 0 : 19476, 5, 2023/12/04, 02:29:18.439, 2580341844110, vstest.console.dll, DotnetTestHostmanager.GetTestHostProcessStartInfo: Platform environment 'X64' target architecture 'X64' framework '.NETCoreApp,Version=v7.0' OS 'Windows'
TpTrace Verbose: 0 : 19476, 5, 2023/12/04, 02:29:18.439, 2580341848445, vstest.console.dll, DotnetTestHostmanager: Adding  --runtimeconfig "C:\Users\rui_n\source\repos\TaskManagerFinal\task-manager-1123\server\API\TaskManager.Api.Tests\bin\Debug\net7.0\fine-code-coverage\build-output\TaskManager.Api.Tests.runtimeconfig.json" in args
TpTrace Verbose: 0 : 19476, 5, 2023/12/04, 02:29:18.439, 2580341851394, vstest.console.dll, DotnetTestHostmanager: Adding  --depsfile "C:\Users\rui_n\source\repos\TaskManagerFinal\task-manager-1123\server\API\TaskManager.Api.Tests\bin\Debug\net7.0\fine-code-coverage\build-output\TaskManager.Api.Tests.deps.json" in args
TpTrace Verbose: 0 : 19476, 5, 2023/12/04, 02:29:18.440, 2580341854772, vstest.console.dll, DotnetTestHostmanager.IsWinOnArm: Current PROCESSOR_ARCHITECTURE from environment variable 'AMD64'
TpTrace Verbose: 0 : 19476, 5, 2023/12/04, 02:29:18.440, 2580341856168, vstest.console.dll, DotnetTestHostmanager.IsWinOnArm: Is Windows on ARM 'False'
TpTrace Verbose: 0 : 19476, 5, 2023/12/04, 02:29:18.440, 2580341857706, vstest.console.dll, DotnetTestHostManager: testhost.exe found at path: C:\Users\rui_n\source\repos\TaskManagerFinal\task-manager-1123\server\API\TaskManager.Api.Tests\bin\Debug\net7.0\fine-code-coverage\build-output\testhost.exe
TpTrace Verbose: 0 : 19476, 5, 2023/12/04, 02:29:18.440, 2580341858724, vstest.console.dll, DotnetTestHostmanager: Full path of host exe is C:\Users\rui_n\source\repos\TaskManagerFinal\task-manager-1123\server\API\TaskManager.Api.Tests\bin\Debug\net7.0\fine-code-coverage\build-output\testhost.exe
TpTrace Verbose: 0 : 19476, 5, 2023/12/04, 02:29:18.440, 2580341860778, vstest.console.dll, DotnetTestHostmanager.LaunchTestHostAsync: Found 'VSTEST_WINAPPHOST_DOTNET_ROOT' in env variables, value 'C:\Program Files\dotnet', forwarding to 'DOTNET_ROOT'
TpTrace Verbose: 0 : 19476, 5, 2023/12/04, 02:29:18.441, 2580341863521, vstest.console.dll, DotnetTestHostManager: Starting process 'C:\Users\rui_n\source\repos\TaskManagerFinal\task-manager-1123\server\API\TaskManager.Api.Tests\bin\Debug\net7.0\fine-code-coverage\build-output\testhost.exe' with command line ' --runtimeconfig "C:\Users\rui_n\source\repos\TaskManagerFinal\task-manager-1123\server\API\TaskManager.Api.Tests\bin\Debug\net7.0\fine-code-coverage\build-output\TaskManager.Api.Tests.runtimeconfig.json" --depsfile "C:\Users\rui_n\source\repos\TaskManagerFinal\task-manager-1123\server\API\TaskManager.Api.Tests\bin\Debug\net7.0\fine-code-coverage\build-output\TaskManager.Api.Tests.deps.json" --port 59403 --endpoint 127.0.0.1:059403 --role client --parentprocessid 19476 --diag "C:\Users\rui_n\source\repos\TaskManagerFinal\task-manager-1123\server\API\TaskManager.Api.Tests\bin\Debug\net7.0\fine-code-coverage\coverage-tool-output\diagnostics.host.23-12-04_02-29-18_43873_5.log" --tracelevel 4 --datacollectionport 59402 --telemetryoptedin false'
TpTrace Verbose: 0 : 19476, 5, 2023/12/04, 02:29:18.452, 2580341972057, vstest.console.dll, MulticastDelegateUtilities.SafeInvoke: HostProviderEvents.OnHostLaunched: Invoking callback 1/2 for Microsoft.VisualStudio.TestPlatform.CrossPlatEngine.Client.ProxyExecutionManagerWithDataCollection., took 1 ms.
TpTrace Verbose: 0 : 19476, 5, 2023/12/04, 02:29:18.452, 2580341976634, vstest.console.dll, Test Runtime launched
TpTrace Verbose: 0 : 19476, 5, 2023/12/04, 02:29:18.452, 2580341977985, vstest.console.dll, MulticastDelegateUtilities.SafeInvoke: HostProviderEvents.OnHostLaunched: Invoking callback 2/2 for Microsoft.VisualStudio.TestPlatform.CrossPlatEngine.Client.ProxyOperationManager., took 0 ms.
TpTrace Verbose: 0 : 19476, 5, 2023/12/04, 02:29:18.453, 2580341982542, vstest.console.dll, TestRequestSender.WaitForRequestHandlerConnection: waiting for connection with timeout: 90000.
TpTrace Verbose: 0 : 19476, 5, 2023/12/04, 02:29:18.624, 2580343693651, vstest.console.dll, TestRequestSender.WaitForRequestHandlerConnection: waiting took 171 ms, with timeout 90000 ms, and result 0, which is success.
TpTrace Verbose: 0 : 19476, 12, 2023/12/04, 02:29:18.624, 2580343693651, vstest.console.dll, MulticastDelegateUtilities.SafeInvoke: SocketServer: ClientConnected: Invoking callback 1/1 for Microsoft.VisualStudio.TestPlatform.CommunicationUtilities.TestRequestSender., took 0 ms.
TpTrace Verbose: 0 : 19476, 12, 2023/12/04, 02:29:18.624, 2580343695562, vstest.console.dll, SocketServer.OnClientConnected: Client connected for endPoint: 127.0.0.1:59403, starting MessageLoopAsync:
TpTrace Verbose: 0 : 19476, 14, 2023/12/04, 02:29:18.624, 2580343701410, vstest.console.dll, TcpClientExtensions.MessageLoopAsync: Polling on remoteEndPoint: 127.0.0.1:59404 localEndPoint: 127.0.0.1:59403
TpTrace Verbose: 0 : 19476, 5, 2023/12/04, 02:29:18.625, 2580343703902, vstest.console.dll, TestRequestSender.CheckVersionWithTestHost: Sending check version message: {"MessageType":"ProtocolVersion","Payload":7}
TpTrace Verbose: 0 : 19476, 14, 2023/12/04, 02:29:18.745, 2580344906508, vstest.console.dll, TcpClientExtensions.MessageLoopAsync: NotifyDataAvailable remoteEndPoint: 127.0.0.1:59404 localEndPoint: 127.0.0.1:59403
TpTrace Verbose: 0 : 19476, 14, 2023/12/04, 02:29:18.745, 2580344909634, vstest.console.dll, TestRequestSender.CheckVersionWithTestHost: onMessageReceived received message: (ProtocolVersion) -> {"MessageType":"ProtocolVersion","Payload":7}
TpTrace Verbose: 0 : 19476, 14, 2023/12/04, 02:29:18.746, 2580344921427, vstest.console.dll, MulticastDelegateUtilities.SafeInvoke: LengthPrefixCommunicationChannel: MessageReceived: Invoking callback 1/1 for Microsoft.VisualStudio.TestPlatform.CommunicationUtilities.TestRequestSender+<>c__DisplayClass29_0., took 1 ms.
TpTrace Verbose: 0 : 19476, 14, 2023/12/04, 02:29:18.747, 2580344922673, vstest.console.dll, TcpClientExtensions.MessageLoopAsync: Polling on remoteEndPoint: 127.0.0.1:59404 localEndPoint: 127.0.0.1:59403
TpTrace Verbose: 0 : 19476, 5, 2023/12/04, 02:29:18.747, 2580344922711, vstest.console.dll, TestPluginCache.GetExtensionPaths: Filtered extension paths: 
TpTrace Verbose: 0 : 19476, 5, 2023/12/04, 02:29:18.747, 2580344923957, vstest.console.dll, TestPluginCache.GetExtensionPaths: Added default extension paths: C:\Program Files\dotnet\sdk\8.0.100\Extensions\Microsoft.Diagnostics.NETCore.Client.dll
C:\Program Files\dotnet\sdk\8.0.100\Extensions\Microsoft.TestPlatform.Extensions.BlameDataCollector.dll
C:\Program Files\dotnet\sdk\8.0.100\Extensions\Microsoft.TestPlatform.Extensions.EventLogCollector.dll
C:\Program Files\dotnet\sdk\8.0.100\Extensions\Microsoft.TestPlatform.TestHostRuntimeProvider.dll
C:\Program Files\dotnet\sdk\8.0.100\Extensions\Microsoft.VisualStudio.TestPlatform.Extensions.Html.TestLogger.dll
C:\Program Files\dotnet\sdk\8.0.100\Extensions\Microsoft.VisualStudio.TestPlatform.Extensions.Trx.TestLogger.dll
TpTrace Verbose: 0 : 19476, 5, 2023/12/04, 02:29:18.747, 2580344924297, vstest.console.dll, TestPluginCache.GetExtensionPaths: Added unfilterableExtensionPaths: 
TpTrace Verbose: 0 : 19476, 5, 2023/12/04, 02:29:18.750, 2580344954322, vstest.console.dll, TestRequestSender.InitializeExecution: Sending initialize execution with message: {"Version":7,"MessageType":"TestExecution.Initialize","Payload":["C:\\Users\\rui_n\\source\\repos\\TaskManagerFinal\\task-manager-1123\\server\\API\\TaskManager.Api.Tests\\bin\\Debug\\net7.0\\fine-code-coverage\\build-output\\xunit.runner.visualstudio.dotnetcore.testadapter.dll"]}
TpTrace Verbose: 0 : 19476, 5, 2023/12/04, 02:29:18.750, 2580344956619, vstest.console.dll, ParallelProxyExecutionManager.StartTestRunOnConcurrentManager: Execution starting. Started clients: 1
TpTrace Verbose: 0 : 19476, 5, 2023/12/04, 02:29:18.750, 2580344960207, vstest.console.dll, TestRunRequest:SendTestRunMessage: Starting.
TpTrace Verbose: 0 : 19476, 5, 2023/12/04, 02:29:18.751, 2580344962422, vstest.console.dll, MulticastDelegateUtilities.SafeInvoke: TestRun.LogMessages: Invoking callback 1/1 for Microsoft.VisualStudio.TestPlatform.CommandLine.TestRunResultAggregator., took 0 ms.
TpTrace Information: 0 : 19476, 5, 2023/12/04, 02:29:18.751, 2580344962874, vstest.console.dll, TestRunRequest:SendTestRunMessage: Completed.
TpTrace Verbose: 0 : 19476, 4, 2023/12/04, 02:29:18.751, 2580344964563, vstest.console.dll, MulticastDelegateUtilities.SafeInvoke: InternalTestLoggerEvents.SendTestRunMessage: Invoking callback 1/1 for Microsoft.VisualStudio.TestPlatform.CommandLine.Internal.ConsoleLogger., took 0 ms.
TpTrace Warning: 0 : 19476, 5, 2023/12/04, 02:29:18.751, 2580344966227, vstest.console.dll, InferRunSettingsHelper.MakeRunsettingsCompatible: Removing the following settings: TargetPlatform from RunSettings file. To use those settings please move to latest version of Microsoft.NET.Test.Sdk
TpTrace Verbose: 0 : 19476, 14, 2023/12/04, 02:29:18.752, 2580344975011, vstest.console.dll, TcpClientExtensions.MessageLoopAsync: NotifyDataAvailable remoteEndPoint: 127.0.0.1:59404 localEndPoint: 127.0.0.1:59403
TpTrace Verbose: 0 : 19476, 14, 2023/12/04, 02:29:18.752, 2580344978208, vstest.console.dll, TestRequestSender.OnExecutionMessageReceived: Received message: {"Version":7,"MessageType":"TestSession.Message","Payload":{"MessageLevel":0,"Message":"Logging TestHost Diagnostics in file: C:\\Users\\rui_n\\source\\repos\\TaskManagerFinal\\task-manager-1123\\server\\API\\TaskManager.Api.Tests\\bin\\Debug\\net7.0\\fine-code-coverage\\coverage-tool-output\\diagnostics.host.23-12-04_02-29-18_43873_5.log"}}
TpTrace Verbose: 0 : 19476, 14, 2023/12/04, 02:29:18.755, 2580345008036, vstest.console.dll, TestRunRequest:SendTestRunMessage: Starting.
TpTrace Verbose: 0 : 19476, 14, 2023/12/04, 02:29:18.755, 2580345009924, vstest.console.dll, MulticastDelegateUtilities.SafeInvoke: TestRun.LogMessages: Invoking callback 1/1 for Microsoft.VisualStudio.TestPlatform.CommandLine.TestRunResultAggregator., took 0 ms.
TpTrace Verbose: 0 : 19476, 4, 2023/12/04, 02:29:18.755, 2580345010042, vstest.console.dll, MulticastDelegateUtilities.SafeInvoke: InternalTestLoggerEvents.SendTestRunMessage: Invoking callback 1/1 for Microsoft.VisualStudio.TestPlatform.CommandLine.Internal.ConsoleLogger., took 0 ms.
TpTrace Information: 0 : 19476, 14, 2023/12/04, 02:29:18.755, 2580345010786, vstest.console.dll, TestRunRequest:SendTestRunMessage: Completed.
TpTrace Verbose: 0 : 19476, 14, 2023/12/04, 02:29:18.756, 2580345011859, vstest.console.dll, MulticastDelegateUtilities.SafeInvoke: LengthPrefixCommunicationChannel: MessageReceived: Invoking callback 1/1 for Microsoft.VisualStudio.TestPlatform.CommunicationUtilities.TestRequestSender+<>c__DisplayClass34_0., took 3 ms.
TpTrace Verbose: 0 : 19476, 14, 2023/12/04, 02:29:18.756, 2580345012290, vstest.console.dll, TcpClientExtensions.MessageLoopAsync: Polling on remoteEndPoint: 127.0.0.1:59404 localEndPoint: 127.0.0.1:59403
TpTrace Verbose: 0 : 19476, 5, 2023/12/04, 02:29:18.758, 2580345033933, vstest.console.dll, TestRequestSender.StartTestRun: Sending test run with message: {"Version":7,"MessageType":"TestExecution.StartWithSources","Payload":{"AdapterSourceMap":{"_none_":["C:\\Users\\rui_n\\source\\repos\\TaskManagerFinal\\task-manager-1123\\server\\API\\TaskManager.Api.Tests\\bin\\Debug\\net7.0\\fine-code-coverage\\build-output\\TaskManager.Api.Tests.dll"]},"RunSettings":"<RunSettings>\r\n  <RunConfiguration>\r\n    <ResultsDirectory>C:\\Users\\rui_n\\source\\repos\\TaskManagerFinal\\task-manager-1123\\server\\API\\TaskManager.Api.Tests\\bin\\Debug\\net7.0\\fine-code-coverage\\coverage-tool-output</ResultsDirectory>\r\n    <TargetFrameworkVersion>.NETCoreApp,Version=v7.0</TargetFrameworkVersion>\r\n    <DesignMode>False</DesignMode>\r\n    <CollectSourceInformation>False</CollectSourceInformation>\r\n  </RunConfiguration>\r\n  <LoggerRunSettings>\r\n    <Loggers>\r\n      <Logger friendlyName=\"blame\" enabled=\"True\" />\r\n      <Logger friendlyName=\"Console\" uri=\"logger://microsoft/TestPlatform/ConsoleLogger/v1\" assemblyQualifiedName=\"Microsoft.VisualStudio.TestPlatform.CommandLine.Internal.ConsoleLogger, vstest.console, Version=15.0.0.0, Culture=neutral, PublicKeyToken=b03f5f7f11d50a3a\" codeBase=\"C:\\Program Files\\dotnet\\sdk\\8.0.100\\vstest.console.dll\" enabled=\"True\" />\r\n    </Loggers>\r\n  </LoggerRunSettings>\r\n  <DataCollectionRunSettings>\r\n    <DataCollectors>\r\n      <DataCollector friendlyName=\"blame\" enabled=\"True\">\r\n        <Configuration>\r\n          <ResultsDirectory>C:\\Users\\rui_n\\source\\repos\\TaskManagerFinal\\task-manager-1123\\server\\API\\TaskManager.Api.Tests\\bin\\Debug\\net7.0\\fine-code-coverage\\coverage-tool-output</ResultsDirectory>\r\n        </Configuration>\r\n      </DataCollector>\r\n    </DataCollectors>\r\n  </DataCollectionRunSettings>\r\n</RunSettings>","TestExecutionContext":{"FrequencyOfRunStatsChangeEvent":10,"RunStatsChangeEventTimeout":"00:00:01.5000000","InIsolation":false,"KeepAlive":false,"AreTestCaseLevelEventsRequired":false,"IsDebug":false,"TestCaseFilter":null,"FilterOptions":null},"Package":null}}
TpTrace Verbose: 0 : 19476, 5, 2023/12/04, 02:29:18.758, 2580345035866, vstest.console.dll, ParallelProxyExecutionManager.StartTestRunOnConcurrentManager: Execution started. Started clients: 1
TpTrace Verbose: 0 : 19476, 14, 2023/12/04, 02:29:18.876, 2580346213588, vstest.console.dll, TcpClientExtensions.MessageLoopAsync: NotifyDataAvailable remoteEndPoint: 127.0.0.1:59404 localEndPoint: 127.0.0.1:59403
TpTrace Verbose: 0 : 19476, 14, 2023/12/04, 02:29:18.876, 2580346215286, vstest.console.dll, TestRequestSender.OnExecutionMessageReceived: Received message: {"Version":7,"MessageType":"TestSession.Message","Payload":{"MessageLevel":0,"Message":"[xUnit.net 00:00:00.00] xUnit.net VSTest Adapter v2.4.5+1caef2f33e (64-bit .NET 7.0.14)"}}
TpTrace Verbose: 0 : 19476, 14, 2023/12/04, 02:29:18.876, 2580346217702, vstest.console.dll, TestRunRequest:SendTestRunMessage: Starting.
TpTrace Verbose: 0 : 19476, 14, 2023/12/04, 02:29:18.876, 2580346219030, vstest.console.dll, MulticastDelegateUtilities.SafeInvoke: TestRun.LogMessages: Invoking callback 1/1 for Microsoft.VisualStudio.TestPlatform.CommandLine.TestRunResultAggregator., took 0 ms.
TpTrace Verbose: 0 : 19476, 4, 2023/12/04, 02:29:18.876, 2580346219074, vstest.console.dll, MulticastDelegateUtilities.SafeInvoke: InternalTestLoggerEvents.SendTestRunMessage: Invoking callback 1/1 for Microsoft.VisualStudio.TestPlatform.CommandLine.Internal.ConsoleLogger., took 0 ms.
TpTrace Information: 0 : 19476, 14, 2023/12/04, 02:29:18.876, 2580346219507, vstest.console.dll, TestRunRequest:SendTestRunMessage: Completed.
TpTrace Verbose: 0 : 19476, 14, 2023/12/04, 02:29:18.876, 2580346220591, vstest.console.dll, MulticastDelegateUtilities.SafeInvoke: LengthPrefixCommunicationChannel: MessageReceived: Invoking callback 1/1 for Microsoft.VisualStudio.TestPlatform.CommunicationUtilities.TestRequestSender+<>c__DisplayClass34_0., took 0 ms.
TpTrace Verbose: 0 : 19476, 14, 2023/12/04, 02:29:18.876, 2580346221139, vstest.console.dll, TcpClientExtensions.MessageLoopAsync: Polling on remoteEndPoint: 127.0.0.1:59404 localEndPoint: 127.0.0.1:59403
TpTrace Verbose: 0 : 19476, 14, 2023/12/04, 02:29:19.455, 2580352005848, vstest.console.dll, TcpClientExtensions.MessageLoopAsync: NotifyDataAvailable remoteEndPoint: 127.0.0.1:59404 localEndPoint: 127.0.0.1:59403
TpTrace Verbose: 0 : 19476, 14, 2023/12/04, 02:29:19.455, 2580352007478, vstest.console.dll, TestRequestSender.OnExecutionMessageReceived: Received message: {"Version":7,"MessageType":"TestSession.Message","Payload":{"MessageLevel":0,"Message":"[xUnit.net 00:00:00.58]   Discovering: TaskManager.Api.Tests"}}
TpTrace Verbose: 0 : 19476, 14, 2023/12/04, 02:29:19.455, 2580352008818, vstest.console.dll, TestRunRequest:SendTestRunMessage: Starting.
TpTrace Verbose: 0 : 19476, 14, 2023/12/04, 02:29:19.455, 2580352009575, vstest.console.dll, MulticastDelegateUtilities.SafeInvoke: TestRun.LogMessages: Invoking callback 1/1 for Microsoft.VisualStudio.TestPlatform.CommandLine.TestRunResultAggregator., took 0 ms.
TpTrace Information: 0 : 19476, 14, 2023/12/04, 02:29:19.455, 2580352009921, vstest.console.dll, TestRunRequest:SendTestRunMessage: Completed.
TpTrace Verbose: 0 : 19476, 14, 2023/12/04, 02:29:19.455, 2580352010285, vstest.console.dll, MulticastDelegateUtilities.SafeInvoke: LengthPrefixCommunicationChannel: MessageReceived: Invoking callback 1/1 for Microsoft.VisualStudio.TestPlatform.CommunicationUtilities.TestRequestSender+<>c__DisplayClass34_0., took 0 ms.
TpTrace Verbose: 0 : 19476, 14, 2023/12/04, 02:29:19.455, 2580352010673, vstest.console.dll, TcpClientExtensions.MessageLoopAsync: Polling on remoteEndPoint: 127.0.0.1:59404 localEndPoint: 127.0.0.1:59403
TpTrace Verbose: 0 : 19476, 4, 2023/12/04, 02:29:19.455, 2580352011489, vstest.console.dll, MulticastDelegateUtilities.SafeInvoke: InternalTestLoggerEvents.SendTestRunMessage: Invoking callback 1/1 for Microsoft.VisualStudio.TestPlatform.CommandLine.Internal.ConsoleLogger., took 0 ms.
TpTrace Verbose: 0 : 19476, 14, 2023/12/04, 02:29:19.493, 2580352389927, vstest.console.dll, TcpClientExtensions.MessageLoopAsync: NotifyDataAvailable remoteEndPoint: 127.0.0.1:59404 localEndPoint: 127.0.0.1:59403
TpTrace Verbose: 0 : 19476, 14, 2023/12/04, 02:29:19.494, 2580352391689, vstest.console.dll, TestRequestSender.OnExecutionMessageReceived: Received message: {"Version":7,"MessageType":"TestSession.Message","Payload":{"MessageLevel":0,"Message":"[xUnit.net 00:00:00.61]   Discovered:  TaskManager.Api.Tests"}}
TpTrace Verbose: 0 : 19476, 14, 2023/12/04, 02:29:19.494, 2580352392997, vstest.console.dll, TestRunRequest:SendTestRunMessage: Starting.
TpTrace Verbose: 0 : 19476, 14, 2023/12/04, 02:29:19.494, 2580352393780, vstest.console.dll, MulticastDelegateUtilities.SafeInvoke: TestRun.LogMessages: Invoking callback 1/1 for Microsoft.VisualStudio.TestPlatform.CommandLine.TestRunResultAggregator., took 0 ms.
TpTrace Information: 0 : 19476, 14, 2023/12/04, 02:29:19.494, 2580352394185, vstest.console.dll, TestRunRequest:SendTestRunMessage: Completed.
TpTrace Verbose: 0 : 19476, 4, 2023/12/04, 02:29:19.494, 2580352394118, vstest.console.dll, MulticastDelegateUtilities.SafeInvoke: InternalTestLoggerEvents.SendTestRunMessage: Invoking callback 1/1 for Microsoft.VisualStudio.TestPlatform.CommandLine.Internal.ConsoleLogger., took 0 ms.
TpTrace Verbose: 0 : 19476, 14, 2023/12/04, 02:29:19.494, 2580352394716, vstest.console.dll, MulticastDelegateUtilities.SafeInvoke: LengthPrefixCommunicationChannel: MessageReceived: Invoking callback 1/1 for Microsoft.VisualStudio.TestPlatform.CommunicationUtilities.TestRequestSender+<>c__DisplayClass34_0., took 0 ms.
TpTrace Verbose: 0 : 19476, 14, 2023/12/04, 02:29:19.494, 2580352395647, vstest.console.dll, TcpClientExtensions.MessageLoopAsync: Polling on remoteEndPoint: 127.0.0.1:59404 localEndPoint: 127.0.0.1:59403
TpTrace Verbose: 0 : 19476, 14, 2023/12/04, 02:29:19.496, 2580352418166, vstest.console.dll, TcpClientExtensions.MessageLoopAsync: NotifyDataAvailable remoteEndPoint: 127.0.0.1:59404 localEndPoint: 127.0.0.1:59403
TpTrace Verbose: 0 : 19476, 14, 2023/12/04, 02:29:19.496, 2580352420618, vstest.console.dll, TestRequestSender.OnExecutionMessageReceived: Received message: {"Version":7,"MessageType":"TestSession.Message","Payload":{"MessageLevel":0,"Message":"[xUnit.net 00:00:00.62]   Starting:    TaskManager.Api.Tests"}}
TpTrace Verbose: 0 : 19476, 14, 2023/12/04, 02:29:19.497, 2580352421939, vstest.console.dll, TestRunRequest:SendTestRunMessage: Starting.
TpTrace Verbose: 0 : 19476, 14, 2023/12/04, 02:29:19.497, 2580352422570, vstest.console.dll, MulticastDelegateUtilities.SafeInvoke: TestRun.LogMessages: Invoking callback 1/1 for Microsoft.VisualStudio.TestPlatform.CommandLine.TestRunResultAggregator., took 0 ms.
TpTrace Information: 0 : 19476, 14, 2023/12/04, 02:29:19.497, 2580352422871, vstest.console.dll, TestRunRequest:SendTestRunMessage: Completed.
TpTrace Verbose: 0 : 19476, 14, 2023/12/04, 02:29:19.497, 2580352423162, vstest.console.dll, MulticastDelegateUtilities.SafeInvoke: LengthPrefixCommunicationChannel: MessageReceived: Invoking callback 1/1 for Microsoft.VisualStudio.TestPlatform.CommunicationUtilities.TestRequestSender+<>c__DisplayClass34_0., took 0 ms.
TpTrace Verbose: 0 : 19476, 4, 2023/12/04, 02:29:19.497, 2580352423321, vstest.console.dll, MulticastDelegateUtilities.SafeInvoke: InternalTestLoggerEvents.SendTestRunMessage: Invoking callback 1/1 for Microsoft.VisualStudio.TestPlatform.CommandLine.Internal.ConsoleLogger., took 0 ms.
TpTrace Verbose: 0 : 19476, 14, 2023/12/04, 02:29:19.497, 2580352423637, vstest.console.dll, TcpClientExtensions.MessageLoopAsync: Polling on remoteEndPoint: 127.0.0.1:59404 localEndPoint: 127.0.0.1:59403
TpTrace Verbose: 0 : 19476, 14, 2023/12/04, 02:29:19.768, 2580355135732, vstest.console.dll, TcpClientExtensions.MessageLoopAsync: NotifyDataAvailable remoteEndPoint: 127.0.0.1:59404 localEndPoint: 127.0.0.1:59403
TpTrace Verbose: 0 : 19476, 14, 2023/12/04, 02:29:19.768, 2580355139184, vstest.console.dll, TestRequestSender.OnExecutionMessageReceived: Received message: {"Version":7,"MessageType":"TestExecution.StatsChange","Payload":{"NewTestResults":[{"TestCase":{"Id":"05561c9a-4e63-4a22-4417-e5bcd9378692","FullyQualifiedName":"TaskManager.Api.Tests.ProjectControllerTests.GetProjectsByPage_Project_AllProjectBack","DisplayName":"TaskManager.Api.Tests.ProjectControllerTests.GetProjectsByPage_Project_AllProjectBack","ExecutorUri":"executor://xunit/VsTestRunner2/netcoreapp","Source":"C:\\Users\\rui_n\\source\\repos\\TaskManagerFinal\\task-manager-1123\\server\\API\\TaskManager.Api.Tests\\bin\\Debug\\net7.0\\fine-code-coverage\\build-output\\TaskManager.Api.Tests.dll","CodeFilePath":null,"LineNumber":0,"Properties":[]},"Attachments":[],"Outcome":1,"ErrorMessage":null,"ErrorStackTrace":null,"DisplayName":"TaskManager.Api.Tests.ProjectControllerTests.GetProjectsByPage_Project_AllProjectBack","Messages":[],"ComputerName":"LAPTOP-2D8ALFEE","Duration":"00:00:00.1211231","StartTime":"2023-12-04T02:29:19.6757794+00:00","EndTime":"2023-12-04T02:29:19.6758067+00:00","Properties":[]},{"TestCase":{"Id":"ef7fc6e6-a72e-be31-aff7-4c718cd0d963","FullyQualifiedName":"TaskManager.Api.Tests.ProjectControllerTests.UpdateTimeUsedProject_UpdateTimeUsedProject_ThrowNewExceptionErrorBack","DisplayName":"TaskManager.Api.Tests.ProjectControllerTests.UpdateTimeUsedProject_UpdateTimeUsedProject_ThrowNewExceptionErrorBack","ExecutorUri":"executor://xunit/VsTestRunner2/netcoreapp","Source":"C:\\Users\\rui_n\\source\\repos\\TaskManagerFinal\\task-manager-1123\\server\\API\\TaskManager.Api.Tests\\bin\\Debug\\net7.0\\fine-code-coverage\\build-output\\TaskManager.Api.Tests.dll","CodeFilePath":null,"LineNumber":0,"Properties":[]},"Attachments":[],"Outcome":1,"ErrorMessage":null,"ErrorStackTrace":null,"DisplayName":"TaskManager.Api.Tests.ProjectControllerTests.UpdateTimeUsedProject_UpdateTimeUsedProject_ThrowNewExceptionErrorBack","Messages":[],"ComputerName":"LAPTOP-2D8ALFEE","Duration":"00:00:00.0071624","StartTime":"2023-12-04T02:29:19.7033031+00:00","EndTime":"2023-12-04T02:29:19.7033032+00:00","Properties":[]},{"TestCase":{"Id":"e18e63eb-723f-dcb9-449f-8d013a55c9a7","FullyQualifiedName":"TaskManager.Api.Tests.ProjectControllerTests.GetProjectsByOrder_ExceptionProject_ExceptionExpectedBack","DisplayName":"TaskManager.Api.Tests.ProjectControllerTests.GetProjectsByOrder_ExceptionProject_ExceptionExpectedBack","ExecutorUri":"executor://xunit/VsTestRunner2/netcoreapp","Source":"C:\\Users\\rui_n\\source\\repos\\TaskManagerFinal\\task-manager-1123\\server\\API\\TaskManager.Api.Tests\\bin\\Debug\\net7.0\\fine-code-coverage\\build-output\\TaskManager.Api.Tests.dll","CodeFilePath":null,"LineNumber":0,"Properties":[]},"Attachments":[],"Outcome":1,"ErrorMessage":null,"ErrorStackTrace":null,"DisplayName":"TaskManager.Api.Tests.ProjectControllerTests.GetProjectsByOrder_ExceptionProject_ExceptionExpectedBack","Messages":[],"ComputerName":"LAPTOP-2D8ALFEE","Duration":"00:00:00.0036443","StartTime":"2023-12-04T02:29:19.7083347+00:00","EndTime":"2023-12-04T02:29:19.7083349+00:00","Properties":[]},{"TestCase":{"Id":"2544d1a3-b120-2719-ca46-35c01461e23c","FullyQualifiedName":"TaskManager.Api.Tests.ProjectControllerTests.GetProjects_Project_OrderByDeadLineBack","DisplayName":"TaskManager.Api.Tests.ProjectControllerTests.GetProjects_Project_OrderByDeadLineBack","ExecutorUri":"executor://xunit/VsTestRunner2/netcoreapp","Source":"C:\\Users\\rui_n\\source\\repos\\TaskManagerFinal\\task-manager-1123\\server\\API\\TaskManager.Api.Tests\\bin\\Debug\\net7.0\\fine-code-coverage\\build-output\\TaskManager.Api.Tests.dll","CodeFilePath":null,"LineNumber":0,"Properties":[]},"Attachments":[],"Outcome":1,"ErrorMessage":null,"ErrorStackTrace":null,"DisplayName":"TaskManager.Api.Tests.ProjectControllerTests.GetProjects_Project_OrderByDeadLineBack","Messages":[],"ComputerName":"LAPTOP-2D8ALFEE","Duration":"00:00:00.0067524","StartTime":"2023-12-04T02:29:19.7121545+00:00","EndTime":"2023-12-04T02:29:19.7121546+00:00","Properties":[]},{"TestCase":{"Id":"fa8ec9c8-5021-0089-5241-58f40aed45fd","FullyQualifiedName":"TaskManager.Api.Tests.ProjectControllerTests.ErrorOnInsertNewProject_NewProject_ErrorNullRequestBack","DisplayName":"TaskManager.Api.Tests.ProjectControllerTests.ErrorOnInsertNewProject_NewProject_ErrorNullRequestBack","ExecutorUri":"executor://xunit/VsTestRunner2/netcoreapp","Source":"C:\\Users\\rui_n\\source\\repos\\TaskManagerFinal\\task-manager-1123\\server\\API\\TaskManager.Api.Tests\\bin\\Debug\\net7.0\\fine-code-coverage\\build-output\\TaskManager.Api.Tests.dll","CodeFilePath":null,"LineNumber":0,"Properties":[]},"Attachments":[],"Outcome":1,"ErrorMessage":null,"ErrorStackTrace":null,"DisplayName":"TaskManager.Api.Tests.ProjectControllerTests.ErrorOnInsertNewProject_NewProject_ErrorNullRequestBack","Messages":[],"ComputerName":"LAPTOP-2D8ALFEE","Duration":"00:00:00.0012410","StartTime":"2023-12-04T02:29:19.7157592+00:00","EndTime":"2023-12-04T02:29:19.7157593+00:00","Properties":[]},{"TestCase":{"Id":"880f6c09-55ca-2e35-b89d-44c966611a79","FullyQualifiedName":"TaskManager.Api.Tests.ProjectControllerTests.UpdateProject_UpdateStatusProject_UpdateStatusBack","DisplayName":"TaskManager.Api.Tests.ProjectControllerTests.UpdateProject_UpdateStatusProject_UpdateStatusBack","ExecutorUri":"executor://xunit/VsTestRunner2/netcoreapp","Source":"C:\\Users\\rui_n\\source\\repos\\TaskManagerFinal\\task-manager-1123\\server\\API\\TaskManager.Api.Tests\\bin\\Debug\\net7.0\\fine-code-coverage\\build-output\\TaskManager.Api.Tests.dll","CodeFilePath":null,"LineNumber":0,"Properties":[]},"Attachments":[],"Outcome":1,"ErrorMessage":null,"ErrorStackTrace":null,"DisplayName":"TaskManager.Api.Tests.ProjectControllerTests.UpdateProject_UpdateStatusProject_UpdateStatusBack","Messages":[],"ComputerName":"LAPTOP-2D8ALFEE","Duration":"00:00:00.0092755","StartTime":"2023-12-04T02:29:19.7193645+00:00","EndTime":"2023-12-04T02:29:19.7193646+00:00","Properties":[]},{"TestCase":{"Id":"e79af24c-3c45-755f-5332-0fb5d5974890","FullyQualifiedName":"TaskManager.Api.Tests.ProjectControllerTests.NotFindProject_UpdateProject_GetErrorBack","DisplayName":"TaskManager.Api.Tests.ProjectControllerTests.NotFindProject_UpdateProject_GetErrorBack","ExecutorUri":"executor://xunit/VsTestRunner2/netcoreapp","Source":"C:\\Users\\rui_n\\source\\repos\\TaskManagerFinal\\task-manager-1123\\server\\API\\TaskManager.Api.Tests\\bin\\Debug\\net7.0\\fine-code-coverage\\build-output\\TaskManager.Api.Tests.dll","CodeFilePath":null,"LineNumber":0,"Properties":[]},"Attachments":[],"Outcome":1,"ErrorMessage":null,"ErrorStackTrace":null,"DisplayName":"TaskManager.Api.Tests.ProjectControllerTests.NotFindProject_UpdateProject_GetErrorBack","Messages":[],"ComputerName":"LAPTOP-2D8ALFEE","Duration":"00:00:00.0026483","StartTime":"2023-12-04T02:29:19.7237399+00:00","EndTime":"2023-12-04T02:29:19.7237401+00:00","Properties":[]},{"TestCase":{"Id":"2207bb4a-ed0e-f958-d0be-187e51168c01","FullyQualifiedName":"TaskManager.Api.Tests.ProjectControllerTests.GetAllProjects_ExceptionProject_ExceptionExpectedBack","DisplayName":"TaskManager.Api.Tests.ProjectControllerTests.GetAllProjects_ExceptionProject_ExceptionExpectedBack","ExecutorUri":"executor://xunit/VsTestRunner2/netcoreapp","Source":"C:\\Users\\rui_n\\source\\repos\\TaskManagerFinal\\task-manager-1123\\server\\API\\TaskManager.Api.Tests\\bin\\Debug\\net7.0\\fine-code-coverage\\build-output\\TaskManager.Api.Tests.dll","CodeFilePath":null,"LineNumber":0,"Properties":[]},"Attachments":[],"Outcome":1,"ErrorMessage":null,"ErrorStackTrace":null,"DisplayName":"TaskManager.Api.Tests.ProjectControllerTests.GetAllProjects_ExceptionProject_ExceptionExpectedBack","Messages":[],"ComputerName":"LAPTOP-2D8ALFEE","Duration":"00:00:00.0024798","StartTime":"2023-12-04T02:29:19.7278074+00:00","EndTime":"2023-12-04T02:29:19.7278075+00:00","Properties":[]}],"TestRunStatistics":{"ExecutedTests":8,"Stats":{"Passed":8}},"ActiveTests":[{"Id":"1552ed0a-c088-771f-7755-e30c91d1279d","FullyQualifiedName":"TaskManager.Api.Tests.DALTests.UpdateProject_Project_GetNewProjectBack","DisplayName":"TaskManager.Api.Tests.DALTests.UpdateProject_Project_GetNewProjectBack","ExecutorUri":"executor://xunit/VsTestRunner2/netcoreapp","Source":"C:\\Users\\rui_n\\source\\repos\\TaskManagerFinal\\task-manager-1123\\server\\API\\TaskManager.Api.Tests\\bin\\Debug\\net7.0\\fine-code-coverage\\build-output\\TaskManager.Api.Tests.dll","CodeFilePath":null,"LineNumber":0,"Properties":[]},{"Id":"65e51726-7537-6479-a7d1-ac063e941886","FullyQualifiedName":"TaskManager.Api.Tests.ProjectControllerTests.GetProjectsByOrder_Project_OrderByDescDeadLineBack","DisplayName":"TaskManager.Api.Tests.ProjectControllerTests.GetProjectsByOrder_Project_OrderByDescDeadLineBack","ExecutorUri":"executor://xunit/VsTestRunner2/netcoreapp","Source":"C:\\Users\\rui_n\\source\\repos\\TaskManagerFinal\\task-manager-1123\\server\\API\\TaskManager.Api.Tests\\bin\\Debug\\net7.0\\fine-code-coverage\\build-output\\TaskManager.Api.Tests.dll","CodeFilePath":null,"LineNumber":0,"Properties":[]}]}}
TpTrace Verbose: 0 : 19476, 14, 2023/12/04, 02:29:19.796, 2580355419021, vstest.console.dll, TestRunRequest:SendTestRunStatsChange: Starting.
TpTrace Verbose: 0 : 19476, 14, 2023/12/04, 02:29:19.796, 2580355420399, vstest.console.dll, InProgress is TaskManager.Api.Tests.DALTests.UpdateProject_Project_GetNewProjectBack
TpTrace Verbose: 0 : 19476, 14, 2023/12/04, 02:29:19.796, 2580355420678, vstest.console.dll, InProgress is TaskManager.Api.Tests.ProjectControllerTests.GetProjectsByOrder_Project_OrderByDescDeadLineBack
TpTrace Verbose: 0 : 19476, 14, 2023/12/04, 02:29:19.797, 2580355422457, vstest.console.dll, MulticastDelegateUtilities.SafeInvoke: TestRun.RunStatsChanged: Invoking callbacks was skipped because there are no subscribers.
TpTrace Information: 0 : 19476, 14, 2023/12/04, 02:29:19.797, 2580355422866, vstest.console.dll, TestRunRequest:SendTestRunStatsChange: Completed.
TpTrace Verbose: 0 : 19476, 14, 2023/12/04, 02:29:19.797, 2580355423077, vstest.console.dll, MulticastDelegateUtilities.SafeInvoke: LengthPrefixCommunicationChannel: MessageReceived: Invoking callback 1/1 for Microsoft.VisualStudio.TestPlatform.CommunicationUtilities.TestRequestSender+<>c__DisplayClass34_0., took 28 ms.
TpTrace Verbose: 0 : 19476, 14, 2023/12/04, 02:29:19.797, 2580355423303, vstest.console.dll, TcpClientExtensions.MessageLoopAsync: Polling on remoteEndPoint: 127.0.0.1:59404 localEndPoint: 127.0.0.1:59403
TpTrace Verbose: 0 : 19476, 14, 2023/12/04, 02:29:19.798, 2580355439352, vstest.console.dll, TcpClientExtensions.MessageLoopAsync: NotifyDataAvailable remoteEndPoint: 127.0.0.1:59404 localEndPoint: 127.0.0.1:59403
TpTrace Verbose: 0 : 19476, 14, 2023/12/04, 02:29:19.799, 2580355441847, vstest.console.dll, TestRequestSender.OnExecutionMessageReceived: Received message: {"Version":7,"MessageType":"TestExecution.StatsChange","Payload":{"NewTestResults":[{"TestCase":{"Id":"65e51726-7537-6479-a7d1-ac063e941886","FullyQualifiedName":"TaskManager.Api.Tests.ProjectControllerTests.GetProjectsByOrder_Project_OrderByDescDeadLineBack","DisplayName":"TaskManager.Api.Tests.ProjectControllerTests.GetProjectsByOrder_Project_OrderByDescDeadLineBack","ExecutorUri":"executor://xunit/VsTestRunner2/netcoreapp","Source":"C:\\Users\\rui_n\\source\\repos\\TaskManagerFinal\\task-manager-1123\\server\\API\\TaskManager.Api.Tests\\bin\\Debug\\net7.0\\fine-code-coverage\\build-output\\TaskManager.Api.Tests.dll","CodeFilePath":null,"LineNumber":0,"Properties":[]},"Attachments":[],"Outcome":1,"ErrorMessage":null,"ErrorStackTrace":null,"DisplayName":"TaskManager.Api.Tests.ProjectControllerTests.GetProjectsByOrder_Project_OrderByDescDeadLineBack","Messages":[],"ComputerName":"LAPTOP-2D8ALFEE","Duration":"00:00:00.0028528","StartTime":"2023-12-04T02:29:19.7696847+00:00","EndTime":"2023-12-04T02:29:19.7696847+00:00","Properties":[]},{"TestCase":{"Id":"9f4bc11c-0baa-92d8-9770-edff3afb744b","FullyQualifiedName":"TaskManager.Api.Tests.ProjectControllerTests.UpdateProject_UpdateProject_UpdateProjectBack","DisplayName":"TaskManager.Api.Tests.ProjectControllerTests.UpdateProject_UpdateProject_UpdateProjectBack","ExecutorUri":"executor://xunit/VsTestRunner2/netcoreapp","Source":"C:\\Users\\rui_n\\source\\repos\\TaskManagerFinal\\task-manager-1123\\server\\API\\TaskManager.Api.Tests\\bin\\Debug\\net7.0\\fine-code-coverage\\build-output\\TaskManager.Api.Tests.dll","CodeFilePath":null,"LineNumber":0,"Properties":[]},"Attachments":[],"Outcome":1,"ErrorMessage":null,"ErrorStackTrace":null,"DisplayName":"TaskManager.Api.Tests.ProjectControllerTests.UpdateProject_UpdateProject_UpdateProjectBack","Messages":[],"ComputerName":"LAPTOP-2D8ALFEE","Duration":"00:00:00.0042976","StartTime":"2023-12-04T02:29:19.7731406+00:00","EndTime":"2023-12-04T02:29:19.7731407+00:00","Properties":[]},{"TestCase":{"Id":"c4154f31-1bfc-8227-32a0-7ae9798ec2e0","FullyQualifiedName":"TaskManager.Api.Tests.ProjectControllerTests.RequestIsNullProject_UpdateProject_GetErrorBack","DisplayName":"TaskManager.Api.Tests.ProjectControllerTests.RequestIsNullProject_UpdateProject_GetErrorBack","ExecutorUri":"executor://xunit/VsTestRunner2/netcoreapp","Source":"C:\\Users\\rui_n\\source\\repos\\TaskManagerFinal\\task-manager-1123\\server\\API\\TaskManager.Api.Tests\\bin\\Debug\\net7.0\\fine-code-coverage\\build-output\\TaskManager.Api.Tests.dll","CodeFilePath":null,"LineNumber":0,"Properties":[]},"Attachments":[],"Outcome":1,"ErrorMessage":null,"ErrorStackTrace":null,"DisplayName":"TaskManager.Api.Tests.ProjectControllerTests.RequestIsNullProject_UpdateProject_GetErrorBack","Messages":[],"ComputerName":"LAPTOP-2D8ALFEE","Duration":"00:00:00.0005606","StartTime":"2023-12-04T02:29:19.7760592+00:00","EndTime":"2023-12-04T02:29:19.7760593+00:00","Properties":[]},{"TestCase":{"Id":"728500bd-57ce-c292-731a-c7a00e744b20","FullyQualifiedName":"TaskManager.Api.Tests.ProjectControllerTests.UpdateProject_UpdateProject_UpdateProjectNoTimeSpendUpdateBack","DisplayName":"TaskManager.Api.Tests.ProjectControllerTests.UpdateProject_UpdateProject_UpdateProjectNoTimeSpendUpdateBack","ExecutorUri":"executor://xunit/VsTestRunner2/netcoreapp","Source":"C:\\Users\\rui_n\\source\\repos\\TaskManagerFinal\\task-manager-1123\\server\\API\\TaskManager.Api.Tests\\bin\\Debug\\net7.0\\fine-code-coverage\\build-output\\TaskManager.Api.Tests.dll","CodeFilePath":null,"LineNumber":0,"Properties":[]},"Attachments":[],"Outcome":1,"ErrorMessage":null,"ErrorStackTrace":null,"DisplayName":"TaskManager.Api.Tests.ProjectControllerTests.UpdateProject_UpdateProject_UpdateProjectNoTimeSpendUpdateBack","Messages":[],"ComputerName":"LAPTOP-2D8ALFEE","Duration":"00:00:00.0034442","StartTime":"2023-12-04T02:29:19.7789982+00:00","EndTime":"2023-12-04T02:29:19.7789983+00:00","Properties":[]},{"TestCase":{"Id":"55f63aca-a541-6e31-a038-85d0fe00ec7b","FullyQualifiedName":"TaskManager.Api.Tests.ProjectControllerTests.ErrorOnInsertNewProject_NewProject_ErrorBack","DisplayName":"TaskManager.Api.Tests.ProjectControllerTests.ErrorOnInsertNewProject_NewProject_ErrorBack","ExecutorUri":"executor://xunit/VsTestRunner2/netcoreapp","Source":"C:\\Users\\rui_n\\source\\repos\\TaskManagerFinal\\task-manager-1123\\server\\API\\TaskManager.Api.Tests\\bin\\Debug\\net7.0\\fine-code-coverage\\build-output\\TaskManager.Api.Tests.dll","CodeFilePath":null,"LineNumber":0,"Properties":[]},"Attachments":[],"Outcome":1,"ErrorMessage":null,"ErrorStackTrace":null,"DisplayName":"TaskManager.Api.Tests.ProjectControllerTests.ErrorOnInsertNewProject_NewProject_ErrorBack","Messages":[],"ComputerName":"LAPTOP-2D8ALFEE","Duration":"00:00:00.0015224","StartTime":"2023-12-04T02:29:19.78198+00:00","EndTime":"2023-12-04T02:29:19.7819801+00:00","Properties":[]},{"TestCase":{"Id":"328c1e44-85f9-9cfa-2f3d-1bbd0d0f196f","FullyQualifiedName":"TaskManager.Api.Tests.ProjectControllerTests.HelloWorld_ShouldReply_HelloBack","DisplayName":"TaskManager.Api.Tests.ProjectControllerTests.HelloWorld_ShouldReply_HelloBack","ExecutorUri":"executor://xunit/VsTestRunner2/netcoreapp","Source":"C:\\Users\\rui_n\\source\\repos\\TaskManagerFinal\\task-manager-1123\\server\\API\\TaskManager.Api.Tests\\bin\\Debug\\net7.0\\fine-code-coverage\\build-output\\TaskManager.Api.Tests.dll","CodeFilePath":null,"LineNumber":0,"Properties":[]},"Attachments":[],"Outcome":1,"ErrorMessage":null,"ErrorStackTrace":null,"DisplayName":"TaskManager.Api.Tests.ProjectControllerTests.HelloWorld_ShouldReply_HelloBack","Messages":[],"ComputerName":"LAPTOP-2D8ALFEE","Duration":"00:00:00.0003118","StartTime":"2023-12-04T02:29:19.7855203+00:00","EndTime":"2023-12-04T02:29:19.7855203+00:00","Properties":[]},{"TestCase":{"Id":"b8362d96-ef7e-fa23-27b0-54d9ace61e9d","FullyQualifiedName":"TaskManager.Api.Tests.ProjectControllerTests.InsertNewProject_NewProject_NewCreatedProjectBack","DisplayName":"TaskManager.Api.Tests.ProjectControllerTests.InsertNewProject_NewProject_NewCreatedProjectBack","ExecutorUri":"executor://xunit/VsTestRunner2/netcoreapp","Source":"C:\\Users\\rui_n\\source\\repos\\TaskManagerFinal\\task-manager-1123\\server\\API\\TaskManager.Api.Tests\\bin\\Debug\\net7.0\\fine-code-coverage\\build-output\\TaskManager.Api.Tests.dll","CodeFilePath":null,"LineNumber":0,"Properties":[]},"Attachments":[],"Outcome":1,"ErrorMessage":null,"ErrorStackTrace":null,"DisplayName":"TaskManager.Api.Tests.ProjectControllerTests.InsertNewProject_NewProject_NewCreatedProjectBack","Messages":[],"ComputerName":"LAPTOP-2D8ALFEE","Duration":"00:00:00.0042118","StartTime":"2023-12-04T02:29:19.7888422+00:00","EndTime":"2023-12-04T02:29:19.7888423+00:00","Properties":[]},{"TestCase":{"Id":"a8f05a7f-7dc8-469b-2265-8ca224ba1b86","FullyQualifiedName":"TaskManager.Api.Tests.ProjectControllerTests.NotFindProject_UpdateStatusProject_GetErrorBack","DisplayName":"TaskManager.Api.Tests.ProjectControllerTests.NotFindProject_UpdateStatusProject_GetErrorBack","ExecutorUri":"executor://xunit/VsTestRunner2/netcoreapp","Source":"C:\\Users\\rui_n\\source\\repos\\TaskManagerFinal\\task-manager-1123\\server\\API\\TaskManager.Api.Tests\\bin\\Debug\\net7.0\\fine-code-coverage\\build-output\\TaskManager.Api.Tests.dll","CodeFilePath":null,"LineNumber":0,"Properties":[]},"Attachments":[],"Outcome":1,"ErrorMessage":null,"ErrorStackTrace":null,"DisplayName":"TaskManager.Api.Tests.ProjectControllerTests.NotFindProject_UpdateStatusProject_GetErrorBack","Messages":[],"ComputerName":"LAPTOP-2D8ALFEE","Duration":"00:00:00.0014675","StartTime":"2023-12-04T02:29:19.7920945+00:00","EndTime":"2023-12-04T02:29:19.7920946+00:00","Properties":[]},{"TestCase":{"Id":"25e8d774-c89f-96ca-12de-bb8e56ab2bff","FullyQualifiedName":"TaskManager.Api.Tests.ProjectControllerTests.InsertNewProjectDEfaultDateline_NewProject_NewCreatedProjectWithDefaultDeadLineBack","DisplayName":"TaskManager.Api.Tests.ProjectControllerTests.InsertNewProjectDEfaultDateline_NewProject_NewCreatedProjectWithDefaultDeadLineBack","ExecutorUri":"executor://xunit/VsTestRunner2/netcoreapp","Source":"C:\\Users\\rui_n\\source\\repos\\TaskManagerFinal\\task-manager-1123\\server\\API\\TaskManager.Api.Tests\\bin\\Debug\\net7.0\\fine-code-coverage\\build-output\\TaskManager.Api.Tests.dll","CodeFilePath":null,"LineNumber":0,"Properties":[]},"Attachments":[],"Outcome":1,"ErrorMessage":null,"ErrorStackTrace":null,"DisplayName":"TaskManager.Api.Tests.ProjectControllerTests.InsertNewProjectDEfaultDateline_NewProject_NewCreatedProjectWithDefaultDeadLineBack","Messages":[],"ComputerName":"LAPTOP-2D8ALFEE","Duration":"00:00:00.0028871","StartTime":"2023-12-04T02:29:19.7953584+00:00","EndTime":"2023-12-04T02:29:19.7953585+00:00","Properties":[]}],"TestRunStatistics":{"ExecutedTests":17,"Stats":{"Passed":17}},"ActiveTests":[{"Id":"fca06ebd-8119-0baf-565a-7bfe4917a754","FullyQualifiedName":"TaskManager.Api.Tests.ProjectControllerTests.UpdateProject_UpdateStatusProject_ThrownNewExceptionBack","DisplayName":"TaskManager.Api.Tests.ProjectControllerTests.UpdateProject_UpdateStatusProject_ThrownNewExceptionBack","ExecutorUri":"executor://xunit/VsTestRunner2/netcoreapp","Source":"C:\\Users\\rui_n\\source\\repos\\TaskManagerFinal\\task-manager-1123\\server\\API\\TaskManager.Api.Tests\\bin\\Debug\\net7.0\\fine-code-coverage\\build-output\\TaskManager.Api.Tests.dll","CodeFilePath":null,"LineNumber":0,"Properties":[]}]}}
TpTrace Verbose: 0 : 19476, 14, 2023/12/04, 02:29:19.800, 2580355456381, vstest.console.dll, TestRunRequest:SendTestRunStatsChange: Starting.
TpTrace Verbose: 0 : 19476, 14, 2023/12/04, 02:29:19.800, 2580355457363, vstest.console.dll, InProgress is TaskManager.Api.Tests.ProjectControllerTests.UpdateProject_UpdateStatusProject_ThrownNewExceptionBack
TpTrace Verbose: 0 : 19476, 14, 2023/12/04, 02:29:19.800, 2580355458165, vstest.console.dll, MulticastDelegateUtilities.SafeInvoke: TestRun.RunStatsChanged: Invoking callbacks was skipped because there are no subscribers.
TpTrace Information: 0 : 19476, 14, 2023/12/04, 02:29:19.800, 2580355458475, vstest.console.dll, TestRunRequest:SendTestRunStatsChange: Completed.
TpTrace Verbose: 0 : 19476, 14, 2023/12/04, 02:29:19.800, 2580355458904, vstest.console.dll, MulticastDelegateUtilities.SafeInvoke: LengthPrefixCommunicationChannel: MessageReceived: Invoking callback 1/1 for Microsoft.VisualStudio.TestPlatform.CommunicationUtilities.TestRequestSender+<>c__DisplayClass34_0., took 1 ms.
TpTrace Verbose: 0 : 19476, 14, 2023/12/04, 02:29:19.800, 2580355459280, vstest.console.dll, TcpClientExtensions.MessageLoopAsync: Polling on remoteEndPoint: 127.0.0.1:59404 localEndPoint: 127.0.0.1:59403
TpTrace Verbose: 0 : 19476, 4, 2023/12/04, 02:29:19.801, 2580355462203, vstest.console.dll, MulticastDelegateUtilities.SafeInvoke: InternalTestLoggerEvents.SendTestResult: Invoking callback 1/1 for Microsoft.VisualStudio.TestPlatform.CommandLine.Internal.ConsoleLogger., took 3 ms.
TpTrace Verbose: 0 : 19476, 4, 2023/12/04, 02:29:19.801, 2580355467118, vstest.console.dll, MulticastDelegateUtilities.SafeInvoke: InternalTestLoggerEvents.SendTestResult: Invoking callback 1/1 for Microsoft.VisualStudio.TestPlatform.CommandLine.Internal.ConsoleLogger., took 0 ms.
TpTrace Verbose: 0 : 19476, 4, 2023/12/04, 02:29:19.801, 2580355468495, vstest.console.dll, MulticastDelegateUtilities.SafeInvoke: InternalTestLoggerEvents.SendTestResult: Invoking callback 1/1 for Microsoft.VisualStudio.TestPlatform.CommandLine.Internal.ConsoleLogger., took 0 ms.
TpTrace Verbose: 0 : 19476, 4, 2023/12/04, 02:29:19.801, 2580355468876, vstest.console.dll, MulticastDelegateUtilities.SafeInvoke: InternalTestLoggerEvents.SendTestResult: Invoking callback 1/1 for Microsoft.VisualStudio.TestPlatform.CommandLine.Internal.ConsoleLogger., took 0 ms.
TpTrace Verbose: 0 : 19476, 4, 2023/12/04, 02:29:19.801, 2580355469284, vstest.console.dll, MulticastDelegateUtilities.SafeInvoke: InternalTestLoggerEvents.SendTestResult: Invoking callback 1/1 for Microsoft.VisualStudio.TestPlatform.CommandLine.Internal.ConsoleLogger., took 0 ms.
TpTrace Verbose: 0 : 19476, 4, 2023/12/04, 02:29:19.801, 2580355469609, vstest.console.dll, MulticastDelegateUtilities.SafeInvoke: InternalTestLoggerEvents.SendTestResult: Invoking callback 1/1 for Microsoft.VisualStudio.TestPlatform.CommandLine.Internal.ConsoleLogger., took 0 ms.
TpTrace Verbose: 0 : 19476, 4, 2023/12/04, 02:29:19.801, 2580355469970, vstest.console.dll, MulticastDelegateUtilities.SafeInvoke: InternalTestLoggerEvents.SendTestResult: Invoking callback 1/1 for Microsoft.VisualStudio.TestPlatform.CommandLine.Internal.ConsoleLogger., took 0 ms.
TpTrace Verbose: 0 : 19476, 4, 2023/12/04, 02:29:19.801, 2580355470337, vstest.console.dll, MulticastDelegateUtilities.SafeInvoke: InternalTestLoggerEvents.SendTestResult: Invoking callback 1/1 for Microsoft.VisualStudio.TestPlatform.CommandLine.Internal.ConsoleLogger., took 0 ms.
TpTrace Verbose: 0 : 19476, 4, 2023/12/04, 02:29:19.801, 2580355471327, vstest.console.dll, MulticastDelegateUtilities.SafeInvoke: InternalTestLoggerEvents.SendTestResult: Invoking callback 1/1 for Microsoft.VisualStudio.TestPlatform.CommandLine.Internal.ConsoleLogger., took 0 ms.
TpTrace Verbose: 0 : 19476, 4, 2023/12/04, 02:29:19.802, 2580355471845, vstest.console.dll, MulticastDelegateUtilities.SafeInvoke: InternalTestLoggerEvents.SendTestResult: Invoking callback 1/1 for Microsoft.VisualStudio.TestPlatform.CommandLine.Internal.ConsoleLogger., took 0 ms.
TpTrace Verbose: 0 : 19476, 4, 2023/12/04, 02:29:19.803, 2580355481743, vstest.console.dll, MulticastDelegateUtilities.SafeInvoke: InternalTestLoggerEvents.SendTestResult: Invoking callback 1/1 for Microsoft.VisualStudio.TestPlatform.CommandLine.Internal.ConsoleLogger., took 0 ms.
TpTrace Verbose: 0 : 19476, 4, 2023/12/04, 02:29:19.803, 2580355483372, vstest.console.dll, MulticastDelegateUtilities.SafeInvoke: InternalTestLoggerEvents.SendTestResult: Invoking callback 1/1 for Microsoft.VisualStudio.TestPlatform.CommandLine.Internal.ConsoleLogger., took 0 ms.
TpTrace Verbose: 0 : 19476, 4, 2023/12/04, 02:29:19.803, 2580355484022, vstest.console.dll, MulticastDelegateUtilities.SafeInvoke: InternalTestLoggerEvents.SendTestResult: Invoking callback 1/1 for Microsoft.VisualStudio.TestPlatform.CommandLine.Internal.ConsoleLogger., took 0 ms.
TpTrace Verbose: 0 : 19476, 4, 2023/12/04, 02:29:19.803, 2580355484421, vstest.console.dll, MulticastDelegateUtilities.SafeInvoke: InternalTestLoggerEvents.SendTestResult: Invoking callback 1/1 for Microsoft.VisualStudio.TestPlatform.CommandLine.Internal.ConsoleLogger., took 0 ms.
TpTrace Verbose: 0 : 19476, 4, 2023/12/04, 02:29:19.803, 2580355484876, vstest.console.dll, MulticastDelegateUtilities.SafeInvoke: InternalTestLoggerEvents.SendTestResult: Invoking callback 1/1 for Microsoft.VisualStudio.TestPlatform.CommandLine.Internal.ConsoleLogger., took 0 ms.
TpTrace Verbose: 0 : 19476, 4, 2023/12/04, 02:29:19.803, 2580355485739, vstest.console.dll, MulticastDelegateUtilities.SafeInvoke: InternalTestLoggerEvents.SendTestResult: Invoking callback 1/1 for Microsoft.VisualStudio.TestPlatform.CommandLine.Internal.ConsoleLogger., took 0 ms.
TpTrace Verbose: 0 : 19476, 4, 2023/12/04, 02:29:19.803, 2580355486310, vstest.console.dll, MulticastDelegateUtilities.SafeInvoke: InternalTestLoggerEvents.SendTestResult: Invoking callback 1/1 for Microsoft.VisualStudio.TestPlatform.CommandLine.Internal.ConsoleLogger., took 0 ms.
TpTrace Verbose: 0 : 19476, 14, 2023/12/04, 02:29:19.825, 2580355708469, vstest.console.dll, TcpClientExtensions.MessageLoopAsync: NotifyDataAvailable remoteEndPoint: 127.0.0.1:59404 localEndPoint: 127.0.0.1:59403
TpTrace Verbose: 0 : 19476, 14, 2023/12/04, 02:29:19.825, 2580355711388, vstest.console.dll, TestRequestSender.OnExecutionMessageReceived: Received message: {"Version":7,"MessageType":"TestExecution.StatsChange","Payload":{"NewTestResults":[{"TestCase":{"Id":"fca06ebd-8119-0baf-565a-7bfe4917a754","FullyQualifiedName":"TaskManager.Api.Tests.ProjectControllerTests.UpdateProject_UpdateStatusProject_ThrownNewExceptionBack","DisplayName":"TaskManager.Api.Tests.ProjectControllerTests.UpdateProject_UpdateStatusProject_ThrownNewExceptionBack","ExecutorUri":"executor://xunit/VsTestRunner2/netcoreapp","Source":"C:\\Users\\rui_n\\source\\repos\\TaskManagerFinal\\task-manager-1123\\server\\API\\TaskManager.Api.Tests\\bin\\Debug\\net7.0\\fine-code-coverage\\build-output\\TaskManager.Api.Tests.dll","CodeFilePath":null,"LineNumber":0,"Properties":[]},"Attachments":[],"Outcome":1,"ErrorMessage":null,"ErrorStackTrace":null,"DisplayName":"TaskManager.Api.Tests.ProjectControllerTests.UpdateProject_UpdateStatusProject_ThrownNewExceptionBack","Messages":[],"ComputerName":"LAPTOP-2D8ALFEE","Duration":"00:00:00.0014582","StartTime":"2023-12-04T02:29:19.8006554+00:00","EndTime":"2023-12-04T02:29:19.8006555+00:00","Properties":[]},{"TestCase":{"Id":"a5ec4f5a-c664-3143-96e4-ca7e8546d676","FullyQualifiedName":"TaskManager.Api.Tests.ProjectControllerTests.NotValidTimeUsedProject_UpdateTimeUsedProject_GetErrorBack","DisplayName":"TaskManager.Api.Tests.ProjectControllerTests.NotValidTimeUsedProject_UpdateTimeUsedProject_GetErrorBack","ExecutorUri":"executor://xunit/VsTestRunner2/netcoreapp","Source":"C:\\Users\\rui_n\\source\\repos\\TaskManagerFinal\\task-manager-1123\\server\\API\\TaskManager.Api.Tests\\bin\\Debug\\net7.0\\fine-code-coverage\\build-output\\TaskManager.Api.Tests.dll","CodeFilePath":null,"LineNumber":0,"Properties":[]},"Attachments":[],"Outcome":1,"ErrorMessage":null,"ErrorStackTrace":null,"DisplayName":"TaskManager.Api.Tests.ProjectControllerTests.NotValidTimeUsedProject_UpdateTimeUsedProject_GetErrorBack","Messages":[],"ComputerName":"LAPTOP-2D8ALFEE","Duration":"00:00:00.0005368","StartTime":"2023-12-04T02:29:19.8041947+00:00","EndTime":"2023-12-04T02:29:19.8041951+00:00","Properties":[]},{"TestCase":{"Id":"db330765-c287-9be4-d181-4a1cd294ed44","FullyQualifiedName":"TaskManager.Api.Tests.ProjectControllerTests.UpdateTimeUsedProject_UpdateTimeUsedProject_UpdateTimeSuccessBack","DisplayName":"TaskManager.Api.Tests.ProjectControllerTests.UpdateTimeUsedProject_UpdateTimeUsedProject_UpdateTimeSuccessBack","ExecutorUri":"executor://xunit/VsTestRunner2/netcoreapp","Source":"C:\\Users\\rui_n\\source\\repos\\TaskManagerFinal\\task-manager-1123\\server\\API\\TaskManager.Api.Tests\\bin\\Debug\\net7.0\\fine-code-coverage\\build-output\\TaskManager.Api.Tests.dll","CodeFilePath":null,"LineNumber":0,"Properties":[]},"Attachments":[],"Outcome":1,"ErrorMessage":null,"ErrorStackTrace":null,"DisplayName":"TaskManager.Api.Tests.ProjectControllerTests.UpdateTimeUsedProject_UpdateTimeUsedProject_UpdateTimeSuccessBack","Messages":[],"ComputerName":"LAPTOP-2D8ALFEE","Duration":"00:00:00.0034730","StartTime":"2023-12-04T02:29:19.807018+00:00","EndTime":"2023-12-04T02:29:19.8070181+00:00","Properties":[]},{"TestCase":{"Id":"18769593-8b4b-1ebc-de31-d007d25259e3","FullyQualifiedName":"TaskManager.Api.Tests.ProjectControllerTests.GetProjectsByPage_MaxPagesExceedProject_AllProjectBack","DisplayName":"TaskManager.Api.Tests.ProjectControllerTests.GetProjectsByPage_MaxPagesExceedProject_AllProjectBack","ExecutorUri":"executor://xunit/VsTestRunner2/netcoreapp","Source":"C:\\Users\\rui_n\\source\\repos\\TaskManagerFinal\\task-manager-1123\\server\\API\\TaskManager.Api.Tests\\bin\\Debug\\net7.0\\fine-code-coverage\\build-output\\TaskManager.Api.Tests.dll","CodeFilePath":null,"LineNumber":0,"Properties":[]},"Attachments":[],"Outcome":1,"ErrorMessage":null,"ErrorStackTrace":null,"DisplayName":"TaskManager.Api.Tests.ProjectControllerTests.GetProjectsByPage_MaxPagesExceedProject_AllProjectBack","Messages":[],"ComputerName":"LAPTOP-2D8ALFEE","Duration":"00:00:00.0031565","StartTime":"2023-12-04T02:29:19.8095909+00:00","EndTime":"2023-12-04T02:29:19.809591+00:00","Properties":[]},{"TestCase":{"Id":"ff5c6eaa-2f3a-8c29-14da-565ad533879a","FullyQualifiedName":"TaskManager.Api.Tests.ProjectControllerTests.NullDeadLineUpdateProject_UpdateProject_UpdateProjectBack","DisplayName":"TaskManager.Api.Tests.ProjectControllerTests.NullDeadLineUpdateProject_UpdateProject_UpdateProjectBack","ExecutorUri":"executor://xunit/VsTestRunner2/netcoreapp","Source":"C:\\Users\\rui_n\\source\\repos\\TaskManagerFinal\\task-manager-1123\\server\\API\\TaskManager.Api.Tests\\bin\\Debug\\net7.0\\fine-code-coverage\\build-output\\TaskManager.Api.Tests.dll","CodeFilePath":null,"LineNumber":0,"Properties":[]},"Attachments":[],"Outcome":1,"ErrorMessage":null,"ErrorStackTrace":null,"DisplayName":"TaskManager.Api.Tests.ProjectControllerTests.NullDeadLineUpdateProject_UpdateProject_UpdateProjectBack","Messages":[],"ComputerName":"LAPTOP-2D8ALFEE","Duration":"00:00:00.0035796","StartTime":"2023-12-04T02:29:19.8124833+00:00","EndTime":"2023-12-04T02:29:19.8124834+00:00","Properties":[]},{"TestCase":{"Id":"83546b5d-9423-d5d6-fd0c-79b3b32e1482","FullyQualifiedName":"TaskManager.Api.Tests.ProjectControllerTests.NameOnRequestProject_UpdateProject_GetErrorBack","DisplayName":"TaskManager.Api.Tests.ProjectControllerTests.NameOnRequestProject_UpdateProject_GetErrorBack","ExecutorUri":"executor://xunit/VsTestRunner2/netcoreapp","Source":"C:\\Users\\rui_n\\source\\repos\\TaskManagerFinal\\task-manager-1123\\server\\API\\TaskManager.Api.Tests\\bin\\Debug\\net7.0\\fine-code-coverage\\build-output\\TaskManager.Api.Tests.dll","CodeFilePath":null,"LineNumber":0,"Properties":[]},"Attachments":[],"Outcome":1,"ErrorMessage":null,"ErrorStackTrace":null,"DisplayName":"TaskManager.Api.Tests.ProjectControllerTests.NameOnRequestProject_UpdateProject_GetErrorBack","Messages":[],"ComputerName":"LAPTOP-2D8ALFEE","Duration":"00:00:00.0006690","StartTime":"2023-12-04T02:29:19.8152712+00:00","EndTime":"2023-12-04T02:29:19.8152713+00:00","Properties":[]},{"TestCase":{"Id":"26127c56-cf6f-f342-b8a5-f1b66696db2b","FullyQualifiedName":"TaskManager.Api.Tests.ProjectControllerTests.InsertNewProjectNoDeadLine_NewProject_NewCreatedProjectBack","DisplayName":"TaskManager.Api.Tests.ProjectControllerTests.InsertNewProjectNoDeadLine_NewProject_NewCreatedProjectBack","ExecutorUri":"executor://xunit/VsTestRunner2/netcoreapp","Source":"C:\\Users\\rui_n\\source\\repos\\TaskManagerFinal\\task-manager-1123\\server\\API\\TaskManager.Api.Tests\\bin\\Debug\\net7.0\\fine-code-coverage\\build-output\\TaskManager.Api.Tests.dll","CodeFilePath":null,"LineNumber":0,"Properties":[]},"Attachments":[],"Outcome":1,"ErrorMessage":null,"ErrorStackTrace":null,"DisplayName":"TaskManager.Api.Tests.ProjectControllerTests.InsertNewProjectNoDeadLine_NewProject_NewCreatedProjectBack","Messages":[],"ComputerName":"LAPTOP-2D8ALFEE","Duration":"00:00:00.0028319","StartTime":"2023-12-04T02:29:19.8181849+00:00","EndTime":"2023-12-04T02:29:19.8181849+00:00","Properties":[]},{"TestCase":{"Id":"55f9c897-e466-1b10-4408-6006e2ffe41d","FullyQualifiedName":"TaskManager.Api.Tests.ProjectControllerTests.UpdateTimeUsedProject_UpdateTimeUsedProject_GetErrorBack","DisplayName":"TaskManager.Api.Tests.ProjectControllerTests.UpdateTimeUsedProject_UpdateTimeUsedProject_GetErrorBack","ExecutorUri":"executor://xunit/VsTestRunner2/netcoreapp","Source":"C:\\Users\\rui_n\\source\\repos\\TaskManagerFinal\\task-manager-1123\\server\\API\\TaskManager.Api.Tests\\bin\\Debug\\net7.0\\fine-code-coverage\\build-output\\TaskManager.Api.Tests.dll","CodeFilePath":null,"LineNumber":0,"Properties":[]},"Attachments":[],"Outcome":1,"ErrorMessage":null,"ErrorStackTrace":null,"DisplayName":"TaskManager.Api.Tests.ProjectControllerTests.UpdateTimeUsedProject_UpdateTimeUsedProject_GetErrorBack","Messages":[],"ComputerName":"LAPTOP-2D8ALFEE","Duration":"00:00:00.0013810","StartTime":"2023-12-04T02:29:19.8210084+00:00","EndTime":"2023-12-04T02:29:19.8210085+00:00","Properties":[]},{"TestCase":{"Id":"28f7d19f-764a-1561-6b72-78d4396e3797","FullyQualifiedName":"TaskManager.Api.Tests.ProjectControllerTests.InsertNewProject_NewProject_ThrowNewExceptionProjectBack","DisplayName":"TaskManager.Api.Tests.ProjectControllerTests.InsertNewProject_NewProject_ThrowNewExceptionProjectBack","ExecutorUri":"executor://xunit/VsTestRunner2/netcoreapp","Source":"C:\\Users\\rui_n\\source\\repos\\TaskManagerFinal\\task-manager-1123\\server\\API\\TaskManager.Api.Tests\\bin\\Debug\\net7.0\\fine-code-coverage\\build-output\\TaskManager.Api.Tests.dll","CodeFilePath":null,"LineNumber":0,"Properties":[]},"Attachments":[],"Outcome":1,"ErrorMessage":null,"ErrorStackTrace":null,"DisplayName":"TaskManager.Api.Tests.ProjectControllerTests.InsertNewProject_NewProject_ThrowNewExceptionProjectBack","Messages":[],"ComputerName":"LAPTOP-2D8ALFEE","Duration":"00:00:00.0012484","StartTime":"2023-12-04T02:29:19.823885+00:00","EndTime":"2023-12-04T02:29:19.8238851+00:00","Properties":[]}],"TestRunStatistics":{"ExecutedTests":26,"Stats":{"Passed":26}},"ActiveTests":[{"Id":"056f6e05-a519-3996-58b9-4727c30bcbec","FullyQualifiedName":"TaskManager.Api.Tests.ProjectControllerTests.InsertNewProjectInvalidDeadline_NewProject_NewCreatedProjectWithDefaultDeadLineBack","DisplayName":"TaskManager.Api.Tests.ProjectControllerTests.InsertNewProjectInvalidDeadline_NewProject_NewCreatedProjectWithDefaultDeadLineBack","ExecutorUri":"executor://xunit/VsTestRunner2/netcoreapp","Source":"C:\\Users\\rui_n\\source\\repos\\TaskManagerFinal\\task-manager-1123\\server\\API\\TaskManager.Api.Tests\\bin\\Debug\\net7.0\\fine-code-coverage\\build-output\\TaskManager.Api.Tests.dll","CodeFilePath":null,"LineNumber":0,"Properties":[]}]}}
TpTrace Verbose: 0 : 19476, 14, 2023/12/04, 02:29:19.826, 2580355720578, vstest.console.dll, TestRunRequest:SendTestRunStatsChange: Starting.
TpTrace Verbose: 0 : 19476, 14, 2023/12/04, 02:29:19.827, 2580355721949, vstest.console.dll, InProgress is TaskManager.Api.Tests.ProjectControllerTests.InsertNewProjectInvalidDeadline_NewProject_NewCreatedProjectWithDefaultDeadLineBack
TpTrace Verbose: 0 : 19476, 14, 2023/12/04, 02:29:19.827, 2580355722679, vstest.console.dll, MulticastDelegateUtilities.SafeInvoke: TestRun.RunStatsChanged: Invoking callbacks was skipped because there are no subscribers.
TpTrace Information: 0 : 19476, 14, 2023/12/04, 02:29:19.827, 2580355723023, vstest.console.dll, TestRunRequest:SendTestRunStatsChange: Completed.
TpTrace Verbose: 0 : 19476, 14, 2023/12/04, 02:29:19.827, 2580355723371, vstest.console.dll, MulticastDelegateUtilities.SafeInvoke: LengthPrefixCommunicationChannel: MessageReceived: Invoking callback 1/1 for Microsoft.VisualStudio.TestPlatform.CommunicationUtilities.TestRequestSender+<>c__DisplayClass34_0., took 1 ms.
TpTrace Verbose: 0 : 19476, 14, 2023/12/04, 02:29:19.827, 2580355723693, vstest.console.dll, TcpClientExtensions.MessageLoopAsync: Polling on remoteEndPoint: 127.0.0.1:59404 localEndPoint: 127.0.0.1:59403
TpTrace Verbose: 0 : 19476, 4, 2023/12/04, 02:29:19.827, 2580355723837, vstest.console.dll, MulticastDelegateUtilities.SafeInvoke: InternalTestLoggerEvents.SendTestResult: Invoking callback 1/1 for Microsoft.VisualStudio.TestPlatform.CommandLine.Internal.ConsoleLogger., took 0 ms.
TpTrace Verbose: 0 : 19476, 4, 2023/12/04, 02:29:19.827, 2580355725034, vstest.console.dll, MulticastDelegateUtilities.SafeInvoke: InternalTestLoggerEvents.SendTestResult: Invoking callback 1/1 for Microsoft.VisualStudio.TestPlatform.CommandLine.Internal.ConsoleLogger., took 0 ms.
TpTrace Verbose: 0 : 19476, 4, 2023/12/04, 02:29:19.827, 2580355725529, vstest.console.dll, MulticastDelegateUtilities.SafeInvoke: InternalTestLoggerEvents.SendTestResult: Invoking callback 1/1 for Microsoft.VisualStudio.TestPlatform.CommandLine.Internal.ConsoleLogger., took 0 ms.
TpTrace Verbose: 0 : 19476, 4, 2023/12/04, 02:29:19.827, 2580355725975, vstest.console.dll, MulticastDelegateUtilities.SafeInvoke: InternalTestLoggerEvents.SendTestResult: Invoking callback 1/1 for Microsoft.VisualStudio.TestPlatform.CommandLine.Internal.ConsoleLogger., took 0 ms.
TpTrace Verbose: 0 : 19476, 4, 2023/12/04, 02:29:19.827, 2580355726408, vstest.console.dll, MulticastDelegateUtilities.SafeInvoke: InternalTestLoggerEvents.SendTestResult: Invoking callback 1/1 for Microsoft.VisualStudio.TestPlatform.CommandLine.Internal.ConsoleLogger., took 0 ms.
TpTrace Verbose: 0 : 19476, 4, 2023/12/04, 02:29:19.827, 2580355726778, vstest.console.dll, MulticastDelegateUtilities.SafeInvoke: InternalTestLoggerEvents.SendTestResult: Invoking callback 1/1 for Microsoft.VisualStudio.TestPlatform.CommandLine.Internal.ConsoleLogger., took 0 ms.
TpTrace Verbose: 0 : 19476, 4, 2023/12/04, 02:29:19.827, 2580355727211, vstest.console.dll, MulticastDelegateUtilities.SafeInvoke: InternalTestLoggerEvents.SendTestResult: Invoking callback 1/1 for Microsoft.VisualStudio.TestPlatform.CommandLine.Internal.ConsoleLogger., took 0 ms.
TpTrace Verbose: 0 : 19476, 4, 2023/12/04, 02:29:19.827, 2580355727623, vstest.console.dll, MulticastDelegateUtilities.SafeInvoke: InternalTestLoggerEvents.SendTestResult: Invoking callback 1/1 for Microsoft.VisualStudio.TestPlatform.CommandLine.Internal.ConsoleLogger., took 0 ms.
TpTrace Verbose: 0 : 19476, 4, 2023/12/04, 02:29:19.827, 2580355728011, vstest.console.dll, MulticastDelegateUtilities.SafeInvoke: InternalTestLoggerEvents.SendTestResult: Invoking callback 1/1 for Microsoft.VisualStudio.TestPlatform.CommandLine.Internal.ConsoleLogger., took 0 ms.
TpTrace Verbose: 0 : 19476, 14, 2023/12/04, 02:29:20.234, 2580359799646, vstest.console.dll, TcpClientExtensions.MessageLoopAsync: NotifyDataAvailable remoteEndPoint: 127.0.0.1:59404 localEndPoint: 127.0.0.1:59403
TpTrace Verbose: 0 : 19476, 14, 2023/12/04, 02:29:20.235, 2580359802515, vstest.console.dll, TestRequestSender.OnExecutionMessageReceived: Received message: {"Version":7,"MessageType":"TestExecution.StatsChange","Payload":{"NewTestResults":[{"TestCase":{"Id":"056f6e05-a519-3996-58b9-4727c30bcbec","FullyQualifiedName":"TaskManager.Api.Tests.ProjectControllerTests.InsertNewProjectInvalidDeadline_NewProject_NewCreatedProjectWithDefaultDeadLineBack","DisplayName":"TaskManager.Api.Tests.ProjectControllerTests.InsertNewProjectInvalidDeadline_NewProject_NewCreatedProjectWithDefaultDeadLineBack","ExecutorUri":"executor://xunit/VsTestRunner2/netcoreapp","Source":"C:\\Users\\rui_n\\source\\repos\\TaskManagerFinal\\task-manager-1123\\server\\API\\TaskManager.Api.Tests\\bin\\Debug\\net7.0\\fine-code-coverage\\build-output\\TaskManager.Api.Tests.dll","CodeFilePath":null,"LineNumber":0,"Properties":[]},"Attachments":[],"Outcome":1,"ErrorMessage":null,"ErrorStackTrace":null,"DisplayName":"TaskManager.Api.Tests.ProjectControllerTests.InsertNewProjectInvalidDeadline_NewProject_NewCreatedProjectWithDefaultDeadLineBack","Messages":[],"ComputerName":"LAPTOP-2D8ALFEE","Duration":"00:00:00.0023301","StartTime":"2023-12-04T02:29:19.8273247+00:00","EndTime":"2023-12-04T02:29:19.8273248+00:00","Properties":[]},{"TestCase":{"Id":"a2e4773a-2087-73f2-8ac6-1e5153f2285b","FullyQualifiedName":"TaskManager.Api.Tests.ProjectControllerTests.NotFindProject_UpdateProject_ThrowNewExceptionErrorBack","DisplayName":"TaskManager.Api.Tests.ProjectControllerTests.NotFindProject_UpdateProject_ThrowNewExceptionErrorBack","ExecutorUri":"executor://xunit/VsTestRunner2/netcoreapp","Source":"C:\\Users\\rui_n\\source\\repos\\TaskManagerFinal\\task-manager-1123\\server\\API\\TaskManager.Api.Tests\\bin\\Debug\\net7.0\\fine-code-coverage\\build-output\\TaskManager.Api.Tests.dll","CodeFilePath":null,"LineNumber":0,"Properties":[]},"Attachments":[],"Outcome":1,"ErrorMessage":null,"ErrorStackTrace":null,"DisplayName":"TaskManager.Api.Tests.ProjectControllerTests.NotFindProject_UpdateProject_ThrowNewExceptionErrorBack","Messages":[],"ComputerName":"LAPTOP-2D8ALFEE","Duration":"00:00:00.0014450","StartTime":"2023-12-04T02:29:19.8301963+00:00","EndTime":"2023-12-04T02:29:19.8301963+00:00","Properties":[]},{"TestCase":{"Id":"28bd4074-5810-774d-878c-e78ac780ec4e","FullyQualifiedName":"TaskManager.Api.Tests.ProjectControllerTests.GetProjectsByPage_LessThanZeroProjectsProject_AllProjectBack","DisplayName":"TaskManager.Api.Tests.ProjectControllerTests.GetProjectsByPage_LessThanZeroProjectsProject_AllProjectBack","ExecutorUri":"executor://xunit/VsTestRunner2/netcoreapp","Source":"C:\\Users\\rui_n\\source\\repos\\TaskManagerFinal\\task-manager-1123\\server\\API\\TaskManager.Api.Tests\\bin\\Debug\\net7.0\\fine-code-coverage\\build-output\\TaskManager.Api.Tests.dll","CodeFilePath":null,"LineNumber":0,"Properties":[]},"Attachments":[],"Outcome":1,"ErrorMessage":null,"ErrorStackTrace":null,"DisplayName":"TaskManager.Api.Tests.ProjectControllerTests.GetProjectsByPage_LessThanZeroProjectsProject_AllProjectBack","Messages":[],"ComputerName":"LAPTOP-2D8ALFEE","Duration":"00:00:00.0032494","StartTime":"2023-12-04T02:29:19.8330429+00:00","EndTime":"2023-12-04T02:29:19.833043+00:00","Properties":[]},{"TestCase":{"Id":"790eb00c-7169-3386-58f1-d7056d424c5b","FullyQualifiedName":"TaskManager.Api.Tests.ProjectControllerTests.NotUpdateProject_UpdateProject_UpdateProjectDeadLineInPastBack","DisplayName":"TaskManager.Api.Tests.ProjectControllerTests.NotUpdateProject_UpdateProject_UpdateProjectDeadLineInPastBack","ExecutorUri":"executor://xunit/VsTestRunner2/netcoreapp","Source":"C:\\Users\\rui_n\\source\\repos\\TaskManagerFinal\\task-manager-1123\\server\\API\\TaskManager.Api.Tests\\bin\\Debug\\net7.0\\fine-code-coverage\\build-output\\TaskManager.Api.Tests.dll","CodeFilePath":null,"LineNumber":0,"Properties":[]},"Attachments":[],"Outcome":1,"ErrorMessage":null,"ErrorStackTrace":null,"DisplayName":"TaskManager.Api.Tests.ProjectControllerTests.NotUpdateProject_UpdateProject_UpdateProjectDeadLineInPastBack","Messages":[],"ComputerName":"LAPTOP-2D8ALFEE","Duration":"00:00:00.0032249","StartTime":"2023-12-04T02:29:19.8364371+00:00","EndTime":"2023-12-04T02:29:19.8364371+00:00","Properties":[]},{"TestCase":{"Id":"626ca157-73ce-232f-4f63-612c0b1293d4","FullyQualifiedName":"TaskManager.Api.Tests.ProjectControllerTests.GetProject_Project_AllProjectBack","DisplayName":"TaskManager.Api.Tests.ProjectControllerTests.GetProject_Project_AllProjectBack","ExecutorUri":"executor://xunit/VsTestRunner2/netcoreapp","Source":"C:\\Users\\rui_n\\source\\repos\\TaskManagerFinal\\task-manager-1123\\server\\API\\TaskManager.Api.Tests\\bin\\Debug\\net7.0\\fine-code-coverage\\build-output\\TaskManager.Api.Tests.dll","CodeFilePath":null,"LineNumber":0,"Properties":[]},"Attachments":[],"Outcome":1,"ErrorMessage":null,"ErrorStackTrace":null,"DisplayName":"TaskManager.Api.Tests.ProjectControllerTests.GetProject_Project_AllProjectBack","Messages":[],"ComputerName":"LAPTOP-2D8ALFEE","Duration":"00:00:00.0033519","StartTime":"2023-12-04T02:29:19.8392564+00:00","EndTime":"2023-12-04T02:29:19.8392564+00:00","Properties":[]},{"TestCase":{"Id":"1552ed0a-c088-771f-7755-e30c91d1279d","FullyQualifiedName":"TaskManager.Api.Tests.DALTests.UpdateProject_Project_GetNewProjectBack","DisplayName":"TaskManager.Api.Tests.DALTests.UpdateProject_Project_GetNewProjectBack","ExecutorUri":"executor://xunit/VsTestRunner2/netcoreapp","Source":"C:\\Users\\rui_n\\source\\repos\\TaskManagerFinal\\task-manager-1123\\server\\API\\TaskManager.Api.Tests\\bin\\Debug\\net7.0\\fine-code-coverage\\build-output\\TaskManager.Api.Tests.dll","CodeFilePath":null,"LineNumber":0,"Properties":[]},"Attachments":[],"Outcome":1,"ErrorMessage":null,"ErrorStackTrace":null,"DisplayName":"TaskManager.Api.Tests.DALTests.UpdateProject_Project_GetNewProjectBack","Messages":[],"ComputerName":"LAPTOP-2D8ALFEE","Duration":"00:00:00.6096605","StartTime":"2023-12-04T02:29:20.1537918+00:00","EndTime":"2023-12-04T02:29:20.153792+00:00","Properties":[]},{"TestCase":{"Id":"1b800095-0e89-81d6-f95b-e7299cecb7f6","FullyQualifiedName":"TaskManager.Api.Tests.DALTests.InsertProject_Project_GetNewProjectBack","DisplayName":"TaskManager.Api.Tests.DALTests.InsertProject_Project_GetNewProjectBack","ExecutorUri":"executor://xunit/VsTestRunner2/netcoreapp","Source":"C:\\Users\\rui_n\\source\\repos\\TaskManagerFinal\\task-manager-1123\\server\\API\\TaskManager.Api.Tests\\bin\\Debug\\net7.0\\fine-code-coverage\\build-output\\TaskManager.Api.Tests.dll","CodeFilePath":null,"LineNumber":0,"Properties":[]},"Attachments":[],"Outcome":1,"ErrorMessage":null,"ErrorStackTrace":null,"DisplayName":"TaskManager.Api.Tests.DALTests.InsertProject_Project_GetNewProjectBack","Messages":[],"ComputerName":"LAPTOP-2D8ALFEE","Duration":"00:00:00.0389303","StartTime":"2023-12-04T02:29:20.1928177+00:00","EndTime":"2023-12-04T02:29:20.1928179+00:00","Properties":[]},{"TestCase":{"Id":"e7cf38e0-23c2-503b-be0f-70d111545c4f","FullyQualifiedName":"TaskManager.Api.Tests.DALTests.GetProjects_Project_ByPaginationNoOrderGiveTwoProjectByPageDescBack","DisplayName":"TaskManager.Api.Tests.DALTests.GetProjects_Project_ByPaginationNoOrderGiveTwoProjectByPageDescBack","ExecutorUri":"executor://xunit/VsTestRunner2/netcoreapp","Source":"C:\\Users\\rui_n\\source\\repos\\TaskManagerFinal\\task-manager-1123\\server\\API\\TaskManager.Api.Tests\\bin\\Debug\\net7.0\\fine-code-coverage\\build-output\\TaskManager.Api.Tests.dll","CodeFilePath":null,"LineNumber":0,"Properties":[]},"Attachments":[],"Outcome":1,"ErrorMessage":null,"ErrorStackTrace":null,"DisplayName":"TaskManager.Api.Tests.DALTests.GetProjects_Project_ByPaginationNoOrderGiveTwoProjectByPageDescBack","Messages":[],"ComputerName":"LAPTOP-2D8ALFEE","Duration":"00:00:00.0295855","StartTime":"2023-12-04T02:29:20.2225652+00:00","EndTime":"2023-12-04T02:29:20.2225654+00:00","Properties":[]},{"TestCase":{"Id":"9d0abb81-d89e-8b02-cded-ba0a8ef13d1f","FullyQualifiedName":"TaskManager.Api.Tests.DALTests.GetProjects_Project_AllProjectsOrderByDeadLineDescBack","DisplayName":"TaskManager.Api.Tests.DALTests.GetProjects_Project_AllProjectsOrderByDeadLineDescBack","ExecutorUri":"executor://xunit/VsTestRunner2/netcoreapp","Source":"C:\\Users\\rui_n\\source\\repos\\TaskManagerFinal\\task-manager-1123\\server\\API\\TaskManager.Api.Tests\\bin\\Debug\\net7.0\\fine-code-coverage\\build-output\\TaskManager.Api.Tests.dll","CodeFilePath":null,"LineNumber":0,"Properties":[]},"Attachments":[],"Outcome":1,"ErrorMessage":null,"ErrorStackTrace":null,"DisplayName":"TaskManager.Api.Tests.DALTests.GetProjects_Project_AllProjectsOrderByDeadLineDescBack","Messages":[],"ComputerName":"LAPTOP-2D8ALFEE","Duration":"00:00:00.0098140","StartTime":"2023-12-04T02:29:20.2324824+00:00","EndTime":"2023-12-04T02:29:20.2324827+00:00","Properties":[]}],"TestRunStatistics":{"ExecutedTests":35,"Stats":{"Passed":35}},"ActiveTests":[{"Id":"a61d5887-ac5b-cf5f-0966-d72933388dc8","FullyQualifiedName":"TaskManager.Api.Tests.DALTests.GetProjects_Project_NoProjectsFoundBack","DisplayName":"TaskManager.Api.Tests.DALTests.GetProjects_Project_NoProjectsFoundBack","ExecutorUri":"executor://xunit/VsTestRunner2/netcoreapp","Source":"C:\\Users\\rui_n\\source\\repos\\TaskManagerFinal\\task-manager-1123\\server\\API\\TaskManager.Api.Tests\\bin\\Debug\\net7.0\\fine-code-coverage\\build-output\\TaskManager.Api.Tests.dll","CodeFilePath":null,"LineNumber":0,"Properties":[]}]}}
TpTrace Verbose: 0 : 19476, 14, 2023/12/04, 02:29:20.236, 2580359819035, vstest.console.dll, TestRunRequest:SendTestRunStatsChange: Starting.
TpTrace Verbose: 0 : 19476, 14, 2023/12/04, 02:29:20.236, 2580359819834, vstest.console.dll, InProgress is TaskManager.Api.Tests.DALTests.GetProjects_Project_NoProjectsFoundBack
TpTrace Verbose: 0 : 19476, 14, 2023/12/04, 02:29:20.236, 2580359820484, vstest.console.dll, MulticastDelegateUtilities.SafeInvoke: TestRun.RunStatsChanged: Invoking callbacks was skipped because there are no subscribers.
TpTrace Information: 0 : 19476, 14, 2023/12/04, 02:29:20.236, 2580359820742, vstest.console.dll, TestRunRequest:SendTestRunStatsChange: Completed.
TpTrace Verbose: 0 : 19476, 14, 2023/12/04, 02:29:20.236, 2580359821000, vstest.console.dll, MulticastDelegateUtilities.SafeInvoke: LengthPrefixCommunicationChannel: MessageReceived: Invoking callback 1/1 for Microsoft.VisualStudio.TestPlatform.CommunicationUtilities.TestRequestSender+<>c__DisplayClass34_0., took 1 ms.
TpTrace Verbose: 0 : 19476, 14, 2023/12/04, 02:29:20.236, 2580359821268, vstest.console.dll, TcpClientExtensions.MessageLoopAsync: Polling on remoteEndPoint: 127.0.0.1:59404 localEndPoint: 127.0.0.1:59403
TpTrace Verbose: 0 : 19476, 4, 2023/12/04, 02:29:20.236, 2580359821471, vstest.console.dll, MulticastDelegateUtilities.SafeInvoke: InternalTestLoggerEvents.SendTestResult: Invoking callback 1/1 for Microsoft.VisualStudio.TestPlatform.CommandLine.Internal.ConsoleLogger., took 0 ms.
TpTrace Verbose: 0 : 19476, 4, 2023/12/04, 02:29:20.237, 2580359822192, vstest.console.dll, MulticastDelegateUtilities.SafeInvoke: InternalTestLoggerEvents.SendTestResult: Invoking callback 1/1 for Microsoft.VisualStudio.TestPlatform.CommandLine.Internal.ConsoleLogger., took 0 ms.
TpTrace Verbose: 0 : 19476, 4, 2023/12/04, 02:29:20.237, 2580359822621, vstest.console.dll, MulticastDelegateUtilities.SafeInvoke: InternalTestLoggerEvents.SendTestResult: Invoking callback 1/1 for Microsoft.VisualStudio.TestPlatform.CommandLine.Internal.ConsoleLogger., took 0 ms.
TpTrace Verbose: 0 : 19476, 4, 2023/12/04, 02:29:20.237, 2580359823112, vstest.console.dll, MulticastDelegateUtilities.SafeInvoke: InternalTestLoggerEvents.SendTestResult: Invoking callback 1/1 for Microsoft.VisualStudio.TestPlatform.CommandLine.Internal.ConsoleLogger., took 0 ms.
TpTrace Verbose: 0 : 19476, 4, 2023/12/04, 02:29:20.237, 2580359823553, vstest.console.dll, MulticastDelegateUtilities.SafeInvoke: InternalTestLoggerEvents.SendTestResult: Invoking callback 1/1 for Microsoft.VisualStudio.TestPlatform.CommandLine.Internal.ConsoleLogger., took 0 ms.
TpTrace Verbose: 0 : 19476, 4, 2023/12/04, 02:29:20.237, 2580359823964, vstest.console.dll, MulticastDelegateUtilities.SafeInvoke: InternalTestLoggerEvents.SendTestResult: Invoking callback 1/1 for Microsoft.VisualStudio.TestPlatform.CommandLine.Internal.ConsoleLogger., took 0 ms.
TpTrace Verbose: 0 : 19476, 4, 2023/12/04, 02:29:20.237, 2580359824377, vstest.console.dll, MulticastDelegateUtilities.SafeInvoke: InternalTestLoggerEvents.SendTestResult: Invoking callback 1/1 for Microsoft.VisualStudio.TestPlatform.CommandLine.Internal.ConsoleLogger., took 0 ms.
TpTrace Verbose: 0 : 19476, 4, 2023/12/04, 02:29:20.237, 2580359825429, vstest.console.dll, MulticastDelegateUtilities.SafeInvoke: InternalTestLoggerEvents.SendTestResult: Invoking callback 1/1 for Microsoft.VisualStudio.TestPlatform.CommandLine.Internal.ConsoleLogger., took 0 ms.
TpTrace Verbose: 0 : 19476, 4, 2023/12/04, 02:29:20.237, 2580359825892, vstest.console.dll, MulticastDelegateUtilities.SafeInvoke: InternalTestLoggerEvents.SendTestResult: Invoking callback 1/1 for Microsoft.VisualStudio.TestPlatform.CommandLine.Internal.ConsoleLogger., took 0 ms.
TpTrace Verbose: 0 : 19476, 14, 2023/12/04, 02:29:20.261, 2580360062316, vstest.console.dll, TcpClientExtensions.MessageLoopAsync: NotifyDataAvailable remoteEndPoint: 127.0.0.1:59404 localEndPoint: 127.0.0.1:59403
TpTrace Verbose: 0 : 19476, 14, 2023/12/04, 02:29:20.261, 2580360063645, vstest.console.dll, TestRequestSender.OnExecutionMessageReceived: Received message: {"Version":7,"MessageType":"TestSession.Message","Payload":{"MessageLevel":0,"Message":"[xUnit.net 00:00:01.38]   Finished:    TaskManager.Api.Tests"}}
TpTrace Verbose: 0 : 19476, 14, 2023/12/04, 02:29:20.261, 2580360065173, vstest.console.dll, TestRunRequest:SendTestRunMessage: Starting.
TpTrace Verbose: 0 : 19476, 14, 2023/12/04, 02:29:20.261, 2580360065712, vstest.console.dll, MulticastDelegateUtilities.SafeInvoke: TestRun.LogMessages: Invoking callback 1/1 for Microsoft.VisualStudio.TestPlatform.CommandLine.TestRunResultAggregator., took 0 ms.
TpTrace Verbose: 0 : 19476, 4, 2023/12/04, 02:29:20.261, 2580360065952, vstest.console.dll, MulticastDelegateUtilities.SafeInvoke: InternalTestLoggerEvents.SendTestRunMessage: Invoking callback 1/1 for Microsoft.VisualStudio.TestPlatform.CommandLine.Internal.ConsoleLogger., took 0 ms.
TpTrace Information: 0 : 19476, 14, 2023/12/04, 02:29:20.261, 2580360066024, vstest.console.dll, TestRunRequest:SendTestRunMessage: Completed.
TpTrace Verbose: 0 : 19476, 14, 2023/12/04, 02:29:20.261, 2580360066865, vstest.console.dll, MulticastDelegateUtilities.SafeInvoke: LengthPrefixCommunicationChannel: MessageReceived: Invoking callback 1/1 for Microsoft.VisualStudio.TestPlatform.CommunicationUtilities.TestRequestSender+<>c__DisplayClass34_0., took 0 ms.
TpTrace Verbose: 0 : 19476, 14, 2023/12/04, 02:29:20.261, 2580360067158, vstest.console.dll, TcpClientExtensions.MessageLoopAsync: Polling on remoteEndPoint: 127.0.0.1:59404 localEndPoint: 127.0.0.1:59403
TpTrace Verbose: 0 : 19476, 14, 2023/12/04, 02:29:20.278, 2580360239844, vstest.console.dll, TcpClientExtensions.MessageLoopAsync: NotifyDataAvailable remoteEndPoint: 127.0.0.1:59404 localEndPoint: 127.0.0.1:59403
TpTrace Verbose: 0 : 19476, 14, 2023/12/04, 02:29:20.279, 2580360241602, vstest.console.dll, TestRequestSender.OnExecutionMessageReceived: Received message: {"Version":7,"MessageType":"TestExecution.Completed","Payload":{"TestRunCompleteArgs":{"TestRunStatistics":{"ExecutedTests":41,"Stats":{"Passed":41}},"IsCanceled":false,"IsAborted":false,"Error":null,"AttachmentSets":[],"InvokedDataCollectors":[],"ElapsedTimeInRunningTests":"00:00:01.3955115","Metrics":{},"DiscoveredExtensions":{"TestDiscoverers":["Xunit.Runner.VisualStudio.VsTestRunner, xunit.runner.visualstudio.dotnetcore.testadapter, Version=2.4.0.0, Culture=neutral, PublicKeyToken=8d05b1bb7a6fdb6c"],"TestExecutors":["executor://xunit/VsTestRunner2/netcoreapp"],"TestExecutors2":[],"TestSettingsProviders":[]}},"LastRunTests":{"NewTestResults":[{"TestCase":{"Id":"a61d5887-ac5b-cf5f-0966-d72933388dc8","FullyQualifiedName":"TaskManager.Api.Tests.DALTests.GetProjects_Project_NoProjectsFoundBack","DisplayName":"TaskManager.Api.Tests.DALTests.GetProjects_Project_NoProjectsFoundBack","ExecutorUri":"executor://xunit/VsTestRunner2/netcoreapp","Source":"C:\\Users\\rui_n\\source\\repos\\TaskManagerFinal\\task-manager-1123\\server\\API\\TaskManager.Api.Tests\\bin\\Debug\\net7.0\\fine-code-coverage\\build-output\\TaskManager.Api.Tests.dll","CodeFilePath":null,"LineNumber":0,"Properties":[]},"Attachments":[],"Outcome":1,"ErrorMessage":null,"ErrorStackTrace":null,"DisplayName":"TaskManager.Api.Tests.DALTests.GetProjects_Project_NoProjectsFoundBack","Messages":[],"ComputerName":"LAPTOP-2D8ALFEE","Duration":"00:00:00.0012587","StartTime":"2023-12-04T02:29:20.2362668+00:00","EndTime":"2023-12-04T02:29:20.236267+00:00","Properties":[]},{"TestCase":{"Id":"582cab39-5643-fc05-b5c7-744113912588","FullyQualifiedName":"TaskManager.Api.Tests.DALTests.GetProject_Project_AllProjectsOrderByDeadLineBack","DisplayName":"TaskManager.Api.Tests.DALTests.GetProject_Project_AllProjectsOrderByDeadLineBack","ExecutorUri":"executor://xunit/VsTestRunner2/netcoreapp","Source":"C:\\Users\\rui_n\\source\\repos\\TaskManagerFinal\\task-manager-1123\\server\\API\\TaskManager.Api.Tests\\bin\\Debug\\net7.0\\fine-code-coverage\\build-output\\TaskManager.Api.Tests.dll","CodeFilePath":null,"LineNumber":0,"Properties":[]},"Attachments":[],"Outcome":1,"ErrorMessage":null,"ErrorStackTrace":null,"DisplayName":"TaskManager.Api.Tests.DALTests.GetProject_Project_AllProjectsOrderByDeadLineBack","Messages":[],"ComputerName":"LAPTOP-2D8ALFEE","Duration":"00:00:00.0064296","StartTime":"2023-12-04T02:29:20.2403774+00:00","EndTime":"2023-12-04T02:29:20.2403776+00:00","Properties":[]},{"TestCase":{"Id":"1f4c4512-edd1-9f0b-37b2-e706a559bed1","FullyQualifiedName":"TaskManager.Api.Tests.DALTests.GetProjectById_Project_NoProjectFindBack","DisplayName":"TaskManager.Api.Tests.DALTests.GetProjectById_Project_NoProjectFindBack","ExecutorUri":"executor://xunit/VsTestRunner2/netcoreapp","Source":"C:\\Users\\rui_n\\source\\repos\\TaskManagerFinal\\task-manager-1123\\server\\API\\TaskManager.Api.Tests\\bin\\Debug\\net7.0\\fine-code-coverage\\build-output\\TaskManager.Api.Tests.dll","CodeFilePath":null,"LineNumber":0,"Properties":[]},"Attachments":[],"Outcome":1,"ErrorMessage":null,"ErrorStackTrace":null,"DisplayName":"TaskManager.Api.Tests.DALTests.GetProjectById_Project_NoProjectFindBack","Messages":[],"ComputerName":"LAPTOP-2D8ALFEE","Duration":"00:00:00.0061941","StartTime":"2023-12-04T02:29:20.2466836+00:00","EndTime":"2023-12-04T02:29:20.2466837+00:00","Properties":[]},{"TestCase":{"Id":"c6b41074-7295-5024-084a-0cbbede63e84","FullyQualifiedName":"TaskManager.Api.Tests.DALTests.GetProject_Project_AllProjectsBack","DisplayName":"TaskManager.Api.Tests.DALTests.GetProject_Project_AllProjectsBack","ExecutorUri":"executor://xunit/VsTestRunner2/netcoreapp","Source":"C:\\Users\\rui_n\\source\\repos\\TaskManagerFinal\\task-manager-1123\\server\\API\\TaskManager.Api.Tests\\bin\\Debug\\net7.0\\fine-code-coverage\\build-output\\TaskManager.Api.Tests.dll","CodeFilePath":null,"LineNumber":0,"Properties":[]},"Attachments":[],"Outcome":1,"ErrorMessage":null,"ErrorStackTrace":null,"DisplayName":"TaskManager.Api.Tests.DALTests.GetProject_Project_AllProjectsBack","Messages":[],"ComputerName":"LAPTOP-2D8ALFEE","Duration":"00:00:00.0040752","StartTime":"2023-12-04T02:29:20.250912+00:00","EndTime":"2023-12-04T02:29:20.2509122+00:00","Properties":[]},{"TestCase":{"Id":"63c850fd-bf89-91cf-1bfa-516ee58acbe1","FullyQualifiedName":"TaskManager.Api.Tests.DALTests.GetProjects_Project_ByPaginationNoOrderDescBack","DisplayName":"TaskManager.Api.Tests.DALTests.GetProjects_Project_ByPaginationNoOrderDescBack","ExecutorUri":"executor://xunit/VsTestRunner2/netcoreapp","Source":"C:\\Users\\rui_n\\source\\repos\\TaskManagerFinal\\task-manager-1123\\server\\API\\TaskManager.Api.Tests\\bin\\Debug\\net7.0\\fine-code-coverage\\build-output\\TaskManager.Api.Tests.dll","CodeFilePath":null,"LineNumber":0,"Properties":[]},"Attachments":[],"Outcome":1,"ErrorMessage":null,"ErrorStackTrace":null,"DisplayName":"TaskManager.Api.Tests.DALTests.GetProjects_Project_ByPaginationNoOrderDescBack","Messages":[],"ComputerName":"LAPTOP-2D8ALFEE","Duration":"00:00:00.0011492","StartTime":"2023-12-04T02:29:20.2559978+00:00","EndTime":"2023-12-04T02:29:20.255998+00:00","Properties":[]},{"TestCase":{"Id":"266a7384-f088-4080-93cf-58b818908b63","FullyQualifiedName":"TaskManager.Api.Tests.DALTests.GetProjectById_Project_GetOneSpecificProjectBack","DisplayName":"TaskManager.Api.Tests.DALTests.GetProjectById_Project_GetOneSpecificProjectBack","ExecutorUri":"executor://xunit/VsTestRunner2/netcoreapp","Source":"C:\\Users\\rui_n\\source\\repos\\TaskManagerFinal\\task-manager-1123\\server\\API\\TaskManager.Api.Tests\\bin\\Debug\\net7.0\\fine-code-coverage\\build-output\\TaskManager.Api.Tests.dll","CodeFilePath":null,"LineNumber":0,"Properties":[]},"Attachments":[],"Outcome":1,"ErrorMessage":null,"ErrorStackTrace":null,"DisplayName":"TaskManager.Api.Tests.DALTests.GetProjectById_Project_GetOneSpecificProjectBack","Messages":[],"ComputerName":"LAPTOP-2D8ALFEE","Duration":"00:00:00.0020632","StartTime":"2023-12-04T02:29:20.2584454+00:00","EndTime":"2023-12-04T02:29:20.2584455+00:00","Properties":[]}],"TestRunStatistics":{"ExecutedTests":41,"Stats":{"Passed":41}},"ActiveTests":[]},"RunAttachments":[],"ExecutorUris":["executor://xunit/VsTestRunner2/netcoreapp"]}}
TpTrace Verbose: 0 : 19476, 14, 2023/12/04, 02:29:20.279, 2580360243270, vstest.console.dll, TestRequestSender.EndSession: Sending end session.
TpTrace Verbose: 0 : 19476, 14, 2023/12/04, 02:29:20.279, 2580360244880, vstest.console.dll, ProxyOperationManager.Close: waiting for test host to exit for 100 ms
TpTrace Verbose: 0 : 19476, 7, 2023/12/04, 02:29:20.311, 2580360566930, vstest.console.dll, TestHostManagerCallbacks.ctor: Experimental forwarding output is disabled.
TpTrace Warning: 0 : 19476, 7, 2023/12/04, 02:29:20.311, 2580360568340, vstest.console.dll, TestHostManagerCallbacks.ErrorReceivedCallback Test host standard error line: 
TpTrace Verbose: 0 : 19476, 7, 2023/12/04, 02:29:20.339, 2580360846402, vstest.console.dll, TestHostProvider.ExitCallBack: Host exited starting callback.
TpTrace Information: 0 : 19476, 7, 2023/12/04, 02:29:20.339, 2580360849099, vstest.console.dll, TestHostManagerCallbacks.ExitCallBack: Testhost processId: 27948 exited with exitcode: 0 error: ''
TpTrace Verbose: 0 : 19476, 7, 2023/12/04, 02:29:20.339, 2580360849936, vstest.console.dll, DotnetTestHostManager.OnHostExited: invoking OnHostExited callback
TpTrace Verbose: 0 : 19476, 7, 2023/12/04, 02:29:20.339, 2580360850427, vstest.console.dll, CrossPlatEngine.TestHostManagerHostExited: calling on client process exit callback.
TpTrace Information: 0 : 19476, 7, 2023/12/04, 02:29:20.339, 2580360850954, vstest.console.dll, TestRequestSender.OnClientProcessExit: Test host process exited. Standard error: 
TpTrace Information: 0 : 19476, 7, 2023/12/04, 02:29:20.340, 2580360851624, vstest.console.dll, SocketServer.Stop: Stop server endPoint: 127.0.0.1:59403
TpTrace Information: 0 : 19476, 7, 2023/12/04, 02:29:20.340, 2580360851944, vstest.console.dll, SocketServer.Stop: Cancellation requested. Stopping message loop.
TpTrace Verbose: 0 : 19476, 7, 2023/12/04, 02:29:20.340, 2580360852994, vstest.console.dll, MulticastDelegateUtilities.SafeInvoke: HostProviderEvents.OnHostExited: Invoking callback 1/1 for Microsoft.VisualStudio.TestPlatform.CrossPlatEngine.Client.ProxyOperationManager., took 0 ms.
TpTrace Information: 0 : 19476, 14, 2023/12/04, 02:29:20.341, 2580360865153, vstest.console.dll, SocketServer.Stop: Stop server endPoint: 127.0.0.1:59403
TpTrace Information: 0 : 19476, 14, 2023/12/04, 02:29:20.341, 2580360866158, vstest.console.dll, SocketServer.Stop: Cancellation requested. Stopping message loop.
TpTrace Information: 0 : 19476, 14, 2023/12/04, 02:29:20.341, 2580360866717, vstest.console.dll, Closing the connection
TpTrace Verbose: 0 : 19476, 14, 2023/12/04, 02:29:20.341, 2580360869865, vstest.console.dll, ProxyDataCollectionManager.InvokeDataCollectionServiceAction: Starting.
TpTrace Information: 0 : 19476, 14, 2023/12/04, 02:29:20.341, 2580360870852, vstest.console.dll, ProxyDataCollectionManager.AfterTestRunEnd: Get attachment set and invoked data collectors processId: 15688 port: 59400
TpTrace Verbose: 0 : 19476, 14, 2023/12/04, 02:29:20.341, 2580360871451, vstest.console.dll, DataCollectionRequestSender.SendAfterTestRunStartAndGetResult: Send AfterTestRunEnd message with isCancelled: False
TpTrace Verbose: 0 : 19476, 14, 2023/12/04, 02:29:20.357, 2580361030673, vstest.console.dll, DataCollectionRequestSender.SendAfterTestRunStartAndGetResult: Received message: (DataCollection.AfterTestRunEndResult) -> {"MessageType":"DataCollection.AfterTestRunEndResult","Payload":{"AttachmentSets":[],"InvokedDataCollectors":[{"Uri":"datacollector://Microsoft/TestPlatform/Extensions/Blame/v1","FriendlyName":"Blame","AssemblyQualifiedName":"Microsoft.TestPlatform.Extensions.BlameDataCollector.BlameCollector, Microsoft.TestPlatform.Extensions.BlameDataCollector, Version=15.0.0.0, Culture=neutral, PublicKeyToken=b03f5f7f11d50a3a","FilePath":"C:\\Program Files\\dotnet\\sdk\\8.0.100\\Extensions\\Microsoft.TestPlatform.Extensions.BlameDataCollector.dll","HasAttachmentProcessor":false}],"Metrics":{}}}
TpTrace Warning: 0 : 19476, 11, 2023/12/04, 02:29:20.358, 2580361031902, vstest.console.dll, DataCollectionLauncher.ErrorReceivedCallback datacollector standard error line: 
TpTrace Information: 0 : 19476, 11, 2023/12/04, 02:29:20.364, 2580361098999, vstest.console.dll, DataCollectionLauncher.ExitCallBack: Data collector exited with exitcode: 0 error: ''
TpTrace Information: 0 : 19476, 14, 2023/12/04, 02:29:20.365, 2580361105857, vstest.console.dll, ProxyDataCollectionManager.InvokeDataCollectionServiceAction: Completed.
TpTrace Verbose: 0 : 19476, 14, 2023/12/04, 02:29:20.406, 2580361520281, vstest.console.dll, TestRunRequest:SendTestRunStatsChange: Starting.
TpTrace Verbose: 0 : 19476, 14, 2023/12/04, 02:29:20.406, 2580361521450, vstest.console.dll, MulticastDelegateUtilities.SafeInvoke: TestRun.RunStatsChanged: Invoking callbacks was skipped because there are no subscribers.
TpTrace Information: 0 : 19476, 14, 2023/12/04, 02:29:20.407, 2580361521644, vstest.console.dll, TestRunRequest:SendTestRunStatsChange: Completed.
TpTrace Verbose: 0 : 19476, 4, 2023/12/04, 02:29:20.407, 2580361522088, vstest.console.dll, MulticastDelegateUtilities.SafeInvoke: InternalTestLoggerEvents.SendTestResult: Invoking callback 1/1 for Microsoft.VisualStudio.TestPlatform.CommandLine.Internal.ConsoleLogger., took 0 ms.
TpTrace Verbose: 0 : 19476, 4, 2023/12/04, 02:29:20.407, 2580361522558, vstest.console.dll, MulticastDelegateUtilities.SafeInvoke: InternalTestLoggerEvents.SendTestResult: Invoking callback 1/1 for Microsoft.VisualStudio.TestPlatform.CommandLine.Internal.ConsoleLogger., took 0 ms.
TpTrace Verbose: 0 : 19476, 4, 2023/12/04, 02:29:20.407, 2580361522806, vstest.console.dll, MulticastDelegateUtilities.SafeInvoke: InternalTestLoggerEvents.SendTestResult: Invoking callback 1/1 for Microsoft.VisualStudio.TestPlatform.CommandLine.Internal.ConsoleLogger., took 0 ms.
TpTrace Verbose: 0 : 19476, 4, 2023/12/04, 02:29:20.407, 2580361523037, vstest.console.dll, MulticastDelegateUtilities.SafeInvoke: InternalTestLoggerEvents.SendTestResult: Invoking callback 1/1 for Microsoft.VisualStudio.TestPlatform.CommandLine.Internal.ConsoleLogger., took 0 ms.
TpTrace Verbose: 0 : 19476, 4, 2023/12/04, 02:29:20.407, 2580361523247, vstest.console.dll, MulticastDelegateUtilities.SafeInvoke: InternalTestLoggerEvents.SendTestResult: Invoking callback 1/1 for Microsoft.VisualStudio.TestPlatform.CommandLine.Internal.ConsoleLogger., took 0 ms.
TpTrace Verbose: 0 : 19476, 4, 2023/12/04, 02:29:20.407, 2580361523486, vstest.console.dll, MulticastDelegateUtilities.SafeInvoke: InternalTestLoggerEvents.SendTestResult: Invoking callback 1/1 for Microsoft.VisualStudio.TestPlatform.CommandLine.Internal.ConsoleLogger., took 0 ms.
TpTrace Verbose: 0 : 19476, 14, 2023/12/04, 02:29:20.407, 2580361524363, vstest.console.dll, ParallelProxyExecutionManager: HandlePartialRunComplete: Total workloads = 1, Total started clients = 1 Total completed clients = 1, Run complete = True, Run canceled: False.
TpTrace Verbose: 0 : 19476, 14, 2023/12/04, 02:29:20.407, 2580361524619, vstest.console.dll, ParallelProxyExecutionManager: HandlePartialRunComplete: All runs completed stopping all managers.
TpTrace Verbose: 0 : 19476, 14, 2023/12/04, 02:29:20.407, 2580361524821, vstest.console.dll, ParallelOperationManager.StopAllManagers: Stopping all managers.
TpTrace Verbose: 0 : 19476, 14, 2023/12/04, 02:29:20.407, 2580361524995, vstest.console.dll, ParallelOperationManager.ClearSlots: Clearing all slots. Slots should accept more work: False
TpTrace Verbose: 0 : 19476, 14, 2023/12/04, 02:29:20.407, 2580361525326, vstest.console.dll, ParallelOperationManager.SetOccupiedSlotCount: Setting slot counts AvailableSlotCount = 1, OccupiedSlotCount = 0.
TpTrace Verbose: 0 : 19476, 14, 2023/12/04, 02:29:20.407, 2580361525669, vstest.console.dll, Occupied slots:

TpTrace Verbose: 0 : 19476, 4, 2023/12/04, 02:29:20.413, 2580361589009, vstest.console.dll, MulticastDelegateUtilities.SafeInvoke: InternalTestLoggerEvents.SendTestRunComplete: Invoking callback 1/2 for Microsoft.TestPlatform.Extensions.BlameDataCollector.BlameLogger., took 0 ms.
TpTrace Verbose: 0 : 19476, 4, 2023/12/04, 02:29:20.419, 2580361643652, vstest.console.dll, MulticastDelegateUtilities.SafeInvoke: InternalTestLoggerEvents.SendTestRunComplete: Invoking callback 2/2 for Microsoft.VisualStudio.TestPlatform.CommandLine.Internal.ConsoleLogger., took 5 ms.
TpTrace Verbose: 0 : 19476, 14, 2023/12/04, 02:29:20.419, 2580361649044, vstest.console.dll, TestRunRequest:TestRunComplete: Starting. IsAborted:False IsCanceled:False.
TpTrace Verbose: 0 : 19476, 14, 2023/12/04, 02:29:20.420, 2580361652273, vstest.console.dll, ParallelOperationManager.DoActionOnAllManagers: Calling an action on all managers.
TpTrace Verbose: 0 : 19476, 14, 2023/12/04, 02:29:20.422, 2580361671647, vstest.console.dll, TestLoggerManager.HandleTestRunComplete: Ignoring as the object is disposed.
TpTrace Verbose: 0 : 19476, 14, 2023/12/04, 02:29:20.422, 2580361675318, vstest.console.dll, MulticastDelegateUtilities.SafeInvoke: TestRun.TestRunComplete: Invoking callback 1/2 for Microsoft.VisualStudio.TestPlatform.CommandLine.TestRunResultAggregator., took 0 ms.
TpTrace Verbose: 0 : 19476, 14, 2023/12/04, 02:29:20.422, 2580361677122, vstest.console.dll, MulticastDelegateUtilities.SafeInvoke: TestRun.TestRunComplete: Invoking callback 2/2 for Microsoft.VisualStudio.TestPlatform.CommandLine.Processors.RunTestsArgumentExecutor+TestRunRequestEventsRegistrar., took 0 ms.
TpTrace Information: 0 : 19476, 14, 2023/12/04, 02:29:20.422, 2580361677845, vstest.console.dll, TestRunRequest:TestRunComplete: Completed.
TpTrace Verbose: 0 : 19476, 14, 2023/12/04, 02:29:20.422, 2580361678095, vstest.console.dll, TestRequestSender.SetOperationComplete: Setting operation complete.
TpTrace Information: 0 : 19476, 14, 2023/12/04, 02:29:20.422, 2580361678252, vstest.console.dll, SocketServer.Stop: Stop server endPoint: 127.0.0.1:59403
TpTrace Information: 0 : 19476, 14, 2023/12/04, 02:29:20.422, 2580361678399, vstest.console.dll, SocketServer.Stop: Cancellation requested. Stopping message loop.
TpTrace Verbose: 0 : 19476, 1, 2023/12/04, 02:29:20.422, 2580361678397, vstest.console.dll, TestRunRequest.Dispose: Starting.
TpTrace Verbose: 0 : 19476, 14, 2023/12/04, 02:29:20.422, 2580361678606, vstest.console.dll, MulticastDelegateUtilities.SafeInvoke: LengthPrefixCommunicationChannel: MessageReceived: Invoking callback 1/1 for Microsoft.VisualStudio.TestPlatform.CommunicationUtilities.TestRequestSender+<>c__DisplayClass34_0., took 143 ms.
TpTrace Information: 0 : 19476, 1, 2023/12/04, 02:29:20.422, 2580361679369, vstest.console.dll, TestRunRequest.Dispose: Completed.
TpTrace Information: 0 : 19476, 14, 2023/12/04, 02:29:20.422, 2580361679732, vstest.console.dll, SocketServer.PrivateStop: Stopping server endPoint: 127.0.0.1:59403 error: 
TpTrace Information: 0 : 19476, 1, 2023/12/04, 02:29:20.422, 2580361680264, vstest.console.dll, TestRequestManager.RunTests: run tests completed.
TpTrace Information: 0 : 19476, 1, 2023/12/04, 02:29:20.422, 2580361681087, vstest.console.dll, RunTestsArgumentProcessor:Execute: Test run is completed.
TpTrace Verbose: 0 : 19476, 1, 2023/12/04, 02:29:20.423, 2580361682801, vstest.console.dll, Executor.Execute: Exiting with exit code of 0
TpTrace Verbose: 0 : 19476, 14, 2023/12/04, 02:29:20.423, 2580361683600, vstest.console.dll, LengthPrefixCommunicationChannel.Dispose: Dispose reader and writer.
TpTrace Information: 0 : 19476, 14, 2023/12/04, 02:29:20.423, 2580361684315, vstest.console.dll, SocketServer.Stop: Raise disconnected event endPoint: 127.0.0.1:59403 error: 
TpTrace Verbose: 0 : 19476, 14, 2023/12/04, 02:29:20.423, 2580361685069, vstest.console.dll, TestRequestSender: OnTestRunAbort: Operation is already complete. Skip error message.
TpTrace Verbose: 0 : 19476, 14, 2023/12/04, 02:29:20.423, 2580361685423, vstest.console.dll, MulticastDelegateUtilities.SafeInvoke: SocketServer: ClientDisconnected: Invoking callback 1/1 for Microsoft.VisualStudio.TestPlatform.CommunicationUtilities.TestRequestSender., took 0 ms.
TpTrace Verbose: 0 : 19476, 14, 2023/12/04, 02:29:20.423, 2580361685674, vstest.console.dll, TcpClientExtensions.MessageLoopAsync: exiting MessageLoopAsync remoteEndPoint: 127.0.0.1:59404 localEndPoint: 127.0.0.1:59403
