<?xml version="1.0" encoding="utf-8"?>
<coverage line-rate="0.9569" branch-rate="0.7551000000000001" version="1.9" timestamp="1701656960" lines-covered="1423" lines-valid="1487" branches-covered="148" branches-valid="196">
  <sources>
    <source>C:\Users\rui_n\</source>
  </sources>
  <packages>
    <package name="TaskManager.Api" line-rate="0.5" branch-rate="1" complexity="19">
      <classes>
        <class name="Program" filename="source\repos\TaskManagerFinal\task-manager-1123\server\API\TaskManager.Api\Program.cs" line-rate="0" branch-rate="1" complexity="2">
          <methods>
            <method name="&lt;Main&gt;$" signature="(System.String[])" line-rate="0" branch-rate="1" complexity="1">
              <lines>
                <line number="6" hits="0" branch="False" />
                <line number="8" hits="0" branch="False" />
                <line number="9" hits="0" branch="False" />
                <line number="11" hits="0" branch="False" />
                <line number="12" hits="0" branch="False" />
                <line number="13" hits="0" branch="False" />
                <line number="15" hits="0" branch="False" />
                <line number="17" hits="0" branch="False" />
                <line number="18" hits="0" branch="False" />
                <line number="20" hits="0" branch="False" />
                <line number="22" hits="0" branch="False" />
                <line number="24" hits="0" branch="False" />
                <line number="25" hits="0" branch="False" />
                <line number="27" hits="0" branch="False" />
                <line number="28" hits="0" branch="False" />
                <line number="29" hits="0" branch="False" />
                <line number="31" hits="0" branch="False" />
                <line number="32" hits="0" branch="False" />
                <line number="33" hits="0" branch="False" />
                <line number="34" hits="0" branch="False" />
                <line number="36" hits="0" branch="False" />
                <line number="38" hits="0" branch="False" />
                <line number="40" hits="0" branch="False" />
              </lines>
            </method>
            <method name="&lt;&lt;Main&gt;$&gt;g__SeedDatabase|0_2" signature="(TaskManager.ApiContext)" line-rate="0" branch-rate="1" complexity="1">
              <lines>
                <line number="44" hits="0" branch="False" />
                <line number="45" hits="0" branch="False" />
                <line number="46" hits="0" branch="False" />
                <line number="47" hits="0" branch="False" />
                <line number="48" hits="0" branch="False" />
                <line number="49" hits="0" branch="False" />
                <line number="50" hits="0" branch="False" />
                <line number="51" hits="0" branch="False" />
                <line number="52" hits="0" branch="False" />
                <line number="53" hits="0" branch="False" />
                <line number="55" hits="0" branch="False" />
                <line number="57" hits="0" branch="False" />
                <line number="58" hits="0" branch="False" />
              </lines>
            </method>
          </methods>
          <lines>
            <line number="6" hits="0" branch="False" />
            <line number="8" hits="0" branch="False" />
            <line number="9" hits="0" branch="False" />
            <line number="11" hits="0" branch="False" />
            <line number="12" hits="0" branch="False" />
            <line number="13" hits="0" branch="False" />
            <line number="15" hits="0" branch="False" />
            <line number="17" hits="0" branch="False" />
            <line number="18" hits="0" branch="False" />
            <line number="20" hits="0" branch="False" />
            <line number="22" hits="0" branch="False" />
            <line number="24" hits="0" branch="False" />
            <line number="25" hits="0" branch="False" />
            <line number="27" hits="0" branch="False" />
            <line number="28" hits="0" branch="False" />
            <line number="29" hits="0" branch="False" />
            <line number="31" hits="0" branch="False" />
            <line number="32" hits="0" branch="False" />
            <line number="33" hits="0" branch="False" />
            <line number="34" hits="0" branch="False" />
            <line number="36" hits="0" branch="False" />
            <line number="38" hits="0" branch="False" />
            <line number="40" hits="0" branch="False" />
            <line number="44" hits="0" branch="False" />
            <line number="45" hits="0" branch="False" />
            <line number="46" hits="0" branch="False" />
            <line number="47" hits="0" branch="False" />
            <line number="48" hits="0" branch="False" />
            <line number="49" hits="0" branch="False" />
            <line number="50" hits="0" branch="False" />
            <line number="51" hits="0" branch="False" />
            <line number="52" hits="0" branch="False" />
            <line number="53" hits="0" branch="False" />
            <line number="55" hits="0" branch="False" />
            <line number="57" hits="0" branch="False" />
            <line number="58" hits="0" branch="False" />
          </lines>
        </class>
        <class name="TaskManager.Api.Controllers.ProjectsController" filename="source\repos\TaskManagerFinal\task-manager-1123\server\API\TaskManager.Api\Controllers\ProjectsController.cs" line-rate="1" branch-rate="1" complexity="17">
          <methods>
            <method name="HelloWorld" signature="()" line-rate="1" branch-rate="1" complexity="1">
              <lines>
                <line number="21" hits="1" branch="False" />
                <line number="22" hits="1" branch="False" />
                <line number="23" hits="1" branch="False" />
              </lines>
            </method>
            <method name="Get" signature="()" line-rate="1" branch-rate="1" complexity="1">
              <lines>
                <line number="27" hits="2" branch="False" />
                <line number="28" hits="2" branch="False" />
                <line number="29" hits="2" branch="False" />
              </lines>
            </method>
            <method name="Get" signature="(System.Boolean,System.Int32,System.Int32)" line-rate="1" branch-rate="1" complexity="1">
              <lines>
                <line number="33" hits="3" branch="False" />
                <line number="34" hits="3" branch="False" />
                <line number="35" hits="3" branch="False" />
              </lines>
            </method>
            <method name="Get" signature="(System.Int32,System.Int32)" line-rate="1" branch-rate="1" complexity="1">
              <lines>
                <line number="39" hits="10" branch="False" />
                <line number="40" hits="10" branch="False" />
                <line number="41" hits="10" branch="False" />
              </lines>
            </method>
            <method name="Insert" signature="(TaskManager.Contracts.Requests.ProjectRequest)" line-rate="1" branch-rate="1" complexity="1">
              <lines>
                <line number="45" hits="7" branch="False" />
                <line number="46" hits="7" branch="False" />
                <line number="47" hits="7" branch="False" />
              </lines>
            </method>
            <method name="Update" signature="(TaskManager.Contracts.Requests.UpdateProjectRequest)" line-rate="1" branch-rate="1" complexity="1">
              <lines>
                <line number="50" hits="8" branch="False" />
                <line number="51" hits="8" branch="False" />
                <line number="52" hits="8" branch="False" />
              </lines>
            </method>
            <method name="UpdateStatus" signature="(System.Int64,System.Boolean)" line-rate="1" branch-rate="1" complexity="1">
              <lines>
                <line number="56" hits="3" branch="False" />
                <line number="57" hits="3" branch="False" />
                <line number="58" hits="3" branch="False" />
              </lines>
            </method>
            <method name="UpdateTimeSpend" signature="(System.Int64,System.Int64)" line-rate="1" branch-rate="1" complexity="1">
              <lines>
                <line number="62" hits="4" branch="False" />
                <line number="63" hits="4" branch="False" />
                <line number="64" hits="4" branch="False" />
              </lines>
            </method>
            <method name="BuildActionResponse" signature="(TaskManager.Contracts.Responses.ProjectResponse)" line-rate="1" branch-rate="1" complexity="8">
              <lines>
                <line number="67" hits="37" branch="False" />
                <line number="68" hits="37" branch="True" condition-coverage="100% (8/8)">
                  <conditions>
                    <condition number="2" type="jump" coverage="100%" />
                    <condition number="11" type="jump" coverage="100%" />
                    <condition number="27" type="jump" coverage="100%" />
                    <condition number="43" type="jump" coverage="100%" />
                  </conditions>
                </line>
                <line number="69" hits="37" branch="False" />
                <line number="70" hits="14" branch="False" />
                <line number="71" hits="14" branch="False" />
                <line number="74" hits="23" branch="False" />
                <line number="75" hits="23" branch="False" />
                <line number="77" hits="37" branch="False" />
              </lines>
            </method>
            <method name=".ctor" signature="(TaskManager.BL.IProjectsLogic)" line-rate="1" branch-rate="1" complexity="1">
              <lines>
                <line number="13" hits="31" branch="False" />
                <line number="14" hits="31" branch="False" />
                <line number="15" hits="31" branch="False" />
                <line number="16" hits="31" branch="False" />
              </lines>
            </method>
          </methods>
          <lines>
            <line number="21" hits="1" branch="False" />
            <line number="22" hits="1" branch="False" />
            <line number="23" hits="1" branch="False" />
            <line number="27" hits="2" branch="False" />
            <line number="28" hits="2" branch="False" />
            <line number="29" hits="2" branch="False" />
            <line number="33" hits="3" branch="False" />
            <line number="34" hits="3" branch="False" />
            <line number="35" hits="3" branch="False" />
            <line number="39" hits="10" branch="False" />
            <line number="40" hits="10" branch="False" />
            <line number="41" hits="10" branch="False" />
            <line number="45" hits="7" branch="False" />
            <line number="46" hits="7" branch="False" />
            <line number="47" hits="7" branch="False" />
            <line number="50" hits="8" branch="False" />
            <line number="51" hits="8" branch="False" />
            <line number="52" hits="8" branch="False" />
            <line number="56" hits="3" branch="False" />
            <line number="57" hits="3" branch="False" />
            <line number="58" hits="3" branch="False" />
            <line number="62" hits="4" branch="False" />
            <line number="63" hits="4" branch="False" />
            <line number="64" hits="4" branch="False" />
            <line number="67" hits="37" branch="False" />
            <line number="68" hits="37" branch="True" condition-coverage="100% (8/8)">
              <conditions>
                <condition number="2" type="jump" coverage="100%" />
                <condition number="11" type="jump" coverage="100%" />
                <condition number="27" type="jump" coverage="100%" />
                <condition number="43" type="jump" coverage="100%" />
              </conditions>
            </line>
            <line number="69" hits="37" branch="False" />
            <line number="70" hits="14" branch="False" />
            <line number="71" hits="14" branch="False" />
            <line number="74" hits="23" branch="False" />
            <line number="75" hits="23" branch="False" />
            <line number="77" hits="37" branch="False" />
            <line number="13" hits="31" branch="False" />
            <line number="14" hits="31" branch="False" />
            <line number="15" hits="31" branch="False" />
            <line number="16" hits="31" branch="False" />
          </lines>
        </class>
      </classes>
    </package>
    <package name="TaskManager.Api.Tests" line-rate="0.9981" branch-rate="0.7313" complexity="150">
      <classes>
        <class name="AutoGeneratedProgram" filename=".nuget\packages\microsoft.net.test.sdk\17.7.1\build\netcoreapp3.1\Microsoft.NET.Test.Sdk.Program.cs" line-rate="0" branch-rate="1" complexity="1">
          <methods>
            <method name="Main" signature="(System.String[])" line-rate="0" branch-rate="1" complexity="1">
              <lines>
                <line number="4" hits="0" branch="False" />
              </lines>
            </method>
          </methods>
          <lines>
            <line number="4" hits="0" branch="False" />
          </lines>
        </class>
        <class name="TaskManager.Api.Tests.DALTests" filename="source\repos\TaskManagerFinal\task-manager-1123\server\API\TaskManager.Api.Tests\DALTests.cs" line-rate="1" branch-rate="0.8332999999999999" complexity="16">
          <methods>
            <method name="Dispose" signature="()" line-rate="1" branch-rate="1" complexity="1">
              <lines>
                <line number="46" hits="10" branch="False" />
                <line number="47" hits="10" branch="False" />
                <line number="48" hits="10" branch="False" />
                <line number="49" hits="10" branch="False" />
              </lines>
            </method>
            <method name="get__apiContext" signature="()" line-rate="1" branch-rate="1" complexity="1">
              <lines>
                <line number="51" hits="94" branch="False" />
              </lines>
            </method>
            <method name="GetProject_Project_AllProjectsBack" signature="()" line-rate="1" branch-rate="1" complexity="2">
              <lines>
                <line number="69" hits="1" branch="False" />
                <line number="70" hits="1" branch="False" />
                <line number="72" hits="1" branch="False" />
                <line number="74" hits="11" branch="True" condition-coverage="100% (2/2)">
                  <conditions>
                    <condition number="216" type="jump" coverage="100%" />
                  </conditions>
                </line>
                <line number="75" hits="4" branch="False" />
                <line number="76" hits="14" branch="False" />
                <line number="77" hits="4" branch="False" />
                <line number="78" hits="4" branch="False" />
                <line number="79" hits="4" branch="False" />
                <line number="80" hits="4" branch="False" />
                <line number="81" hits="4" branch="False" />
                <line number="82" hits="4" branch="False" />
                <line number="83" hits="4" branch="False" />
                <line number="85" hits="1" branch="False" />
              </lines>
            </method>
            <method name="GetProjectById_Project_GetOneSpecificProjectBack" signature="()" line-rate="1" branch-rate="1" complexity="1">
              <lines>
                <line number="89" hits="1" branch="False" />
                <line number="90" hits="1" branch="False" />
                <line number="92" hits="1" branch="False" />
                <line number="94" hits="1" branch="False" />
                <line number="95" hits="1" branch="False" />
                <line number="96" hits="1" branch="False" />
                <line number="97" hits="1" branch="False" />
                <line number="98" hits="1" branch="False" />
                <line number="99" hits="1" branch="False" />
              </lines>
            </method>
            <method name="GetProjectById_Project_NoProjectFindBack" signature="()" line-rate="1" branch-rate="1" complexity="1">
              <lines>
                <line number="103" hits="1" branch="False" />
                <line number="104" hits="1" branch="False" />
                <line number="106" hits="1" branch="False" />
                <line number="107" hits="1" branch="False" />
              </lines>
            </method>
            <method name="InsertProject_Project_GetNewProjectBack" signature="()" line-rate="1" branch-rate="1" complexity="1">
              <lines>
                <line number="111" hits="1" branch="False" />
                <line number="112" hits="1" branch="False" />
                <line number="113" hits="1" branch="False" />
                <line number="114" hits="1" branch="False" />
                <line number="115" hits="1" branch="False" />
                <line number="116" hits="1" branch="False" />
                <line number="117" hits="1" branch="False" />
                <line number="118" hits="1" branch="False" />
                <line number="119" hits="1" branch="False" />
                <line number="120" hits="1" branch="False" />
                <line number="122" hits="1" branch="False" />
                <line number="123" hits="1" branch="False" />
                <line number="125" hits="1" branch="False" />
                <line number="126" hits="1" branch="False" />
                <line number="127" hits="1" branch="False" />
                <line number="128" hits="1" branch="False" />
                <line number="129" hits="1" branch="False" />
                <line number="131" hits="1" branch="False" />
                <line number="132" hits="1" branch="False" />
                <line number="133" hits="1" branch="False" />
                <line number="134" hits="1" branch="False" />
                <line number="135" hits="1" branch="False" />
                <line number="136" hits="1" branch="False" />
                <line number="137" hits="1" branch="False" />
                <line number="138" hits="1" branch="False" />
              </lines>
            </method>
            <method name="UpdateProject_Project_GetNewProjectBack" signature="()" line-rate="1" branch-rate="1" complexity="1">
              <lines>
                <line number="142" hits="1" branch="False" />
                <line number="143" hits="4" branch="False" />
                <line number="144" hits="1" branch="False" />
                <line number="145" hits="1" branch="False" />
                <line number="146" hits="1" branch="False" />
                <line number="148" hits="1" branch="False" />
                <line number="149" hits="1" branch="False" />
                <line number="151" hits="1" branch="False" />
                <line number="152" hits="1" branch="False" />
                <line number="153" hits="1" branch="False" />
                <line number="154" hits="1" branch="False" />
                <line number="155" hits="1" branch="False" />
                <line number="157" hits="1" branch="False" />
                <line number="158" hits="1" branch="False" />
                <line number="159" hits="1" branch="False" />
                <line number="160" hits="1" branch="False" />
                <line number="161" hits="1" branch="False" />
                <line number="162" hits="1" branch="False" />
                <line number="163" hits="1" branch="False" />
                <line number="164" hits="1" branch="False" />
              </lines>
            </method>
            <method name="GetProject_Project_AllProjectsOrderByDeadLineBack" signature="()" line-rate="1" branch-rate="1" complexity="1">
              <lines>
                <line number="168" hits="1" branch="False" />
                <line number="169" hits="1" branch="False" />
                <line number="171" hits="1" branch="False" />
                <line number="172" hits="1" branch="False" />
                <line number="173" hits="1" branch="False" />
                <line number="174" hits="1" branch="False" />
                <line number="175" hits="1" branch="False" />
              </lines>
            </method>
            <method name="GetProjects_Project_AllProjectsOrderByDeadLineDescBack" signature="()" line-rate="1" branch-rate="1" complexity="1">
              <lines>
                <line number="179" hits="1" branch="False" />
                <line number="180" hits="1" branch="False" />
                <line number="182" hits="1" branch="False" />
                <line number="183" hits="1" branch="False" />
                <line number="184" hits="1" branch="False" />
                <line number="185" hits="1" branch="False" />
                <line number="186" hits="1" branch="False" />
              </lines>
            </method>
            <method name="GetProjects_Project_ByPaginationNoOrderDescBack" signature="()" line-rate="1" branch-rate="1" complexity="1">
              <lines>
                <line number="190" hits="1" branch="False" />
                <line number="191" hits="1" branch="False" />
                <line number="193" hits="1" branch="False" />
                <line number="194" hits="1" branch="False" />
                <line number="195" hits="1" branch="False" />
                <line number="196" hits="1" branch="False" />
                <line number="197" hits="1" branch="False" />
              </lines>
            </method>
            <method name="GetProjects_Project_NoProjectsFoundBack" signature="()" line-rate="1" branch-rate="0.5" complexity="2">
              <lines>
                <line number="201" hits="1" branch="False" />
                <line number="202" hits="1" branch="False" />
                <line number="203" hits="1" branch="False" />
                <line number="204" hits="1" branch="False" />
                <line number="205" hits="1" branch="False" />
                <line number="206" hits="1" branch="False" />
                <line number="208" hits="1" branch="True" condition-coverage="50% (1/2)">
                  <conditions>
                    <condition number="81" type="jump" coverage="50%" />
                  </conditions>
                </line>
                <line number="209" hits="1" branch="False" />
                <line number="210" hits="1" branch="False" />
              </lines>
            </method>
            <method name="GetProjects_Project_ByPaginationNoOrderGiveTwoProjectByPageDescBack" signature="()" line-rate="1" branch-rate="1" complexity="1">
              <lines>
                <line number="214" hits="1" branch="False" />
                <line number="215" hits="1" branch="False" />
                <line number="217" hits="1" branch="False" />
                <line number="218" hits="1" branch="False" />
                <line number="219" hits="1" branch="False" />
                <line number="220" hits="1" branch="False" />
                <line number="222" hits="1" branch="False" />
                <line number="224" hits="1" branch="False" />
                <line number="225" hits="1" branch="False" />
                <line number="226" hits="1" branch="False" />
                <line number="227" hits="1" branch="False" />
                <line number="228" hits="1" branch="False" />
              </lines>
            </method>
            <method name=".ctor" signature="()" line-rate="1" branch-rate="1" complexity="2">
              <lines>
                <line number="9" hits="10" branch="False" />
                <line number="10" hits="10" branch="False" />
                <line number="11" hits="10" branch="False" />
                <line number="12" hits="10" branch="False" />
                <line number="13" hits="10" branch="False" />
                <line number="14" hits="10" branch="False" />
                <line number="15" hits="10" branch="False" />
                <line number="16" hits="10" branch="False" />
                <line number="17" hits="10" branch="False" />
                <line number="18" hits="10" branch="False" />
                <line number="19" hits="10" branch="False" />
                <line number="20" hits="10" branch="False" />
                <line number="21" hits="10" branch="False" />
                <line number="22" hits="10" branch="False" />
                <line number="23" hits="10" branch="False" />
                <line number="24" hits="10" branch="False" />
                <line number="25" hits="10" branch="False" />
                <line number="26" hits="10" branch="False" />
                <line number="27" hits="10" branch="False" />
                <line number="28" hits="10" branch="False" />
                <line number="29" hits="10" branch="False" />
                <line number="30" hits="10" branch="False" />
                <line number="31" hits="10" branch="False" />
                <line number="32" hits="10" branch="False" />
                <line number="33" hits="10" branch="False" />
                <line number="34" hits="10" branch="False" />
                <line number="35" hits="10" branch="False" />
                <line number="36" hits="10" branch="False" />
                <line number="37" hits="10" branch="False" />
                <line number="38" hits="10" branch="False" />
                <line number="39" hits="10" branch="False" />
                <line number="40" hits="10" branch="False" />
                <line number="41" hits="10" branch="False" />
                <line number="42" hits="10" branch="False" />
                <line number="43" hits="10" branch="False" />
                <line number="52" hits="10" branch="False" />
                <line number="53" hits="10" branch="False" />
                <line number="54" hits="10" branch="False" />
                <line number="55" hits="10" branch="False" />
                <line number="56" hits="10" branch="False" />
                <line number="58" hits="10" branch="False" />
                <line number="60" hits="110" branch="True" condition-coverage="100% (2/2)">
                  <conditions>
                    <condition number="450" type="jump" coverage="100%" />
                  </conditions>
                </line>
                <line number="61" hits="40" branch="False" />
                <line number="62" hits="40" branch="False" />
                <line number="63" hits="40" branch="False" />
                <line number="64" hits="10" branch="False" />
                <line number="65" hits="10" branch="False" />
              </lines>
            </method>
          </methods>
          <lines>
            <line number="46" hits="10" branch="False" />
            <line number="47" hits="10" branch="False" />
            <line number="48" hits="10" branch="False" />
            <line number="49" hits="10" branch="False" />
            <line number="51" hits="94" branch="False" />
            <line number="69" hits="1" branch="False" />
            <line number="70" hits="1" branch="False" />
            <line number="72" hits="1" branch="False" />
            <line number="74" hits="11" branch="True" condition-coverage="100% (2/2)">
              <conditions>
                <condition number="216" type="jump" coverage="100%" />
              </conditions>
            </line>
            <line number="75" hits="4" branch="False" />
            <line number="76" hits="14" branch="False" />
            <line number="77" hits="4" branch="False" />
            <line number="78" hits="4" branch="False" />
            <line number="79" hits="4" branch="False" />
            <line number="80" hits="4" branch="False" />
            <line number="81" hits="4" branch="False" />
            <line number="82" hits="4" branch="False" />
            <line number="83" hits="4" branch="False" />
            <line number="85" hits="1" branch="False" />
            <line number="89" hits="1" branch="False" />
            <line number="90" hits="1" branch="False" />
            <line number="92" hits="1" branch="False" />
            <line number="94" hits="1" branch="False" />
            <line number="95" hits="1" branch="False" />
            <line number="96" hits="1" branch="False" />
            <line number="97" hits="1" branch="False" />
            <line number="98" hits="1" branch="False" />
            <line number="99" hits="1" branch="False" />
            <line number="103" hits="1" branch="False" />
            <line number="104" hits="1" branch="False" />
            <line number="106" hits="1" branch="False" />
            <line number="107" hits="1" branch="False" />
            <line number="111" hits="1" branch="False" />
            <line number="112" hits="1" branch="False" />
            <line number="113" hits="1" branch="False" />
            <line number="114" hits="1" branch="False" />
            <line number="115" hits="1" branch="False" />
            <line number="116" hits="1" branch="False" />
            <line number="117" hits="1" branch="False" />
            <line number="118" hits="1" branch="False" />
            <line number="119" hits="1" branch="False" />
            <line number="120" hits="1" branch="False" />
            <line number="122" hits="1" branch="False" />
            <line number="123" hits="1" branch="False" />
            <line number="125" hits="1" branch="False" />
            <line number="126" hits="1" branch="False" />
            <line number="127" hits="1" branch="False" />
            <line number="128" hits="1" branch="False" />
            <line number="129" hits="1" branch="False" />
            <line number="131" hits="1" branch="False" />
            <line number="132" hits="1" branch="False" />
            <line number="133" hits="1" branch="False" />
            <line number="134" hits="1" branch="False" />
            <line number="135" hits="1" branch="False" />
            <line number="136" hits="1" branch="False" />
            <line number="137" hits="1" branch="False" />
            <line number="138" hits="1" branch="False" />
            <line number="142" hits="1" branch="False" />
            <line number="143" hits="4" branch="False" />
            <line number="144" hits="1" branch="False" />
            <line number="145" hits="1" branch="False" />
            <line number="146" hits="1" branch="False" />
            <line number="148" hits="1" branch="False" />
            <line number="149" hits="1" branch="False" />
            <line number="151" hits="1" branch="False" />
            <line number="152" hits="1" branch="False" />
            <line number="153" hits="1" branch="False" />
            <line number="154" hits="1" branch="False" />
            <line number="155" hits="1" branch="False" />
            <line number="157" hits="1" branch="False" />
            <line number="158" hits="1" branch="False" />
            <line number="159" hits="1" branch="False" />
            <line number="160" hits="1" branch="False" />
            <line number="161" hits="1" branch="False" />
            <line number="162" hits="1" branch="False" />
            <line number="163" hits="1" branch="False" />
            <line number="164" hits="1" branch="False" />
            <line number="168" hits="1" branch="False" />
            <line number="169" hits="1" branch="False" />
            <line number="171" hits="1" branch="False" />
            <line number="172" hits="1" branch="False" />
            <line number="173" hits="1" branch="False" />
            <line number="174" hits="1" branch="False" />
            <line number="175" hits="1" branch="False" />
            <line number="179" hits="1" branch="False" />
            <line number="180" hits="1" branch="False" />
            <line number="182" hits="1" branch="False" />
            <line number="183" hits="1" branch="False" />
            <line number="184" hits="1" branch="False" />
            <line number="185" hits="1" branch="False" />
            <line number="186" hits="1" branch="False" />
            <line number="190" hits="1" branch="False" />
            <line number="191" hits="1" branch="False" />
            <line number="193" hits="1" branch="False" />
            <line number="194" hits="1" branch="False" />
            <line number="195" hits="1" branch="False" />
            <line number="196" hits="1" branch="False" />
            <line number="197" hits="1" branch="False" />
            <line number="201" hits="1" branch="False" />
            <line number="202" hits="1" branch="False" />
            <line number="203" hits="1" branch="False" />
            <line number="204" hits="1" branch="False" />
            <line number="205" hits="1" branch="False" />
            <line number="206" hits="1" branch="False" />
            <line number="208" hits="1" branch="True" condition-coverage="50% (1/2)">
              <conditions>
                <condition number="81" type="jump" coverage="50%" />
              </conditions>
            </line>
            <line number="209" hits="1" branch="False" />
            <line number="210" hits="1" branch="False" />
            <line number="214" hits="1" branch="False" />
            <line number="215" hits="1" branch="False" />
            <line number="217" hits="1" branch="False" />
            <line number="218" hits="1" branch="False" />
            <line number="219" hits="1" branch="False" />
            <line number="220" hits="1" branch="False" />
            <line number="222" hits="1" branch="False" />
            <line number="224" hits="1" branch="False" />
            <line number="225" hits="1" branch="False" />
            <line number="226" hits="1" branch="False" />
            <line number="227" hits="1" branch="False" />
            <line number="228" hits="1" branch="False" />
            <line number="9" hits="10" branch="False" />
            <line number="10" hits="10" branch="False" />
            <line number="11" hits="10" branch="False" />
            <line number="12" hits="10" branch="False" />
            <line number="13" hits="10" branch="False" />
            <line number="14" hits="10" branch="False" />
            <line number="15" hits="10" branch="False" />
            <line number="16" hits="10" branch="False" />
            <line number="17" hits="10" branch="False" />
            <line number="18" hits="10" branch="False" />
            <line number="19" hits="10" branch="False" />
            <line number="20" hits="10" branch="False" />
            <line number="21" hits="10" branch="False" />
            <line number="22" hits="10" branch="False" />
            <line number="23" hits="10" branch="False" />
            <line number="24" hits="10" branch="False" />
            <line number="25" hits="10" branch="False" />
            <line number="26" hits="10" branch="False" />
            <line number="27" hits="10" branch="False" />
            <line number="28" hits="10" branch="False" />
            <line number="29" hits="10" branch="False" />
            <line number="30" hits="10" branch="False" />
            <line number="31" hits="10" branch="False" />
            <line number="32" hits="10" branch="False" />
            <line number="33" hits="10" branch="False" />
            <line number="34" hits="10" branch="False" />
            <line number="35" hits="10" branch="False" />
            <line number="36" hits="10" branch="False" />
            <line number="37" hits="10" branch="False" />
            <line number="38" hits="10" branch="False" />
            <line number="39" hits="10" branch="False" />
            <line number="40" hits="10" branch="False" />
            <line number="41" hits="10" branch="False" />
            <line number="42" hits="10" branch="False" />
            <line number="43" hits="10" branch="False" />
            <line number="52" hits="10" branch="False" />
            <line number="53" hits="10" branch="False" />
            <line number="54" hits="10" branch="False" />
            <line number="55" hits="10" branch="False" />
            <line number="56" hits="10" branch="False" />
            <line number="58" hits="10" branch="False" />
            <line number="60" hits="110" branch="True" condition-coverage="100% (2/2)">
              <conditions>
                <condition number="450" type="jump" coverage="100%" />
              </conditions>
            </line>
            <line number="61" hits="40" branch="False" />
            <line number="62" hits="40" branch="False" />
            <line number="63" hits="40" branch="False" />
            <line number="64" hits="10" branch="False" />
            <line number="65" hits="10" branch="False" />
          </lines>
        </class>
        <class name="TaskManager.Api.Tests.ProjectControllerTests" filename="source\repos\TaskManagerFinal\task-manager-1123\server\API\TaskManager.Api.Tests\ProjectControllerTests.cs" line-rate="0.9989" branch-rate="0.7265" complexity="133">
          <methods>
            <method name="get__projectsLogic" signature="()" line-rate="1" branch-rate="1" complexity="1">
              <lines>
                <line number="13" hits="62" branch="False" />
              </lines>
            </method>
            <method name="get__projectsController" signature="()" line-rate="1" branch-rate="1" complexity="1">
              <lines>
                <line number="14" hits="69" branch="False" />
              </lines>
            </method>
            <method name="get_MockApiContext" signature="()" line-rate="1" branch-rate="1" complexity="1">
              <lines>
                <line number="15" hits="93" branch="False" />
              </lines>
            </method>
            <method name="HelloWorld_ShouldReply_HelloBack" signature="()" line-rate="1" branch-rate="1" complexity="1">
              <lines>
                <line number="60" hits="1" branch="False" />
                <line number="61" hits="1" branch="False" />
                <line number="63" hits="1" branch="False" />
                <line number="64" hits="1" branch="False" />
              </lines>
            </method>
            <method name="GetProject_Project_AllProjectBack" signature="()" line-rate="1" branch-rate="0.75" complexity="4">
              <lines>
                <line number="68" hits="1" branch="False" />
                <line number="69" hits="1" branch="False" />
                <line number="71" hits="1" branch="False" />
                <line number="72" hits="1" branch="False" />
                <line number="74" hits="1" branch="False" />
                <line number="75" hits="1" branch="False" />
                <line number="76" hits="1" branch="False" />
                <line number="78" hits="1" branch="False" />
                <line number="79" hits="1" branch="True" condition-coverage="50% (1/2)">
                  <conditions>
                    <condition number="282" type="jump" coverage="50%" />
                  </conditions>
                </line>
                <line number="80" hits="1" branch="False" />
                <line number="81" hits="1" branch="False" />
                <line number="83" hits="11" branch="True" condition-coverage="100% (2/2)">
                  <conditions>
                    <condition number="543" type="jump" coverage="100%" />
                  </conditions>
                </line>
                <line number="84" hits="4" branch="False" />
                <line number="85" hits="14" branch="False" />
                <line number="86" hits="4" branch="False" />
                <line number="87" hits="4" branch="False" />
                <line number="88" hits="4" branch="False" />
                <line number="89" hits="4" branch="False" />
                <line number="90" hits="4" branch="False" />
                <line number="91" hits="4" branch="False" />
                <line number="92" hits="4" branch="False" />
                <line number="93" hits="1" branch="False" />
              </lines>
            </method>
            <method name="GetProjectsByPage_Project_AllProjectBack" signature="()" line-rate="1" branch-rate="0.875" complexity="8">
              <lines>
                <line number="97" hits="1" branch="False" />
                <line number="98" hits="1" branch="False" />
                <line number="99" hits="3" branch="False" />
                <line number="100" hits="3" branch="False" />
                <line number="101" hits="3" branch="False" />
                <line number="102" hits="3" branch="False" />
                <line number="103" hits="4" branch="False" />
                <line number="105" hits="1" branch="False" />
                <line number="106" hits="1" branch="False" />
                <line number="107" hits="1" branch="False" />
                <line number="108" hits="1" branch="False" />
                <line number="110" hits="3" branch="False" />
                <line number="111" hits="3" branch="False" />
                <line number="112" hits="3" branch="False" />
                <line number="113" hits="3" branch="False" />
                <line number="114" hits="3" branch="False" />
                <line number="115" hits="3" branch="False" />
                <line number="116" hits="3" branch="False" />
                <line number="118" hits="3" branch="False" />
                <line number="119" hits="3" branch="True" condition-coverage="50% (1/2)">
                  <conditions>
                    <condition number="315" type="jump" coverage="50%" />
                  </conditions>
                </line>
                <line number="121" hits="3" branch="True" condition-coverage="100% (2/2)">
                  <conditions>
                    <condition number="352" type="jump" coverage="100%" />
                  </conditions>
                </line>
                <line number="122" hits="1" branch="False" />
                <line number="123" hits="1" branch="False" />
                <line number="124" hits="1" branch="False" />
                <line number="127" hits="2" branch="False" />
                <line number="128" hits="2" branch="False" />
                <line number="129" hits="2" branch="False" />
                <line number="130" hits="14" branch="True" condition-coverage="100% (2/2)">
                  <conditions>
                    <condition number="624" type="jump" coverage="100%" />
                  </conditions>
                </line>
                <line number="131" hits="4" branch="False" />
                <line number="132" hits="14" branch="False" />
                <line number="133" hits="4" branch="False" />
                <line number="134" hits="4" branch="False" />
                <line number="135" hits="4" branch="False" />
                <line number="136" hits="4" branch="False" />
                <line number="137" hits="4" branch="False" />
                <line number="138" hits="4" branch="False" />
                <line number="139" hits="4" branch="False" />
                <line number="140" hits="4" branch="True" condition-coverage="100% (2/2)">
                  <conditions>
                    <condition number="655" type="jump" coverage="100%" />
                  </conditions>
                </line>
                <line number="141" hits="1" branch="False" />
                <line number="142" hits="1" branch="False" />
              </lines>
            </method>
            <method name="GetProjectsByPage_MaxPagesExceedProject_AllProjectBack" signature="()" line-rate="1" branch-rate="0.875" complexity="8">
              <lines>
                <line number="146" hits="1" branch="False" />
                <line number="147" hits="1" branch="False" />
                <line number="148" hits="2" branch="False" />
                <line number="149" hits="2" branch="False" />
                <line number="150" hits="2" branch="False" />
                <line number="151" hits="2" branch="False" />
                <line number="152" hits="3" branch="False" />
                <line number="154" hits="1" branch="False" />
                <line number="155" hits="1" branch="False" />
                <line number="156" hits="1" branch="False" />
                <line number="157" hits="1" branch="False" />
                <line number="159" hits="2" branch="False" />
                <line number="160" hits="2" branch="False" />
                <line number="161" hits="2" branch="False" />
                <line number="162" hits="2" branch="False" />
                <line number="163" hits="2" branch="False" />
                <line number="164" hits="2" branch="False" />
                <line number="165" hits="2" branch="False" />
                <line number="167" hits="2" branch="False" />
                <line number="168" hits="2" branch="True" condition-coverage="50% (1/2)">
                  <conditions>
                    <condition number="316" type="jump" coverage="50%" />
                  </conditions>
                </line>
                <line number="170" hits="2" branch="True" condition-coverage="100% (2/2)">
                  <conditions>
                    <condition number="353" type="jump" coverage="100%" />
                  </conditions>
                </line>
                <line number="171" hits="1" branch="False" />
                <line number="172" hits="1" branch="False" />
                <line number="173" hits="1" branch="False" />
                <line number="176" hits="1" branch="False" />
                <line number="177" hits="1" branch="False" />
                <line number="178" hits="1" branch="False" />
                <line number="179" hits="11" branch="True" condition-coverage="100% (2/2)">
                  <conditions>
                    <condition number="625" type="jump" coverage="100%" />
                  </conditions>
                </line>
                <line number="180" hits="4" branch="False" />
                <line number="181" hits="14" branch="False" />
                <line number="182" hits="4" branch="False" />
                <line number="183" hits="4" branch="False" />
                <line number="184" hits="4" branch="False" />
                <line number="185" hits="4" branch="False" />
                <line number="186" hits="4" branch="False" />
                <line number="187" hits="4" branch="False" />
                <line number="188" hits="4" branch="False" />
                <line number="189" hits="2" branch="True" condition-coverage="100% (2/2)">
                  <conditions>
                    <condition number="656" type="jump" coverage="100%" />
                  </conditions>
                </line>
                <line number="190" hits="1" branch="False" />
                <line number="191" hits="1" branch="False" />
              </lines>
            </method>
            <method name="GetProjectsByPage_LessThanZeroProjectsProject_AllProjectBack" signature="()" line-rate="1" branch-rate="0.875" complexity="8">
              <lines>
                <line number="195" hits="1" branch="False" />
                <line number="196" hits="1" branch="False" />
                <line number="197" hits="5" branch="False" />
                <line number="198" hits="5" branch="False" />
                <line number="199" hits="5" branch="False" />
                <line number="200" hits="5" branch="False" />
                <line number="201" hits="6" branch="False" />
                <line number="203" hits="1" branch="False" />
                <line number="204" hits="1" branch="False" />
                <line number="205" hits="1" branch="False" />
                <line number="206" hits="1" branch="False" />
                <line number="208" hits="5" branch="False" />
                <line number="209" hits="5" branch="False" />
                <line number="210" hits="5" branch="False" />
                <line number="211" hits="5" branch="False" />
                <line number="212" hits="5" branch="False" />
                <line number="213" hits="5" branch="False" />
                <line number="214" hits="5" branch="False" />
                <line number="216" hits="5" branch="False" />
                <line number="217" hits="5" branch="True" condition-coverage="50% (1/2)">
                  <conditions>
                    <condition number="315" type="jump" coverage="50%" />
                  </conditions>
                </line>
                <line number="219" hits="5" branch="True" condition-coverage="100% (2/2)">
                  <conditions>
                    <condition number="352" type="jump" coverage="100%" />
                  </conditions>
                </line>
                <line number="220" hits="1" branch="False" />
                <line number="221" hits="1" branch="False" />
                <line number="222" hits="1" branch="False" />
                <line number="225" hits="4" branch="False" />
                <line number="226" hits="4" branch="False" />
                <line number="227" hits="4" branch="False" />
                <line number="228" hits="20" branch="True" condition-coverage="100% (2/2)">
                  <conditions>
                    <condition number="618" type="jump" coverage="100%" />
                  </conditions>
                </line>
                <line number="229" hits="4" branch="False" />
                <line number="230" hits="14" branch="False" />
                <line number="231" hits="4" branch="False" />
                <line number="232" hits="4" branch="False" />
                <line number="233" hits="4" branch="False" />
                <line number="234" hits="4" branch="False" />
                <line number="235" hits="4" branch="False" />
                <line number="236" hits="4" branch="False" />
                <line number="237" hits="4" branch="False" />
                <line number="238" hits="8" branch="True" condition-coverage="100% (2/2)">
                  <conditions>
                    <condition number="649" type="jump" coverage="100%" />
                  </conditions>
                </line>
                <line number="239" hits="1" branch="False" />
                <line number="240" hits="1" branch="False" />
              </lines>
            </method>
            <method name="GetProjects_Project_OrderByDeadLineBack" signature="()" line-rate="1" branch-rate="0.75" complexity="4">
              <lines>
                <line number="244" hits="1" branch="False" />
                <line number="245" hits="1" branch="False" />
                <line number="246" hits="1" branch="False" />
                <line number="247" hits="1" branch="False" />
                <line number="248" hits="2" branch="False" />
                <line number="251" hits="1" branch="False" />
                <line number="252" hits="1" branch="False" />
                <line number="254" hits="1" branch="False" />
                <line number="255" hits="1" branch="False" />
                <line number="256" hits="1" branch="False" />
                <line number="258" hits="1" branch="False" />
                <line number="259" hits="1" branch="True" condition-coverage="50% (1/2)">
                  <conditions>
                    <condition number="292" type="jump" coverage="50%" />
                  </conditions>
                </line>
                <line number="260" hits="1" branch="False" />
                <line number="261" hits="1" branch="False" />
                <line number="263" hits="1" branch="False" />
                <line number="264" hits="1" branch="False" />
                <line number="266" hits="11" branch="True" condition-coverage="100% (2/2)">
                  <conditions>
                    <condition number="605" type="jump" coverage="100%" />
                  </conditions>
                </line>
                <line number="267" hits="4" branch="False" />
                <line number="268" hits="14" branch="False" />
                <line number="269" hits="4" branch="False" />
                <line number="270" hits="4" branch="False" />
                <line number="271" hits="4" branch="False" />
                <line number="272" hits="4" branch="False" />
                <line number="273" hits="4" branch="False" />
                <line number="274" hits="4" branch="False" />
                <line number="275" hits="4" branch="False" />
                <line number="276" hits="1" branch="False" />
              </lines>
            </method>
            <method name="ReturnIsDeadLineOrderByAsc" signature="(System.Int32,System.Int32,System.Nullable`1&lt;System.Boolean&gt;,System.Boolean&amp;)" line-rate="0.9166" branch-rate="0.75" complexity="4">
              <lines>
                <line number="279" hits="2" branch="False" />
                <line number="280" hits="2" branch="False" />
                <line number="281" hits="2" branch="False" />
                <line number="283" hits="2" branch="True" condition-coverage="50% (1/2)">
                  <conditions>
                    <condition number="33" type="jump" coverage="50%" />
                  </conditions>
                </line>
                <line number="284" hits="2" branch="False" />
                <line number="285" hits="2" branch="True" condition-coverage="100% (2/2)">
                  <conditions>
                    <condition number="48" type="jump" coverage="100%" />
                  </conditions>
                </line>
                <line number="286" hits="1" branch="False" />
                <line number="287" hits="5" branch="False" />
                <line number="290" hits="1" branch="False" />
                <line number="291" hits="5" branch="False" />
                <line number="295" hits="0" branch="False" />
                <line number="296" hits="2" branch="False" />
              </lines>
            </method>
            <method name="GetProjectsByOrder_Project_OrderByDescDeadLineBack" signature="()" line-rate="1" branch-rate="0.75" complexity="4">
              <lines>
                <line number="300" hits="1" branch="False" />
                <line number="301" hits="1" branch="False" />
                <line number="302" hits="1" branch="False" />
                <line number="303" hits="1" branch="False" />
                <line number="304" hits="2" branch="False" />
                <line number="306" hits="1" branch="False" />
                <line number="307" hits="1" branch="False" />
                <line number="309" hits="1" branch="False" />
                <line number="310" hits="1" branch="False" />
                <line number="311" hits="1" branch="False" />
                <line number="313" hits="1" branch="False" />
                <line number="314" hits="1" branch="True" condition-coverage="50% (1/2)">
                  <conditions>
                    <condition number="292" type="jump" coverage="50%" />
                  </conditions>
                </line>
                <line number="315" hits="1" branch="False" />
                <line number="316" hits="1" branch="False" />
                <line number="318" hits="1" branch="False" />
                <line number="319" hits="1" branch="False" />
                <line number="321" hits="11" branch="True" condition-coverage="100% (2/2)">
                  <conditions>
                    <condition number="605" type="jump" coverage="100%" />
                  </conditions>
                </line>
                <line number="322" hits="4" branch="False" />
                <line number="323" hits="14" branch="False" />
                <line number="324" hits="4" branch="False" />
                <line number="325" hits="4" branch="False" />
                <line number="326" hits="4" branch="False" />
                <line number="327" hits="4" branch="False" />
                <line number="328" hits="4" branch="False" />
                <line number="329" hits="4" branch="False" />
                <line number="330" hits="4" branch="False" />
                <line number="331" hits="1" branch="False" />
              </lines>
            </method>
            <method name="GetProjectsByOrder_ExceptionProject_ExceptionExpectedBack" signature="()" line-rate="1" branch-rate="0.5" complexity="2">
              <lines>
                <line number="335" hits="1" branch="False" />
                <line number="336" hits="1" branch="False" />
                <line number="338" hits="1" branch="False" />
                <line number="339" hits="1" branch="False" />
                <line number="341" hits="1" branch="False" />
                <line number="342" hits="1" branch="False" />
                <line number="343" hits="1" branch="False" />
                <line number="345" hits="1" branch="False" />
                <line number="346" hits="1" branch="True" condition-coverage="50% (1/2)">
                  <conditions>
                    <condition number="290" type="jump" coverage="50%" />
                  </conditions>
                </line>
                <line number="347" hits="1" branch="False" />
                <line number="348" hits="1" branch="False" />
                <line number="349" hits="1" branch="False" />
                <line number="350" hits="1" branch="False" />
              </lines>
            </method>
            <method name="GetAllProjects_ExceptionProject_ExceptionExpectedBack" signature="()" line-rate="1" branch-rate="0.5" complexity="2">
              <lines>
                <line number="354" hits="1" branch="False" />
                <line number="355" hits="1" branch="False" />
                <line number="357" hits="1" branch="False" />
                <line number="358" hits="1" branch="False" />
                <line number="360" hits="1" branch="False" />
                <line number="361" hits="1" branch="False" />
                <line number="362" hits="1" branch="False" />
                <line number="364" hits="1" branch="False" />
                <line number="365" hits="1" branch="True" condition-coverage="50% (1/2)">
                  <conditions>
                    <condition number="286" type="jump" coverage="50%" />
                  </conditions>
                </line>
                <line number="366" hits="1" branch="False" />
                <line number="367" hits="1" branch="False" />
                <line number="368" hits="1" branch="False" />
                <line number="369" hits="1" branch="False" />
              </lines>
            </method>
            <method name="InsertNewProject_NewProject_NewCreatedProjectBack" signature="()" line-rate="1" branch-rate="0.75" complexity="4">
              <lines>
                <line number="373" hits="1" branch="False" />
                <line number="374" hits="1" branch="False" />
                <line number="375" hits="1" branch="False" />
                <line number="376" hits="1" branch="False" />
                <line number="377" hits="1" branch="False" />
                <line number="378" hits="1" branch="False" />
                <line number="380" hits="1" branch="False" />
                <line number="381" hits="1" branch="False" />
                <line number="382" hits="1" branch="False" />
                <line number="383" hits="5" branch="False" />
                <line number="384" hits="1" branch="False" />
                <line number="385" hits="1" branch="False" />
                <line number="386" hits="1" branch="False" />
                <line number="387" hits="2" branch="False" />
                <line number="389" hits="1" branch="False" />
                <line number="390" hits="1" branch="False" />
                <line number="392" hits="1" branch="False" />
                <line number="393" hits="1" branch="False" />
                <line number="394" hits="1" branch="False" />
                <line number="396" hits="1" branch="False" />
                <line number="397" hits="1" branch="True" condition-coverage="50% (1/2)">
                  <conditions>
                    <condition number="299" type="jump" coverage="50%" />
                  </conditions>
                </line>
                <line number="398" hits="1" branch="False" />
                <line number="399" hits="1" branch="False" />
                <line number="400" hits="1" branch="False" />
                <line number="402" hits="5" branch="True" condition-coverage="100% (2/2)">
                  <conditions>
                    <condition number="729" type="jump" coverage="100%" />
                  </conditions>
                </line>
                <line number="403" hits="1" branch="False" />
                <line number="404" hits="6" branch="False" />
                <line number="405" hits="1" branch="False" />
                <line number="406" hits="1" branch="False" />
                <line number="407" hits="1" branch="False" />
                <line number="408" hits="1" branch="False" />
                <line number="409" hits="1" branch="False" />
                <line number="410" hits="1" branch="False" />
                <line number="411" hits="1" branch="False" />
                <line number="412" hits="1" branch="False" />
                <line number="413" hits="1" branch="False" />
                <line number="414" hits="1" branch="False" />
                <line number="415" hits="1" branch="False" />
                <line number="416" hits="1" branch="False" />
                <line number="417" hits="1" branch="False" />
              </lines>
            </method>
            <method name="InsertNewProjectInvalidDeadline_NewProject_NewCreatedProjectWithDefaultDeadLineBack" signature="()" line-rate="1" branch-rate="0.75" complexity="4">
              <lines>
                <line number="421" hits="1" branch="False" />
                <line number="422" hits="1" branch="False" />
                <line number="423" hits="1" branch="False" />
                <line number="424" hits="1" branch="False" />
                <line number="425" hits="1" branch="False" />
                <line number="426" hits="1" branch="False" />
                <line number="428" hits="1" branch="False" />
                <line number="429" hits="1" branch="False" />
                <line number="430" hits="1" branch="False" />
                <line number="431" hits="5" branch="False" />
                <line number="432" hits="1" branch="False" />
                <line number="433" hits="1" branch="False" />
                <line number="434" hits="1" branch="False" />
                <line number="435" hits="2" branch="False" />
                <line number="437" hits="1" branch="False" />
                <line number="438" hits="1" branch="False" />
                <line number="440" hits="1" branch="False" />
                <line number="441" hits="1" branch="False" />
                <line number="442" hits="1" branch="False" />
                <line number="444" hits="1" branch="False" />
                <line number="445" hits="1" branch="True" condition-coverage="50% (1/2)">
                  <conditions>
                    <condition number="299" type="jump" coverage="50%" />
                  </conditions>
                </line>
                <line number="446" hits="1" branch="False" />
                <line number="447" hits="1" branch="False" />
                <line number="448" hits="1" branch="False" />
                <line number="450" hits="5" branch="True" condition-coverage="100% (2/2)">
                  <conditions>
                    <condition number="800" type="jump" coverage="100%" />
                  </conditions>
                </line>
                <line number="451" hits="1" branch="False" />
                <line number="452" hits="6" branch="False" />
                <line number="453" hits="1" branch="False" />
                <line number="454" hits="1" branch="False" />
                <line number="455" hits="1" branch="False" />
                <line number="456" hits="1" branch="False" />
                <line number="457" hits="1" branch="False" />
                <line number="458" hits="1" branch="False" />
                <line number="459" hits="1" branch="False" />
                <line number="460" hits="1" branch="False" />
                <line number="461" hits="1" branch="False" />
                <line number="462" hits="1" branch="False" />
                <line number="463" hits="1" branch="False" />
                <line number="464" hits="1" branch="False" />
                <line number="465" hits="1" branch="False" />
                <line number="466" hits="1" branch="False" />
              </lines>
            </method>
            <method name="InsertNewProjectDEfaultDateline_NewProject_NewCreatedProjectWithDefaultDeadLineBack" signature="()" line-rate="1" branch-rate="0.75" complexity="4">
              <lines>
                <line number="470" hits="1" branch="False" />
                <line number="471" hits="1" branch="False" />
                <line number="472" hits="1" branch="False" />
                <line number="473" hits="1" branch="False" />
                <line number="474" hits="1" branch="False" />
                <line number="475" hits="1" branch="False" />
                <line number="477" hits="1" branch="False" />
                <line number="478" hits="1" branch="False" />
                <line number="479" hits="1" branch="False" />
                <line number="480" hits="5" branch="False" />
                <line number="481" hits="1" branch="False" />
                <line number="482" hits="1" branch="False" />
                <line number="483" hits="1" branch="False" />
                <line number="484" hits="2" branch="False" />
                <line number="486" hits="1" branch="False" />
                <line number="487" hits="1" branch="False" />
                <line number="489" hits="1" branch="False" />
                <line number="490" hits="1" branch="False" />
                <line number="491" hits="1" branch="False" />
                <line number="493" hits="1" branch="False" />
                <line number="494" hits="1" branch="True" condition-coverage="50% (1/2)">
                  <conditions>
                    <condition number="286" type="jump" coverage="50%" />
                  </conditions>
                </line>
                <line number="495" hits="1" branch="False" />
                <line number="496" hits="1" branch="False" />
                <line number="497" hits="1" branch="False" />
                <line number="499" hits="5" branch="True" condition-coverage="100% (2/2)">
                  <conditions>
                    <condition number="787" type="jump" coverage="100%" />
                  </conditions>
                </line>
                <line number="500" hits="1" branch="False" />
                <line number="501" hits="6" branch="False" />
                <line number="502" hits="1" branch="False" />
                <line number="503" hits="1" branch="False" />
                <line number="504" hits="1" branch="False" />
                <line number="505" hits="1" branch="False" />
                <line number="506" hits="1" branch="False" />
                <line number="507" hits="1" branch="False" />
                <line number="508" hits="1" branch="False" />
                <line number="509" hits="1" branch="False" />
                <line number="510" hits="1" branch="False" />
                <line number="511" hits="1" branch="False" />
                <line number="512" hits="1" branch="False" />
                <line number="513" hits="1" branch="False" />
                <line number="514" hits="1" branch="False" />
                <line number="515" hits="1" branch="False" />
              </lines>
            </method>
            <method name="InsertNewProject_NewProject_ThrowNewExceptionProjectBack" signature="()" line-rate="1" branch-rate="0.5" complexity="2">
              <lines>
                <line number="519" hits="1" branch="False" />
                <line number="520" hits="1" branch="False" />
                <line number="521" hits="1" branch="False" />
                <line number="522" hits="1" branch="False" />
                <line number="523" hits="1" branch="False" />
                <line number="524" hits="1" branch="False" />
                <line number="526" hits="1" branch="False" />
                <line number="528" hits="1" branch="False" />
                <line number="529" hits="1" branch="False" />
                <line number="531" hits="1" branch="False" />
                <line number="532" hits="1" branch="False" />
                <line number="533" hits="1" branch="False" />
                <line number="535" hits="1" branch="False" />
                <line number="536" hits="1" branch="True" condition-coverage="50% (1/2)">
                  <conditions>
                    <condition number="261" type="jump" coverage="50%" />
                  </conditions>
                </line>
                <line number="537" hits="1" branch="False" />
                <line number="538" hits="1" branch="False" />
                <line number="539" hits="1" branch="False" />
                <line number="540" hits="1" branch="False" />
              </lines>
            </method>
            <method name="InsertNewProjectNoDeadLine_NewProject_NewCreatedProjectBack" signature="()" line-rate="1" branch-rate="0.75" complexity="4">
              <lines>
                <line number="544" hits="1" branch="False" />
                <line number="545" hits="1" branch="False" />
                <line number="546" hits="1" branch="False" />
                <line number="547" hits="1" branch="False" />
                <line number="548" hits="1" branch="False" />
                <line number="550" hits="1" branch="False" />
                <line number="551" hits="1" branch="False" />
                <line number="552" hits="1" branch="False" />
                <line number="553" hits="5" branch="False" />
                <line number="554" hits="1" branch="False" />
                <line number="555" hits="1" branch="False" />
                <line number="556" hits="1" branch="False" />
                <line number="557" hits="2" branch="False" />
                <line number="559" hits="1" branch="False" />
                <line number="560" hits="1" branch="False" />
                <line number="562" hits="1" branch="False" />
                <line number="563" hits="1" branch="False" />
                <line number="564" hits="1" branch="False" />
                <line number="566" hits="1" branch="False" />
                <line number="567" hits="1" branch="True" condition-coverage="50% (1/2)">
                  <conditions>
                    <condition number="264" type="jump" coverage="50%" />
                  </conditions>
                </line>
                <line number="568" hits="1" branch="False" />
                <line number="569" hits="1" branch="False" />
                <line number="570" hits="1" branch="False" />
                <line number="572" hits="5" branch="True" condition-coverage="100% (2/2)">
                  <conditions>
                    <condition number="695" type="jump" coverage="100%" />
                  </conditions>
                </line>
                <line number="573" hits="1" branch="False" />
                <line number="574" hits="6" branch="False" />
                <line number="575" hits="1" branch="False" />
                <line number="576" hits="1" branch="False" />
                <line number="577" hits="1" branch="False" />
                <line number="578" hits="1" branch="False" />
                <line number="579" hits="1" branch="False" />
                <line number="580" hits="1" branch="False" />
                <line number="581" hits="1" branch="False" />
                <line number="582" hits="1" branch="False" />
                <line number="583" hits="1" branch="False" />
                <line number="584" hits="1" branch="False" />
                <line number="585" hits="1" branch="False" />
                <line number="586" hits="1" branch="False" />
                <line number="587" hits="1" branch="False" />
              </lines>
            </method>
            <method name="ErrorOnInsertNewProject_NewProject_ErrorBack" signature="()" line-rate="1" branch-rate="0.5" complexity="2">
              <lines>
                <line number="591" hits="1" branch="False" />
                <line number="592" hits="1" branch="False" />
                <line number="593" hits="1" branch="False" />
                <line number="594" hits="1" branch="False" />
                <line number="595" hits="1" branch="False" />
                <line number="596" hits="1" branch="False" />
                <line number="598" hits="1" branch="False" />
                <line number="599" hits="1" branch="False" />
                <line number="601" hits="1" branch="False" />
                <line number="602" hits="1" branch="False" />
                <line number="603" hits="1" branch="False" />
                <line number="605" hits="1" branch="False" />
                <line number="606" hits="1" branch="True" condition-coverage="50% (1/2)">
                  <conditions>
                    <condition number="139" type="jump" coverage="50%" />
                  </conditions>
                </line>
                <line number="607" hits="1" branch="False" />
                <line number="608" hits="1" branch="False" />
                <line number="609" hits="1" branch="False" />
                <line number="610" hits="1" branch="False" />
                <line number="611" hits="1" branch="False" />
              </lines>
            </method>
            <method name="ErrorOnInsertNewProject_NewProject_ErrorNullRequestBack" signature="()" line-rate="1" branch-rate="0.5" complexity="2">
              <lines>
                <line number="615" hits="1" branch="False" />
                <line number="616" hits="1" branch="False" />
                <line number="617" hits="1" branch="False" />
                <line number="619" hits="1" branch="False" />
                <line number="620" hits="1" branch="False" />
                <line number="621" hits="1" branch="False" />
                <line number="623" hits="1" branch="False" />
                <line number="624" hits="1" branch="True" condition-coverage="50% (1/2)">
                  <conditions>
                    <condition number="86" type="jump" coverage="50%" />
                  </conditions>
                </line>
                <line number="625" hits="1" branch="False" />
                <line number="626" hits="1" branch="False" />
                <line number="627" hits="1" branch="False" />
                <line number="628" hits="1" branch="False" />
                <line number="629" hits="1" branch="False" />
              </lines>
            </method>
            <method name="UpdateProject_UpdateProject_UpdateProjectBack" signature="()" line-rate="1" branch-rate="0.75" complexity="4">
              <lines>
                <line number="634" hits="1" branch="False" />
                <line number="635" hits="1" branch="False" />
                <line number="636" hits="1" branch="False" />
                <line number="637" hits="1" branch="False" />
                <line number="638" hits="1" branch="False" />
                <line number="639" hits="1" branch="False" />
                <line number="640" hits="1" branch="False" />
                <line number="641" hits="1" branch="False" />
                <line number="642" hits="1" branch="False" />
                <line number="644" hits="1" branch="False" />
                <line number="645" hits="1" branch="False" />
                <line number="646" hits="4" branch="False" />
                <line number="647" hits="2" branch="False" />
                <line number="649" hits="1" branch="False" />
                <line number="650" hits="1" branch="False" />
                <line number="651" hits="1" branch="False" />
                <line number="652" hits="1" branch="False" />
                <line number="653" hits="1" branch="False" />
                <line number="654" hits="4" branch="False" />
                <line number="655" hits="1" branch="False" />
                <line number="656" hits="1" branch="False" />
                <line number="657" hits="1" branch="False" />
                <line number="658" hits="1" branch="False" />
                <line number="659" hits="1" branch="False" />
                <line number="660" hits="1" branch="False" />
                <line number="661" hits="1" branch="False" />
                <line number="662" hits="1" branch="False" />
                <line number="663" hits="1" branch="False" />
                <line number="664" hits="2" branch="False" />
                <line number="666" hits="1" branch="False" />
                <line number="667" hits="1" branch="False" />
                <line number="669" hits="1" branch="False" />
                <line number="670" hits="1" branch="False" />
                <line number="671" hits="1" branch="False" />
                <line number="673" hits="1" branch="False" />
                <line number="674" hits="1" branch="True" condition-coverage="50% (1/2)">
                  <conditions>
                    <condition number="450" type="jump" coverage="50%" />
                  </conditions>
                </line>
                <line number="675" hits="1" branch="False" />
                <line number="676" hits="1" branch="False" />
                <line number="677" hits="1" branch="False" />
                <line number="679" hits="5" branch="True" condition-coverage="100% (2/2)">
                  <conditions>
                    <condition number="765" type="jump" coverage="100%" />
                  </conditions>
                </line>
                <line number="680" hits="1" branch="False" />
                <line number="681" hits="4" branch="False" />
                <line number="682" hits="1" branch="False" />
                <line number="683" hits="1" branch="False" />
                <line number="684" hits="1" branch="False" />
                <line number="685" hits="1" branch="False" />
                <line number="686" hits="1" branch="False" />
                <line number="687" hits="1" branch="False" />
                <line number="688" hits="1" branch="False" />
                <line number="689" hits="1" branch="False" />
              </lines>
            </method>
            <method name="NullDeadLineUpdateProject_UpdateProject_UpdateProjectBack" signature="()" line-rate="1" branch-rate="0.75" complexity="4">
              <lines>
                <line number="693" hits="1" branch="False" />
                <line number="694" hits="1" branch="False" />
                <line number="695" hits="1" branch="False" />
                <line number="696" hits="1" branch="False" />
[...]
              <conditions>
                <condition number="48" type="jump" coverage="50%" />
              </conditions>
            </line>
            <line number="33" hits="34" branch="False" />
            <line number="34" hits="34" branch="False" />
            <line number="35" hits="34" branch="False" />
            <line number="36" hits="34" branch="False" />
            <line number="37" hits="34" branch="False" />
            <line number="40" hits="10" branch="False" />
            <line number="41" hits="10" branch="False" />
            <line number="42" hits="10" branch="False" />
          </lines>
        </class>
      </classes>
    </package>
    <package name="TaskManager.Contracts" line-rate="1" branch-rate="1" complexity="18">
      <classes>
        <class name="TaskManager.Contracts.Project" filename="source\repos\TaskManagerFinal\task-manager-1123\server\API\TaskManager.Contracts\Project.cs" line-rate="1" branch-rate="1" complexity="7">
          <methods>
            <method name="get_Id" signature="()" line-rate="1" branch-rate="1" complexity="1">
              <lines>
                <line number="12" hits="190" branch="False" />
              </lines>
            </method>
            <method name="get_Name" signature="()" line-rate="1" branch-rate="1" complexity="1">
              <lines>
                <line number="13" hits="154" branch="False" />
              </lines>
            </method>
            <method name="get_DeveloperId" signature="()" line-rate="1" branch-rate="1" complexity="1">
              <lines>
                <line number="14" hits="94" branch="False" />
              </lines>
            </method>
            <method name="get_DeadLine" signature="()" line-rate="1" branch-rate="1" complexity="1">
              <lines>
                <line number="15" hits="111" branch="False" />
              </lines>
            </method>
            <method name="get_TimeSpend" signature="()" line-rate="1" branch-rate="1" complexity="1">
              <lines>
                <line number="16" hits="97" branch="False" />
              </lines>
            </method>
            <method name="get_ProjectIsCompleted" signature="()" line-rate="1" branch-rate="1" complexity="1">
              <lines>
                <line number="17" hits="91" branch="False" />
              </lines>
            </method>
            <method name=".ctor" signature="()" line-rate="1" branch-rate="1" complexity="1">
              <lines>
                <line number="8" hits="46" branch="False" />
                <line number="9" hits="46" branch="False" />
                <line number="10" hits="46" branch="False" />
                <line number="11" hits="46" branch="False" />
              </lines>
            </method>
          </methods>
          <lines>
            <line number="12" hits="190" branch="False" />
            <line number="13" hits="154" branch="False" />
            <line number="14" hits="94" branch="False" />
            <line number="15" hits="111" branch="False" />
            <line number="16" hits="97" branch="False" />
            <line number="17" hits="91" branch="False" />
            <line number="8" hits="46" branch="False" />
            <line number="9" hits="46" branch="False" />
            <line number="10" hits="46" branch="False" />
            <line number="11" hits="46" branch="False" />
          </lines>
        </class>
        <class name="TaskManager.Contracts.Responses.PaginationProjectResponse" filename="source\repos\TaskManagerFinal\task-manager-1123\server\API\TaskManager.Contracts\Responses\PaginationProjectResponse.cs" line-rate="1" branch-rate="1" complexity="1">
          <methods>
            <method name="get_HaveMoreProjects" signature="()" line-rate="1" branch-rate="1" complexity="1">
              <lines>
                <line number="11" hits="13" branch="False" />
              </lines>
            </method>
          </methods>
          <lines>
            <line number="11" hits="13" branch="False" />
          </lines>
        </class>
        <class name="TaskManager.Contracts.Responses.ProjectResponse" filename="source\repos\TaskManagerFinal\task-manager-1123\server\API\TaskManager.Contracts\Responses\ProjectResponse.cs" line-rate="1" branch-rate="1" complexity="4">
          <methods>
            <method name="get_Projects" signature="()" line-rate="1" branch-rate="1" complexity="1">
              <lines>
                <line number="12" hits="138" branch="False" />
              </lines>
            </method>
            <method name="get_IsSucess" signature="()" line-rate="1" branch-rate="1" complexity="1">
              <lines>
                <line number="13" hits="127" branch="False" />
              </lines>
            </method>
            <method name="get_Error" signature="()" line-rate="1" branch-rate="1" complexity="1">
              <lines>
                <line number="14" hits="149" branch="False" />
              </lines>
            </method>
            <method name=".ctor" signature="()" line-rate="1" branch-rate="1" complexity="1">
              <lines>
                <line number="6" hits="40" branch="False" />
                <line number="7" hits="40" branch="False" />
                <line number="8" hits="40" branch="False" />
                <line number="9" hits="40" branch="False" />
                <line number="10" hits="40" branch="False" />
                <line number="11" hits="40" branch="False" />
              </lines>
            </method>
          </methods>
          <lines>
            <line number="12" hits="138" branch="False" />
            <line number="13" hits="127" branch="False" />
            <line number="14" hits="149" branch="False" />
            <line number="6" hits="40" branch="False" />
            <line number="7" hits="40" branch="False" />
            <line number="8" hits="40" branch="False" />
            <line number="9" hits="40" branch="False" />
            <line number="10" hits="40" branch="False" />
            <line number="11" hits="40" branch="False" />
          </lines>
        </class>
        <class name="TaskManager.Contracts.Responses.Error" filename="source\repos\TaskManagerFinal\task-manager-1123\server\API\TaskManager.Contracts\Responses\ProjectResponse.cs" line-rate="1" branch-rate="1" complexity="2">
          <methods>
            <method name="get_Message" signature="()" line-rate="1" branch-rate="1" complexity="1">
              <lines>
                <line number="23" hits="56" branch="False" />
              </lines>
            </method>
            <method name=".ctor" signature="()" line-rate="1" branch-rate="1" complexity="1">
              <lines>
                <line number="19" hits="14" branch="False" />
                <line number="20" hits="14" branch="False" />
                <line number="21" hits="14" branch="False" />
                <line number="22" hits="14" branch="False" />
              </lines>
            </method>
          </methods>
          <lines>
            <line number="23" hits="56" branch="False" />
            <line number="19" hits="14" branch="False" />
            <line number="20" hits="14" branch="False" />
            <line number="21" hits="14" branch="False" />
            <line number="22" hits="14" branch="False" />
          </lines>
        </class>
        <class name="TaskManager.Contracts.Requests.ProjectRequest" filename="source\repos\TaskManagerFinal\task-manager-1123\server\API\TaskManager.Contracts\Requests\ProjectRequest.cs" line-rate="1" branch-rate="1" complexity="4">
          <methods>
            <method name="get_Name" signature="()" line-rate="1" branch-rate="1" complexity="1">
              <lines>
                <line number="10" hits="27" branch="False" />
              </lines>
            </method>
            <method name="get_DeveloperId" signature="()" line-rate="1" branch-rate="1" complexity="1">
              <lines>
                <line number="11" hits="6" branch="False" />
              </lines>
            </method>
            <method name="get_DeadLine" signature="()" line-rate="1" branch-rate="1" complexity="1">
              <lines>
                <line number="12" hits="32" branch="False" />
              </lines>
            </method>
            <method name=".ctor" signature="()" line-rate="1" branch-rate="1" complexity="1">
              <lines>
                <line number="6" hits="6" branch="False" />
                <line number="7" hits="6" branch="False" />
                <line number="8" hits="6" branch="False" />
                <line number="9" hits="6" branch="False" />
              </lines>
            </method>
          </methods>
          <lines>
            <line number="10" hits="27" branch="False" />
            <line number="11" hits="6" branch="False" />
            <line number="12" hits="32" branch="False" />
            <line number="6" hits="6" branch="False" />
            <line number="7" hits="6" branch="False" />
            <line number="8" hits="6" branch="False" />
            <line number="9" hits="6" branch="False" />
          </lines>
        </class>
      </classes>
    </package>
    <package name="TaskManager.DAL" line-rate="0.875" branch-rate="1" complexity="21">
      <classes>
        <class name="TaskManager.ApiContext" filename="source\repos\TaskManagerFinal\task-manager-1123\server\API\TaskManager\ApiContext.cs" line-rate="1" branch-rate="1" complexity="12">
          <methods>
            <method name="get_Projects" signature="()" line-rate="1" branch-rate="1" complexity="1">
              <lines>
                <line number="24" hits="76" branch="False" />
              </lines>
            </method>
            <method name="GetProjects" signature="()" line-rate="1" branch-rate="1" complexity="1">
              <lines>
                <line number="27" hits="1" branch="False" />
                <line number="28" hits="1" branch="False" />
                <line number="29" hits="1" branch="False" />
              </lines>
            </method>
            <method name="GetProjects" signature="(System.Int32,System.Int32,System.Nullable`1&lt;System.Boolean&gt;,System.Boolean&amp;)" line-rate="1" branch-rate="1" complexity="6">
              <lines>
                <line number="32" hits="6" branch="False" />
                <line number="33" hits="6" branch="True" condition-coverage="100% (2/2)">
                  <conditions>
                    <condition number="17" type="jump" coverage="100%" />
                  </conditions>
                </line>
                <line number="34" hits="1" branch="False" />
                <line number="35" hits="1" branch="False" />
                <line number="36" hits="1" branch="False" />
                <line number="39" hits="5" branch="False" />
                <line number="40" hits="5" branch="False" />
                <line number="41" hits="5" branch="True" condition-coverage="100% (2/2)">
                  <conditions>
                    <condition number="67" type="jump" coverage="100%" />
                  </conditions>
                </line>
                <line number="42" hits="2" branch="False" />
                <line number="43" hits="2" branch="True" condition-coverage="100% (2/2)">
                  <conditions>
                    <condition number="84" type="jump" coverage="100%" />
                  </conditions>
                </line>
                <line number="44" hits="1" branch="False" />
                <line number="45" hits="1" branch="False" />
                <line number="48" hits="1" branch="False" />
                <line number="49" hits="1" branch="False" />
                <line number="53" hits="3" branch="False" />
                <line number="54" hits="6" branch="False" />
              </lines>
            </method>
            <method name="GetProjectById" signature="(System.Int64)" line-rate="1" branch-rate="1" complexity="1">
              <lines>
                <line number="57" hits="2" branch="False" />
                <line number="58" hits="2" branch="False" />
                <line number="59" hits="2" branch="False" />
              </lines>
            </method>
            <method name="InsertProject" signature="(TaskManager.Entities.Project)" line-rate="1" branch-rate="1" complexity="1">
              <lines>
                <line number="62" hits="1" branch="False" />
                <line number="63" hits="1" branch="False" />
                <line number="64" hits="1" branch="False" />
                <line number="65" hits="1" branch="False" />
                <line number="66" hits="1" branch="False" />
              </lines>
            </method>
            <method name="UpdateProject" signature="(TaskManager.Entities.Project)" line-rate="1" branch-rate="1" complexity="1">
              <lines>
                <line number="69" hits="1" branch="False" />
                <line number="70" hits="1" branch="False" />
                <line number="71" hits="1" branch="False" />
                <line number="72" hits="1" branch="False" />
                <line number="73" hits="1" branch="False" />
              </lines>
            </method>
            <method name=".ctor" signature="(Microsoft.EntityFrameworkCore.DbContextOptions`1&lt;TaskManager.ApiContext&gt;)" line-rate="1" branch-rate="1" complexity="1">
              <lines>
                <line number="19" hits="11" branch="False" />
                <line number="20" hits="11" branch="False" />
                <line number="22" hits="11" branch="False" />
              </lines>
            </method>
          </methods>
          <lines>
            <line number="24" hits="76" branch="False" />
            <line number="27" hits="1" branch="False" />
            <line number="28" hits="1" branch="False" />
            <line number="29" hits="1" branch="False" />
            <line number="32" hits="6" branch="False" />
            <line number="33" hits="6" branch="True" condition-coverage="100% (2/2)">
              <conditions>
                <condition number="17" type="jump" coverage="100%" />
              </conditions>
            </line>
            <line number="34" hits="1" branch="False" />
            <line number="35" hits="1" branch="False" />
            <line number="36" hits="1" branch="False" />
            <line number="39" hits="5" branch="False" />
            <line number="40" hits="5" branch="False" />
            <line number="41" hits="5" branch="True" condition-coverage="100% (2/2)">
              <conditions>
                <condition number="67" type="jump" coverage="100%" />
              </conditions>
            </line>
            <line number="42" hits="2" branch="False" />
            <line number="43" hits="2" branch="True" condition-coverage="100% (2/2)">
              <conditions>
                <condition number="84" type="jump" coverage="100%" />
              </conditions>
            </line>
            <line number="44" hits="1" branch="False" />
            <line number="45" hits="1" branch="False" />
            <line number="48" hits="1" branch="False" />
            <line number="49" hits="1" branch="False" />
            <line number="53" hits="3" branch="False" />
            <line number="54" hits="6" branch="False" />
            <line number="57" hits="2" branch="False" />
            <line number="58" hits="2" branch="False" />
            <line number="59" hits="2" branch="False" />
            <line number="62" hits="1" branch="False" />
            <line number="63" hits="1" branch="False" />
            <line number="64" hits="1" branch="False" />
            <line number="65" hits="1" branch="False" />
            <line number="66" hits="1" branch="False" />
            <line number="69" hits="1" branch="False" />
            <line number="70" hits="1" branch="False" />
            <line number="71" hits="1" branch="False" />
            <line number="72" hits="1" branch="False" />
            <line number="73" hits="1" branch="False" />
            <line number="19" hits="11" branch="False" />
            <line number="20" hits="11" branch="False" />
            <line number="22" hits="11" branch="False" />
          </lines>
        </class>
        <class name="TaskManager.Entities.Project" filename="source\repos\TaskManagerFinal\task-manager-1123\server\API\TaskManager\Entities\Project.cs" line-rate="1" branch-rate="1" complexity="6">
          <methods>
            <method name="get_Id" signature="()" line-rate="1" branch-rate="1" complexity="1">
              <lines>
                <line number="8" hits="458" branch="False" />
              </lines>
            </method>
            <method name="get_Name" signature="()" line-rate="1" branch-rate="1" complexity="1">
              <lines>
                <line number="9" hits="269" branch="False" />
              </lines>
            </method>
            <method name="get_DeveloperId" signature="()" line-rate="1" branch-rate="1" complexity="1">
              <lines>
                <line number="10" hits="44" branch="False" />
              </lines>
            </method>
            <method name="get_DeadLine" signature="()" line-rate="1" branch-rate="1" complexity="1">
              <lines>
                <line number="11" hits="312" branch="False" />
              </lines>
            </method>
            <method name="get_TimeSpend" signature="()" line-rate="1" branch-rate="1" complexity="1">
              <lines>
                <line number="12" hits="276" branch="False" />
              </lines>
            </method>
            <method name="get_ProjectIsCompleted" signature="()" line-rate="1" branch-rate="1" complexity="1">
              <lines>
                <line number="16" hits="268" branch="False" />
              </lines>
            </method>
          </methods>
          <lines>
            <line number="8" hits="458" branch="False" />
            <line number="9" hits="269" branch="False" />
            <line number="10" hits="44" branch="False" />
            <line number="11" hits="312" branch="False" />
            <line number="12" hits="276" branch="False" />
            <line number="16" hits="268" branch="False" />
          </lines>
        </class>
        <class name="TaskManager.Entities.Developer" filename="source\repos\TaskManagerFinal\task-manager-1123\server\API\TaskManager\Entities\Project.cs" line-rate="0" branch-rate="1" complexity="3">
          <methods>
            <method name="get_Id" signature="()" line-rate="0" branch-rate="1" complexity="1">
              <lines>
                <line number="25" hits="0" branch="False" />
              </lines>
            </method>
            <method name="get_Name" signature="()" line-rate="0" branch-rate="1" complexity="1">
              <lines>
                <line number="26" hits="0" branch="False" />
              </lines>
            </method>
            <method name=".ctor" signature="()" line-rate="0" branch-rate="1" complexity="1">
              <lines>
                <line number="21" hits="0" branch="False" />
                <line number="22" hits="0" branch="False" />
                <line number="23" hits="0" branch="False" />
                <line number="24" hits="0" branch="False" />
              </lines>
            </method>
          </methods>
          <lines>
            <line number="25" hits="0" branch="False" />
            <line number="26" hits="0" branch="False" />
            <line number="21" hits="0" branch="False" />
            <line number="22" hits="0" branch="False" />
            <line number="23" hits="0" branch="False" />
            <line number="24" hits="0" branch="False" />
          </lines>
        </class>
      </classes>
    </package>
  </packages>
</coverage>